[2026-01-29 19:43:12] >>> WINDOW: RESET (phase 0/13)
[2026-01-29 19:43:52] >>> WINDOW: RESET (phase 0/13)
[2026-01-29 19:43:56] Gate OPEN (phase 1/13)
[2026-01-29 19:44:00] Gate CLOSED (phase 1/13)
[2026-01-29 19:46:04] >>> WINDOW: RESET (phase 0/13)
[2026-01-29 19:46:08] Gate OPEN (phase 1/13)
[2026-01-29 19:46:12] Gate CLOSED (phase 1/13)
[2026-01-29 19:46:16] Gate OPEN (phase 2/13)
[2026-01-29 19:46:20] Gate CLOSED (phase 2/13)
[2026-01-29 19:46:24] Gate OPEN (phase 3/13)
[2026-01-29 19:46:29] Gate CLOSED (phase 3/13)
[2026-01-29 19:46:33] Gate OPEN (phase 4/13)
[2026-01-29 19:46:37] Gate CLOSED (phase 4/13)
[2026-01-29 19:46:41] >>> WINDOW: REDOX_DEEP (phase 5/13)
[2026-01-29 19:49:22] >>> WINDOW: RESET (phase 0/13)
[2026-01-29 19:49:26] Gate OPEN (phase 1/13)
[2026-01-29 19:49:30] Gate CLOSED (phase 1/13)
[2026-01-29 19:49:34] Gate OPEN (phase 2/13)
[2026-01-29 19:49:39] Gate CLOSED (phase 2/13)
[2026-01-29 19:49:43] Gate OPEN (phase 3/13)
[2026-01-29 19:51:00] >>> WINDOW: RESET (phase 0/13)
[2026-01-29 19:51:04] Gate OPEN (phase 1/13)
[2026-01-29 19:51:08] Gate CLOSED (phase 1/13)
[2026-01-29 19:51:13] Gate OPEN (phase 2/13)
[2026-01-29 19:51:17] Gate CLOSED (phase 2/13)
[2026-01-29 19:51:21] Gate OPEN (phase 3/13)
[2026-01-29 19:51:25] Gate CLOSED (phase 3/13)
[2026-01-29 19:51:29] Gate OPEN (phase 4/13)
[2026-01-29 19:51:34] Gate CLOSED (phase 4/13)
[2026-01-29 19:51:38] >>> WINDOW: REDOX_DEEP (phase 5/13)
[2026-01-29 19:51:42] >>> WINDOW: REDOX_DEEP (phase 5/13)
[2026-01-29 19:51:46] Gate OPEN (phase 6/13)
[2026-01-29 19:51:50] Gate CLOSED (phase 6/13)
[2026-01-29 19:51:54] >>> WINDOW: HARMONY (phase 7/13)
[2026-01-29 19:51:59] >>> WINDOW: HARMONY (phase 7/13)
[2026-01-29 19:52:03] Gate OPEN (phase 8/13)
[2026-01-29 19:52:07] Gate CLOSED (phase 8/13)
[2026-01-29 19:52:11] Gate OPEN (phase 9/13)
[2026-01-29 19:52:15] Gate CLOSED (phase 9/13)
[2026-01-29 19:52:19] Gate OPEN (phase 10/13)
[2026-01-29 19:52:24] Gate CLOSED (phase 10/13)
[2026-01-29 19:52:28] Gate OPEN (phase 11/13)
[2026-01-29 19:52:32] Gate CLOSED (phase 11/13)
[2026-01-29 19:52:36] >>> WINDOW: HARVEST (phase 12/13)
[2026-01-29 19:52:40] >>> WINDOW: HARVEST (phase 12/13)
[2026-01-29 19:52:44] >>> WINDOW: RESET (phase 0/13)
[2026-01-29 19:52:49] >>> WINDOW: RESET (phase 0/13)
[2026-01-29 19:52:53] Gate OPEN (phase 1/13)
[2026-01-29 19:52:57] Gate CLOSED (phase 1/13)
[2026-01-29 19:53:01] Gate OPEN (phase 2/13)
[2026-01-29 19:53:05] Gate CLOSED (phase 2/13)
[2026-01-29 19:53:09] Gate OPEN (phase 3/13)
[2026-01-29 19:53:14] Gate CLOSED (phase 3/13)
[2026-01-29 19:53:18] Gate OPEN (phase 4/13)
[2026-01-29 19:53:22] Gate CLOSED (phase 4/13)
[2026-01-29 19:53:26] >>> WINDOW: REDOX_DEEP (phase 5/13)
[2026-01-29 19:53:30] >>> WINDOW: REDOX_DEEP (phase 5/13)
[2026-01-29 19:53:34] Gate OPEN (phase 6/13)
[2026-01-29 19:53:38] Gate CLOSED (phase 6/13)
[2026-01-29 19:53:43] >>> WINDOW: HARMONY (phase 7/13)
[2026-01-29 19:53:47] >>> WINDOW: HARMONY (phase 7/13)
[2026-01-29 19:53:51] Gate OPEN (phase 8/13)
[2026-01-29 19:53:55] Gate CLOSED (phase 8/13)
[2026-01-29 19:53:59] Gate OPEN (phase 9/13)
[2026-01-29 19:54:03] Gate CLOSED (phase 9/13)
[2026-01-29 19:54:08] Gate OPEN (phase 10/13)
[2026-01-29 19:54:12] Gate CLOSED (phase 10/13)
[2026-01-29 19:54:16] Gate OPEN (phase 11/13)
[2026-01-29 19:54:20] Gate CLOSED (phase 11/13)
[2026-01-29 19:54:24] >>> WINDOW: HARVEST (phase 12/13)
[2026-01-29 19:54:29] >>> WINDOW: HARVEST (phase 12/13)
[2026-01-29 19:54:33] >>> WINDOW: RESET (phase 0/13)
[2026-01-29 19:54:37] >>> WINDOW: RESET (phase 0/13)
[2026-01-29 19:54:41] Gate OPEN (phase 1/13)
[2026-01-29 19:54:45] Gate CLOSED (phase 1/13)
[2026-01-29 19:54:49] Gate OPEN (phase 2/13)
[2026-01-29 19:54:54] Gate CLOSED (phase 2/13)
[2026-01-29 19:54:58] Gate OPEN (phase 3/13)
[2026-01-29 19:55:02] Gate CLOSED (phase 3/13)
[2026-01-29 19:55:06] Gate OPEN (phase 4/13)
[2026-01-29 19:55:10] Gate CLOSED (phase 4/13)
[2026-01-29 19:55:15] >>> WINDOW: REDOX_DEEP (phase 5/13)
[2026-01-29 19:55:19] >>> WINDOW: REDOX_DEEP (phase 5/13)
[2026-01-29 19:55:23] Gate OPEN (phase 6/13)
[2026-01-29 19:55:27] Gate CLOSED (phase 6/13)
[2026-01-29 19:55:31] >>> WINDOW: HARMONY (phase 7/13)
[2026-01-29 19:55:35] >>> WINDOW: HARMONY (phase 7/13)
[2026-01-29 19:55:40] Gate OPEN (phase 8/13)
[2026-01-29 19:55:44] Gate CLOSED (phase 8/13)
[2026-01-29 19:55:48] Gate OPEN (phase 9/13)
[2026-01-29 19:55:52] Gate CLOSED (phase 9/13)
[2026-01-29 19:55:56] Gate OPEN (phase 10/13)
[2026-01-29 19:56:01] Gate CLOSED (phase 10/13)
[2026-01-29 19:56:05] Gate OPEN (phase 11/13)
[2026-01-29 19:56:09] Gate CLOSED (phase 11/13)
[2026-01-29 19:56:13] >>> WINDOW: HARVEST (phase 12/13)
[2026-01-29 19:56:17] >>> WINDOW: HARVEST (phase 12/13)
[2026-01-29 19:56:22] >>> WINDOW: RESET (phase 0/13)
[2026-01-29 19:56:26] >>> WINDOW: RESET (phase 0/13)
[2026-01-29 19:56:30] Gate OPEN (phase 1/13)
[2026-01-29 19:56:34] Gate CLOSED (phase 1/13)
[2026-01-29 19:56:38] Gate OPEN (phase 2/13)
[2026-01-29 19:56:42] Gate CLOSED (phase 2/13)
[2026-01-29 19:56:47] Gate OPEN (phase 3/13)
[2026-01-29 19:56:51] Gate CLOSED (phase 3/13)
[2026-01-29 19:56:55] Gate OPEN (phase 4/13)
[2026-01-29 19:56:59] Gate CLOSED (phase 4/13)
[2026-01-29 19:57:03] >>> WINDOW: REDOX_DEEP (phase 5/13)
[2026-01-29 19:57:07] >>> WINDOW: REDOX_DEEP (phase 5/13)
[2026-01-29 19:57:12] Gate OPEN (phase 6/13)
[2026-01-29 19:57:16] Gate CLOSED (phase 6/13)
[2026-01-29 19:57:20] >>> WINDOW: HARMONY (phase 7/13)
[2026-01-29 19:57:24] >>> WINDOW: HARMONY (phase 7/13)
[2026-01-29 19:57:28] Gate OPEN (phase 8/13)
[2026-01-29 19:57:33] Gate CLOSED (phase 8/13)
[2026-01-29 19:57:37] Gate OPEN (phase 9/13)
[2026-01-29 19:57:41] Gate CLOSED (phase 9/13)
[2026-01-29 19:57:45] Gate OPEN (phase 10/13)
[2026-01-29 19:57:49] Gate CLOSED (phase 10/13)
[2026-01-29 19:57:53] Gate OPEN (phase 11/13)
[2026-01-29 19:57:58] Gate CLOSED (phase 11/13)
[2026-01-29 19:58:02] >>> WINDOW: HARVEST (phase 12/13)
[2026-01-29 19:58:06] >>> WINDOW: HARVEST (phase 12/13)
[2026-01-29 19:58:10] >>> WINDOW: RESET (phase 0/13)
[2026-01-29 19:58:14] >>> WINDOW: RESET (phase 0/13)
[2026-01-29 19:58:19] Gate OPEN (phase 1/13)
[2026-01-29 19:58:23] Gate CLOSED (phase 1/13)
[2026-01-29 19:58:27] Gate OPEN (phase 2/13)
[2026-01-29 19:58:31] Gate CLOSED (phase 2/13)
[2026-01-29 19:58:35] Gate OPEN (phase 3/13)
[2026-01-29 19:58:40] Gate CLOSED (phase 3/13)
[2026-01-29 19:58:44] Gate OPEN (phase 4/13)
[2026-01-29 19:58:48] Gate CLOSED (phase 4/13)
[2026-01-29 19:58:52] >>> WINDOW: REDOX_DEEP (phase 5/13)
[2026-01-29 19:58:56] >>> WINDOW: REDOX_DEEP (phase 5/13)
[2026-01-29 19:59:00] Gate OPEN (phase 6/13)
[2026-01-31 22:22:00] >>> WINDOW: RESET (phase 0/13)
[2026-01-31 22:22:04] Gate OPEN (phase 1/13)
[2026-01-31 22:22:08] Gate CLOSED (phase 1/13)
[2026-01-31 22:22:12] Gate OPEN (phase 2/13)
[2026-01-31 22:22:16] Gate CLOSED (phase 2/13)
[2026-01-31 22:22:20] Gate OPEN (phase 3/13)
[2026-01-31 22:22:25] Gate CLOSED (phase 3/13)
[2026-01-31 22:22:29] Gate OPEN (phase 4/13)
[2026-01-31 22:22:33] Gate CLOSED (phase 4/13)
[2026-01-31 22:22:37] >>> WINDOW: REDOX_DEEP (phase 5/13)
[2026-01-31 22:22:41] >>> WINDOW: REDOX_DEEP (phase 5/13)
[2026-04-21 19:29:45] >>> WINDOW: RESET (phase 0/13)
[2026-04-21 19:29:50] Gate OPEN (phase 1/13)
[2026-04-21 19:29:54] Gate CLOSED (phase 1/13)
[2026-04-21 19:29:58] Gate OPEN (phase 2/13)
[2026-04-21 19:30:02] Gate CLOSED (phase 2/13)
[2026-04-21 19:30:06] Gate OPEN (phase 3/13)
[2026-04-21 19:30:11] Gate CLOSED (phase 3/13)
[2026-04-21 19:30:15] Gate OPEN (phase 4/13)
[2026-04-21 19:30:19] Gate CLOSED (phase 4/13)
[2026-04-21 19:30:23] >>> WINDOW: REDOX_DEEP (phase 5/13)
[2026-04-21 19:30:28] >>> WINDOW: REDOX_DEEP (phase 5/13)
[2026-04-21 19:30:32] Gate OPEN (phase 6/13)
[2026-04-21 19:30:36] Gate CLOSED (phase 6/13)
[2026-04-21 19:30:40] >>> WINDOW: HARMONY (phase 7/13)
[2026-04-21 19:30:45] >>> WINDOW: HARMONY (phase 7/13)
[2026-04-21 19:30:49] Gate OPEN (phase 8/13)
[2026-04-21 19:30:53] Gate CLOSED (phase 8/13)
[2026-04-21 19:30:57] Gate OPEN (phase 9/13)
[2026-04-21 19:31:02] Gate CLOSED (phase 9/13)
[2026-04-21 19:31:06] Gate OPEN (phase 10/13)
[2026-04-21 19:31:10] Gate CLOSED (phase 10/13)
[2026-04-21 19:31:14] Gate OPEN (phase 11/13)
[2026-04-21 19:31:19] Gate CLOSED (phase 11/13)
[2026-04-21 19:31:23] >>> WINDOW: HARVEST (phase 12/13)
[2026-04-21 19:31:27] >>> WINDOW: HARVEST (phase 12/13)
[2026-04-21 19:31:31] >>> WINDOW: RESET (phase 0/13)
[2026-04-21 19:31:36] >>> WINDOW: RESET (phase 0/13)
[2026-04-21 19:31:40] Gate OPEN (phase 1/13)
[2026-04-21 19:31:44] Gate CLOSED (phase 1/13)
[2026-04-21 19:31:48] Gate OPEN (phase 2/13)
[2026-04-21 19:31:53] Gate CLOSED (phase 2/13)
[2026-04-21 19:31:57] Gate OPEN (phase 3/13)
[2026-04-21 19:32:01] Gate CLOSED (phase 3/13)
[2026-04-21 19:32:05] Gate OPEN (phase 4/13)
[2026-04-21 19:32:10] Gate CLOSED (phase 4/13)
[2026-04-21 19:32:14] >>> WINDOW: REDOX_DEEP (phase 5/13)
[2026-04-21 19:32:18] >>> WINDOW: REDOX_DEEP (phase 5/13)
[2026-04-21 19:32:22] Gate OPEN (phase 6/13)
[2026-04-21 19:32:26] Gate CLOSED (phase 6/13)
[2026-04-21 19:32:31] >>> WINDOW: HARMONY (phase 7/13)
[2026-04-21 19:32:35] >>> WINDOW: HARMONY (phase 7/13)
[2026-04-21 19:32:39] Gate OPEN (phase 8/13)
[2026-04-21 19:32:43] Gate CLOSED (phase 8/13)
[2026-04-21 19:32:48] Gate OPEN (phase 9/13)
[2026-04-21 19:32:52] Gate CLOSED (phase 9/13)
[2026-04-21 19:32:56] Gate OPEN (phase 10/13)
[2026-04-21 19:33:00] Gate CLOSED (phase 10/13)
[2026-04-21 19:33:05] Gate OPEN (phase 11/13)
[2026-04-21 19:33:09] Gate CLOSED (phase 11/13)
[2026-04-21 19:33:13] >>> WINDOW: HARVEST (phase 12/13)
[2026-04-21 19:33:17] >>> WINDOW: HARVEST (phase 12/13)
[2026-04-21 19:33:22] >>> WINDOW: RESET (phase 0/13)
[2026-04-21 19:33:26] >>> WINDOW: RESET (phase 0/13)
[2026-04-21 19:33:30] Gate OPEN (phase 1/13)
[2026-04-21 19:33:34] Gate CLOSED (phase 1/13)
[2026-04-21 19:33:39] Gate OPEN (phase 2/13)
[2026-04-21 19:33:43] Gate CLOSED (phase 2/13)
[2026-04-21 19:33:47] Gate OPEN (phase 3/13)
[2026-04-21 19:33:51] Gate CLOSED (phase 3/13)
[2026-04-21 19:33:56] Gate OPEN (phase 4/13)
[2026-04-21 19:34:00] Gate CLOSED (phase 4/13)
[2026-04-21 19:34:04] >>> WINDOW: REDOX_DEEP (phase 5/13)
[2026-04-21 19:34:08] >>> WINDOW: REDOX_DEEP (phase 5/13)
[2026-04-21 19:34:13] Gate OPEN (phase 6/13)
[2026-04-21 19:34:17] Gate CLOSED (phase 6/13)
[2026-04-21 19:34:21] >>> WINDOW: HARMONY (phase 7/13)
[2026-04-21 19:34:25] >>> WINDOW: HARMONY (phase 7/13)
[2026-04-21 19:34:29] Gate OPEN (phase 8/13)
[2026-04-21 19:34:34] Gate CLOSED (phase 8/13)
[2026-04-21 19:34:38] Gate OPEN (phase 9/13)
[2026-04-21 19:34:42] Gate CLOSED (phase 9/13)
[2026-04-21 19:34:46] Gate OPEN (phase 10/13)
[2026-04-21 19:34:51] Gate CLOSED (phase 10/13)
[2026-04-21 19:34:55] Gate OPEN (phase 11/13)
[2026-04-21 19:34:59] Gate CLOSED (phase 11/13)
[2026-04-21 19:35:03] >>> WINDOW: HARVEST (phase 12/13)
[2026-04-21 19:35:08] >>> WINDOW: HARVEST (phase 12/13)
[2026-04-21 19:35:12] >>> WINDOW: RESET (phase 0/13)
[2026-04-21 19:35:16] >>> WINDOW: RESET (phase 0/13)
[2026-04-21 19:35:20] Gate OPEN (phase 1/13)
[2026-04-21 19:35:25] Gate CLOSED (phase 1/13)
[2026-04-21 19:35:29] Gate OPEN (phase 2/13)
[2026-04-21 19:35:33] Gate CLOSED (phase 2/13)
[2026-04-21 19:35:37] Gate OPEN (phase 3/13)
[2026-04-21 19:35:42] Gate CLOSED (phase 3/13)
[2026-04-21 19:35:46] Gate OPEN (phase 4/13)
[2026-04-21 19:35:50] Gate CLOSED (phase 4/13)
[2026-04-21 19:35:54] >>> WINDOW: REDOX_DEEP (phase 5/13)
[2026-04-21 19:35:59] >>> WINDOW: REDOX_DEEP (phase 5/13)
[2026-04-21 19:36:03] Gate OPEN (phase 6/13)
[2026-04-21 19:36:07] Gate CLOSED (phase 6/13)
[2026-04-21 19:36:11] >>> WINDOW: HARMONY (phase 7/13)
[2026-04-21 19:36:15] >>> WINDOW: HARMONY (phase 7/13)
[2026-04-21 19:36:20] Gate OPEN (phase 8/13)
[2026-04-21 19:36:24] Gate CLOSED (phase 8/13)
[2026-04-21 19:36:28] Gate OPEN (phase 9/13)
[2026-04-21 19:36:32] Gate CLOSED (phase 9/13)
[2026-04-21 19:36:37] Gate OPEN (phase 10/13)
[2026-04-21 19:36:41] Gate CLOSED (phase 10/13)
[2026-04-21 19:36:45] Gate OPEN (phase 11/13)
[2026-04-21 19:36:49] Gate CLOSED (phase 11/13)
[2026-04-21 19:36:54] >>> WINDOW: HARVEST (phase 12/13)
[2026-04-21 19:36:58] >>> WINDOW: HARVEST (phase 12/13)
[2026-04-21 19:37:02] >>> WINDOW: RESET (phase 0/13)
[2026-04-21 19:37:06] >>> WINDOW: RESET (phase 0/13)
[2026-04-21 19:37:11] Gate OPEN (phase 1/13)
[2026-04-21 19:37:15] Gate CLOSED (phase 1/13)
[2026-04-21 19:37:19] Gate OPEN (phase 2/13)
[2026-04-21 19:37:23] Gate CLOSED (phase 2/13)
[2026-04-21 19:37:28] Gate OPEN (phase 3/13)
[2026-04-21 19:37:32] Gate CLOSED (phase 3/13)
[2026-04-21 19:37:36] Gate OPEN (phase 4/13)
[2026-04-21 19:37:40] Gate CLOSED (phase 4/13)
[2026-04-21 19:37:45] >>> WINDOW: REDOX_DEEP (phase 5/13)
[2026-04-21 19:37:49] >>> WINDOW: REDOX_DEEP (phase 5/13)
[2026-04-21 19:37:53] Gate OPEN (phase 6/13)
[2026-04-21 19:37:57] Gate CLOSED (phase 6/13)
[2026-04-21 19:38:02] >>> WINDOW: HARMONY (phase 7/13)
[2026-04-21 19:38:06] >>> WINDOW: HARMONY (phase 7/13)
[2026-04-21 19:38:10] Gate OPEN (phase 8/13)
[2026-04-21 19:38:14] Gate CLOSED (phase 8/13)
[2026-04-21 19:38:19] Gate OPEN (phase 9/13)
[2026-04-21 19:38:23] Gate CLOSED (phase 9/13)
[2026-04-21 19:38:27] Gate OPEN (phase 10/13)
[2026-04-21 19:38:31] Gate CLOSED (phase 10/13)
[2026-04-21 19:38:36] Gate OPEN (phase 11/13)
[2026-04-21 19:38:40] Gate CLOSED (phase 11/13)
[2026-04-21 19:38:44] >>> WINDOW: HARVEST (phase 12/13)
[2026-04-21 19:38:48] >>> WINDOW: HARVEST (phase 12/13)
[2026-04-21 19:38:53] >>> WINDOW: RESET (phase 0/13)
[2026-04-21 19:38:57] >>> WINDOW: RESET (phase 0/13)
[2026-04-21 19:39:01] Gate OPEN (phase 1/13)
[2026-04-21 19:39:05] Gate CLOSED (phase 1/13)
[2026-04-21 19:39:09] Gate OPEN (phase 2/13)
[2026-04-21 19:39:14] Gate CLOSED (phase 2/13)
[2026-04-21 19:39:18] Gate OPEN (phase 3/13)
[2026-04-21 19:39:22] Gate CLOSED (phase 3/13)
[2026-04-21 19:39:26] Gate OPEN (phase 4/13)
[2026-04-21 19:39:31] Gate CLOSED (phase 4/13)
[2026-04-21 19:39:35] >>> WINDOW: REDOX_DEEP (phase 5/13)
[2026-04-21 19:39:39] >>> WINDOW: REDOX_DEEP (phase 5/13)
[2026-04-21 19:39:43] Gate OPEN (phase 6/13)
[2026-04-21 19:39:48] Gate CLOSED (phase 6/13)
[2026-04-21 19:39:52] >>> WINDOW: HARMONY (phase 7/13)
[2026-04-21 19:39:56] >>> WINDOW: HARMONY (phase 7/13)
[2026-04-21 19:40:00] Gate OPEN (phase 8/13)
[2026-04-21 19:40:05] Gate CLOSED (phase 8/13)
[2026-04-21 19:40:09] Gate OPEN (phase 9/13)
[2026-04-21 19:40:13] Gate CLOSED (phase 9/13)
[2026-04-21 19:40:17] Gate OPEN (phase 10/13)
[2026-04-21 19:40:22] Gate CLOSED (phase 10/13)
[2026-04-21 19:40:26] Gate OPEN (phase 11/13)
[2026-04-21 19:40:30] Gate CLOSED (phase 11/13)
[2026-04-21 19:40:34] >>> WINDOW: HARVEST (phase 12/13)
[2026-04-21 19:40:39] >>> WINDOW: HARVEST (phase 12/13)
[2026-04-21 19:40:43] >>> WINDOW: RESET (phase 0/13)
[2026-04-21 19:40:47] >>> WINDOW: RESET (phase 0/13)
[2026-04-21 19:40:51] Gate OPEN (phase 1/13)
[2026-04-21 19:40:56] Gate CLOSED (phase 1/13)
[2026-04-21 19:41:00] Gate OPEN (phase 2/13)
[2026-04-21 19:41:04] Gate CLOSED (phase 2/13)
[2026-04-21 19:41:08] Gate OPEN (phase 3/13)
[2026-04-21 19:41:13] Gate CLOSED (phase 3/13)
[2026-04-21 19:41:17] Gate OPEN (phase 4/13)
[2026-04-21 19:41:21] Gate CLOSED (phase 4/13)
[2026-04-21 19:41:25] >>> WINDOW: REDOX_DEEP (phase 5/13)
[2026-04-21 19:41:30] >>> WINDOW: REDOX_DEEP (phase 5/13)
[2026-04-21 19:41:34] Gate OPEN (phase 6/13)
[2026-04-21 19:41:38] Gate CLOSED (phase 6/13)
[2026-04-21 19:41:42] >>> WINDOW: HARMONY (phase 7/13)
[2026-04-21 19:41:47] >>> WINDOW: HARMONY (phase 7/13)
[2026-04-21 19:41:51] Gate OPEN (phase 8/13)
[2026-04-21 19:41:55] Gate CLOSED (phase 8/13)
[2026-04-21 19:41:59] Gate OPEN (phase 9/13)
[2026-04-21 19:42:03] Gate CLOSED (phase 9/13)
[2026-04-21 19:42:08] Gate OPEN (phase 10/13)
[2026-04-21 19:42:12] Gate CLOSED (phase 10/13)
[2026-04-21 19:42:16] Gate OPEN (phase 11/13)
[2026-04-21 19:42:20] Gate CLOSED (phase 11/13)
[2026-04-21 19:42:25] >>> WINDOW: HARVEST (phase 12/13)
[2026-04-21 19:42:29] >>> WINDOW: HARVEST (phase 12/13)
[2026-04-21 19:42:33] >>> WINDOW: RESET (phase 0/13)
[2026-04-21 19:42:37] >>> WINDOW: RESET (phase 0/13)
[2026-04-21 19:42:42] Gate OPEN (phase 1/13)
[2026-04-21 19:42:46] Gate CLOSED (phase 1/13)
[2026-04-21 19:42:50] Gate OPEN (phase 2/13)
[2026-04-21 19:42:54] Gate CLOSED (phase 2/13)
[2026-04-21 19:42:59] Gate OPEN (phase 3/13)
[2026-04-21 19:43:03] Gate CLOSED (phase 3/13)
[2026-04-21 19:43:07] Gate OPEN (phase 4/13)
[2026-04-21 19:43:11] Gate CLOSED (phase 4/13)
[2026-04-21 19:43:16] >>> WINDOW: REDOX_DEEP (phase 5/13)
[2026-04-21 19:43:20] >>> WINDOW: REDOX_DEEP (phase 5/13)
[2026-04-21 19:43:24] Gate OPEN (phase 6/13)
[2026-04-21 19:43:28] Gate CLOSED (phase 6/13)
[2026-04-21 19:43:33] >>> WINDOW: HARMONY (phase 7/13)
[2026-04-21 19:43:37] >>> WINDOW: HARMONY (phase 7/13)
[2026-04-21 19:43:41] Gate OPEN (phase 8/13)
[2026-04-21 19:43:45] Gate CLOSED (phase 8/13)
[2026-04-21 19:43:50] Gate OPEN (phase 9/13)
[2026-04-21 19:43:54] Gate CLOSED (phase 9/13)
[2026-04-21 19:43:58] Gate OPEN (phase 10/13)
[2026-04-21 19:44:02] Gate CLOSED (phase 10/13)
[2026-04-21 19:44:07] Gate OPEN (phase 11/13)
[2026-04-21 19:44:11] Gate CLOSED (phase 11/13)
[2026-04-21 19:44:15] >>> WINDOW: HARVEST (phase 12/13)
[2026-04-21 19:44:19] >>> WINDOW: HARVEST (phase 12/13)
[2026-04-21 19:44:24] >>> WINDOW: RESET (phase 0/13)
[2026-04-21 19:44:28] >>> WINDOW: RESET (phase 0/13)
[2026-04-21 19:44:32] Gate OPEN (phase 1/13)
[2026-04-21 19:44:36] Gate CLOSED (phase 1/13)
[2026-04-21 19:44:40] Gate OPEN (phase 2/13)
[2026-04-21 19:44:45] Gate CLOSED (phase 2/13)
[2026-04-21 19:44:49] Gate OPEN (phase 3/13)
[2026-04-21 19:44:53] Gate CLOSED (phase 3/13)
[2026-04-21 19:44:57] Gate OPEN (phase 4/13)
[2026-04-21 19:45:02] Gate CLOSED (phase 4/13)
[2026-04-21 19:45:06] >>> WINDOW: REDOX_DEEP (phase 5/13)
[2026-04-21 19:45:10] >>> WINDOW: REDOX_DEEP (phase 5/13)
[2026-04-21 19:45:14] Gate OPEN (phase 6/13)
[2026-04-21 19:45:19] Gate CLOSED (phase 6/13)
[2026-04-21 19:45:23] >>> WINDOW: HARMONY (phase 7/13)
[2026-04-21 19:45:27] >>> WINDOW: HARMONY (phase 7/13)
[2026-04-21 19:45:31] Gate OPEN (phase 8/13)
[2026-04-21 19:45:36] Gate CLOSED (phase 8/13)
[2026-04-21 19:45:40] Gate OPEN (phase 9/13)
[2026-04-21 19:45:44] Gate CLOSED (phase 9/13)
[2026-04-21 19:45:48] Gate OPEN (phase 10/13)
[2026-04-21 19:45:53] Gate CLOSED (phase 10/13)
[2026-04-21 19:45:57] Gate OPEN (phase 11/13)
[2026-04-21 19:46:01] Gate CLOSED (phase 11/13)
[2026-04-21 19:46:05] >>> WINDOW: HARVEST (phase 12/13)
[2026-04-21 19:46:10] >>> WINDOW: HARVEST (phase 12/13)
[2026-04-21 19:46:14] >>> WINDOW: RESET (phase 0/13)
[2026-04-21 19:46:18] >>> WINDOW: RESET (phase 0/13)
[2026-04-21 19:46:22] Gate OPEN (phase 1/13)
[2026-04-21 19:46:27] Gate CLOSED (phase 1/13)
[2026-04-21 19:46:31] Gate OPEN (phase 2/13)
[2026-04-21 19:46:35] Gate CLOSED (phase 2/13)
[2026-04-21 19:46:39] Gate OPEN (phase 3/13)
[2026-04-21 19:46:44] Gate CLOSED (phase 3/13)
[2026-04-21 19:46:48] Gate OPEN (phase 4/13)
[2026-04-21 19:46:52] Gate CLOSED (phase 4/13)
[2026-04-21 19:46:56] >>> WINDOW: REDOX_DEEP (phase 5/13)
[2026-04-21 19:47:01] >>> WINDOW: REDOX_DEEP (phase 5/13)
[2026-04-21 19:47:05] Gate OPEN (phase 6/13)
[2026-04-21 19:47:09] Gate CLOSED (phase 6/13)
[2026-04-21 19:47:13] >>> WINDOW: HARMONY (phase 7/13)
[2026-04-21 19:47:18] >>> WINDOW: HARMONY (phase 7/13)
[2026-04-21 19:47:22] Gate OPEN (phase 8/13)
[2026-04-21 19:47:26] Gate CLOSED (phase 8/13)
[2026-04-21 19:47:30] Gate OPEN (phase 9/13)
[2026-04-21 19:47:35] Gate CLOSED (phase 9/13)
[2026-04-21 19:47:39] Gate OPEN (phase 10/13)
[2026-04-21 19:47:43] Gate CLOSED (phase 10/13)
[2026-04-21 19:47:47] Gate OPEN (phase 11/13)
[2026-04-21 19:47:52] Gate CLOSED (phase 11/13)
[2026-04-21 19:47:56] >>> WINDOW: HARVEST (phase 12/13)
[2026-04-21 19:48:00] >>> WINDOW: HARVEST (phase 12/13)
[2026-04-21 19:48:04] >>> WINDOW: RESET (phase 0/13)
[2026-04-21 19:48:09] >>> WINDOW: RESET (phase 0/13)
[2026-04-21 19:48:13] Gate OPEN (phase 1/13)
[2026-04-21 19:48:17] Gate CLOSED (phase 1/13)
[2026-04-21 19:48:21] Gate OPEN (phase 2/13)
[2026-04-21 19:48:25] Gate CLOSED (phase 2/13)
[2026-04-21 19:48:30] Gate OPEN (phase 3/13)
[2026-04-21 19:48:34] Gate CLOSED (phase 3/13)
[2026-04-21 19:48:38] Gate OPEN (phase 4/13)
[2026-04-21 19:48:42] Gate CLOSED (phase 4/13)
[2026-04-21 19:48:47] >>> WINDOW: REDOX_DEEP (phase 5/13)
[2026-04-21 19:48:51] >>> WINDOW: REDOX_DEEP (phase 5/13)
[2026-04-21 19:48:55] Gate OPEN (phase 6/13)
[2026-04-21 19:48:59] Gate CLOSED (phase 6/13)
[2026-04-21 19:49:04] >>> WINDOW: HARMONY (phase 7/13)
[2026-04-21 19:49:08] >>> WINDOW: HARMONY (phase 7/13)
[2026-04-21 19:49:12] Gate OPEN (phase 8/13)
[2026-04-21 19:49:16] Gate CLOSED (phase 8/13)
[2026-04-21 19:49:21] Gate OPEN (phase 9/13)
[2026-04-21 19:49:25] Gate CLOSED (phase 9/13)
[2026-04-21 19:49:29] Gate OPEN (phase 10/13)
[2026-04-21 19:49:33] Gate CLOSED (phase 10/13)
[2026-04-21 19:49:38] Gate OPEN (phase 11/13)
[2026-04-21 19:49:42] Gate CLOSED (phase 11/13)
[2026-04-21 19:49:46] >>> WINDOW: HARVEST (phase 12/13)
[2026-04-21 19:49:50] >>> WINDOW: HARVEST (phase 12/13)
[2026-04-21 19:49:55] >>> WINDOW: RESET (phase 0/13)
[2026-04-21 19:49:59] >>> WINDOW: RESET (phase 0/13)
[2026-04-21 19:50:03] Gate OPEN (phase 1/13)
[2026-04-21 19:50:07] Gate CLOSED (phase 1/13)
[2026-04-21 19:50:12] Gate OPEN (phase 2/13)
[2026-04-21 19:50:16] Gate CLOSED (phase 2/13)
[2026-04-21 19:50:20] Gate OPEN (phase 3/13)
[2026-04-21 19:50:24] Gate CLOSED (phase 3/13)
[2026-04-21 19:50:28] Gate OPEN (phase 4/13)
[2026-04-21 19:50:33] Gate CLOSED (phase 4/13)
[2026-04-21 19:50:37] >>> WINDOW: REDOX_DEEP (phase 5/13)
[2026-04-21 19:50:41] >>> WINDOW: REDOX_DEEP (phase 5/13)
[2026-04-21 19:50:45] Gate OPEN (phase 6/13)
[2026-04-21 19:50:50] Gate CLOSED (phase 6/13)
[2026-04-21 19:50:54] >>> WINDOW: HARMONY (phase 7/13)
[2026-04-21 19:50:58] >>> WINDOW: HARMONY (phase 7/13)
[2026-04-21 19:51:02] Gate OPEN (phase 8/13)
[2026-04-21 19:51:07] Gate CLOSED (phase 8/13)
[2026-04-21 19:51:11] Gate OPEN (phase 9/13)
[2026-04-21 19:51:15] Gate CLOSED (phase 9/13)
[2026-04-21 19:51:19] Gate OPEN (phase 10/13)
[2026-04-21 19:51:24] Gate CLOSED (phase 10/13)
[2026-04-21 19:51:28] Gate OPEN (phase 11/13)
[2026-04-21 19:51:32] Gate CLOSED (phase 11/13)
[2026-04-21 19:51:36] >>> WINDOW: HARVEST (phase 12/13)
[2026-04-21 19:51:41] >>> WINDOW: HARVEST (phase 12/13)
[2026-04-21 19:51:45] >>> WINDOW: RESET (phase 0/13)
[2026-04-21 19:51:49] >>> WINDOW: RESET (phase 0/13)
[2026-04-21 19:51:53] Gate OPEN (phase 1/13)
[2026-04-21 19:51:57] Gate CLOSED (phase 1/13)
[2026-04-21 19:52:02] Gate OPEN (phase 2/13)
[2026-04-21 19:52:06] Gate CLOSED (phase 2/13)
[2026-04-21 19:52:10] Gate OPEN (phase 3/13)
[2026-04-21 19:52:14] Gate CLOSED (phase 3/13)
[2026-04-21 19:52:19] Gate OPEN (phase 4/13)
[2026-04-21 19:52:23] Gate CLOSED (phase 4/13)
[2026-04-21 19:52:27] >>> WINDOW: REDOX_DEEP (phase 5/13)
[2026-04-21 19:52:31] >>> WINDOW: REDOX_DEEP (phase 5/13)
[2026-04-21 19:52:36] Gate OPEN (phase 6/13)
[2026-04-21 19:52:40] Gate CLOSED (phase 6/13)
[2026-04-21 19:52:44] >>> WINDOW: HARMONY (phase 7/13)
[2026-04-21 19:52:48] >>> WINDOW: HARMONY (phase 7/13)
[2026-04-21 19:52:53] Gate OPEN (phase 8/13)
[2026-04-21 19:52:57] Gate CLOSED (phase 8/13)
[2026-04-21 19:53:01] Gate OPEN (phase 9/13)
[2026-04-21 19:53:05] Gate CLOSED (phase 9/13)
[2026-04-21 19:53:10] Gate OPEN (phase 10/13)
[2026-04-21 19:53:14] Gate CLOSED (phase 10/13)
[2026-04-21 19:53:18] Gate OPEN (phase 11/13)
[2026-04-21 19:53:22] Gate CLOSED (phase 11/13)
[2026-04-21 19:53:27] >>> WINDOW: HARVEST (phase 12/13)
[2026-04-21 19:53:31] >>> WINDOW: HARVEST (phase 12/13)
[2026-04-21 19:53:35] >>> WINDOW: RESET (phase 0/13)
[2026-04-21 19:53:39] >>> WINDOW: RESET (phase 0/13)
[2026-04-21 19:53:43] Gate OPEN (phase 1/13)
[2026-04-21 19:53:48] Gate CLOSED (phase 1/13)
[2026-04-21 19:53:52] Gate OPEN (phase 2/13)
[2026-04-21 19:53:56] Gate CLOSED (phase 2/13)
[2026-04-21 19:54:00] Gate OPEN (phase 3/13)
[2026-04-21 19:54:05] Gate CLOSED (phase 3/13)
[2026-04-21 19:54:09] Gate OPEN (phase 4/13)
[2026-04-21 19:54:13] Gate CLOSED (phase 4/13)
[2026-04-21 19:54:17] >>> WINDOW: REDOX_DEEP (phase 5/13)
[2026-04-21 19:54:22] >>> WINDOW: REDOX_DEEP (phase 5/13)
[2026-04-21 19:54:26] Gate OPEN (phase 6/13)
[2026-04-21 19:54:30] Gate CLOSED (phase 6/13)
[2026-04-21 19:54:34] >>> WINDOW: HARMONY (phase 7/13)
[2026-04-21 19:54:39] >>> WINDOW: HARMONY (phase 7/13)
[2026-04-21 19:54:43] Gate OPEN (phase 8/13)
[2026-04-21 19:54:47] Gate CLOSED (phase 8/13)
[2026-04-21 19:54:51] Gate OPEN (phase 9/13)
[2026-04-21 19:54:56] Gate CLOSED (phase 9/13)
[2026-04-21 19:55:00] Gate OPEN (phase 10/13)
[2026-04-21 19:55:04] Gate CLOSED (phase 10/13)
[2026-04-21 19:55:08] Gate OPEN (phase 11/13)
[2026-04-21 19:55:13] Gate CLOSED (phase 11/13)
[2026-04-21 19:55:17] >>> WINDOW: HARVEST (phase 12/13)
[2026-04-21 19:55:21] >>> WINDOW: HARVEST (phase 12/13)
[2026-04-21 19:55:25] >>> WINDOW: RESET (phase 0/13)
[2026-04-21 19:55:30] >>> WINDOW: RESET (phase 0/13)
[2026-04-21 19:55:34] Gate OPEN (phase 1/13)
[2026-04-21 19:55:38] Gate CLOSED (phase 1/13)
[2026-04-21 19:55:43] Gate OPEN (phase 2/13)
[2026-04-21 19:55:47] Gate CLOSED (phase 2/13)
[2026-04-21 19:55:51] Gate OPEN (phase 3/13)
[2026-04-21 19:55:55] Gate CLOSED (phase 3/13)
[2026-04-21 19:56:00] Gate OPEN (phase 4/13)
[2026-04-21 19:56:04] Gate CLOSED (phase 4/13)
[2026-04-21 19:56:08] >>> WINDOW: REDOX_DEEP (phase 5/13)
[2026-04-21 19:56:12] >>> WINDOW: REDOX_DEEP (phase 5/13)
[2026-04-21 19:56:17] Gate OPEN (phase 6/13)
[2026-04-21 19:56:21] Gate CLOSED (phase 6/13)
[2026-04-21 19:56:25] >>> WINDOW: HARMONY (phase 7/13)
[2026-04-21 19:56:29] >>> WINDOW: HARMONY (phase 7/13)
[2026-04-21 19:56:34] Gate OPEN (phase 8/13)
[2026-04-21 19:56:38] Gate CLOSED (phase 8/13)
[2026-04-21 19:56:42] Gate OPEN (phase 9/13)
[2026-04-21 19:56:46] Gate CLOSED (phase 9/13)
[2026-04-21 19:56:51] Gate OPEN (phase 10/13)
[2026-04-21 19:56:55] Gate CLOSED (phase 10/13)
[2026-04-21 19:56:59] Gate OPEN (phase 11/13)
[2026-04-21 19:57:03] Gate CLOSED (phase 11/13)
[2026-04-21 19:57:08] >>> WINDOW: HARVEST (phase 12/13)
[2026-04-21 19:57:12] >>> WINDOW: HARVEST (phase 12/13)
[2026-04-21 19:57:16] >>> WINDOW: RESET (phase 0/13)
[2026-04-21 19:57:20] >>> WINDOW: RESET (phase 0/13)
[2026-04-21 19:57:24] Gate OPEN (phase 1/13)
[2026-04-21 19:57:29] Gate CLOSED (phase 1/13)
[2026-04-21 19:57:33] Gate OPEN (phase 2/13)
[2026-04-21 19:57:37] Gate CLOSED (phase 2/13)
[2026-04-21 19:57:41] Gate OPEN (phase 3/13)
[2026-04-21 19:57:46] Gate CLOSED (phase 3/13)
[2026-04-21 19:57:50] Gate OPEN (phase 4/13)
[2026-04-21 19:57:54] Gate CLOSED (phase 4/13)
[2026-04-21 19:57:58] >>> WINDOW: REDOX_DEEP (phase 5/13)
[2026-04-21 19:58:03] >>> WINDOW: REDOX_DEEP (phase 5/13)
[2026-04-21 19:58:07] Gate OPEN (phase 6/13)
[2026-04-21 19:58:11] Gate CLOSED (phase 6/13)
[2026-04-21 19:58:15] >>> WINDOW: HARMONY (phase 7/13)
[2026-04-21 19:58:20] >>> WINDOW: HARMONY (phase 7/13)
[2026-04-21 19:58:24] Gate OPEN (phase 8/13)
[2026-04-21 19:58:28] Gate CLOSED (phase 8/13)
[2026-04-21 19:58:32] Gate OPEN (phase 9/13)
[2026-04-21 19:58:37] Gate CLOSED (phase 9/13)
[2026-04-21 19:58:41] Gate OPEN (phase 10/13)
[2026-04-21 19:58:45] Gate CLOSED (phase 10/13)
[2026-04-21 19:58:49] Gate OPEN (phase 11/13)
[2026-04-21 19:58:54] Gate CLOSED (phase 11/13)
[2026-04-21 19:58:58] >>> WINDOW: HARVEST (phase 12/13)
[2026-04-21 19:59:02] >>> WINDOW: HARVEST (phase 12/13)
[2026-04-21 19:59:06] >>> WINDOW: RESET (phase 0/13)
[2026-04-21 19:59:11] >>> WINDOW: RESET (phase 0/13)
[2026-04-21 19:59:15] Gate OPEN (phase 1/13)
[2026-04-21 19:59:19] Gate CLOSED (phase 1/13)
[2026-04-21 19:59:23] Gate OPEN (phase 2/13)
[2026-04-21 19:59:28] Gate CLOSED (phase 2/13)
[2026-04-21 19:59:32] Gate OPEN (phase 3/13)
[2026-04-21 19:59:36] Gate CLOSED (phase 3/13)
[2026-04-21 19:59:40] Gate OPEN (phase 4/13)
[2026-04-21 19:59:45] Gate CLOSED (phase 4/13)
[2026-04-21 19:59:49] >>> WINDOW: REDOX_DEEP (phase 5/13)
[2026-04-21 19:59:53] >>> WINDOW: REDOX_DEEP (phase 5/13)
[2026-04-21 19:59:57] Gate OPEN (phase 6/13)
[2026-04-21 20:00:02] Gate CLOSED (phase 6/13)
[2026-04-21 20:00:06] >>> WINDOW: HARMONY (phase 7/13)
[2026-04-21 20:00:10] >>> WINDOW: HARMONY (phase 7/13)
[2026-04-21 20:00:14] Gate OPEN (phase 8/13)
[2026-04-21 20:00:19] Gate CLOSED (phase 8/13)
[2026-04-21 20:00:23] Gate OPEN (phase 9/13)
[2026-04-21 20:00:27] Gate CLOSED (phase 9/13)
[2026-04-21 20:00:31] Gate OPEN (phase 10/13)
[2026-04-21 20:00:36] Gate CLOSED (phase 10/13)
[2026-04-21 20:00:40] Gate OPEN (phase 11/13)
[2026-04-21 20:00:44] Gate CLOSED (phase 11/13)
[2026-04-21 20:00:48] >>> WINDOW: HARVEST (phase 12/13)
[2026-04-21 20:00:52] >>> WINDOW: HARVEST (phase 12/13)
[2026-04-21 20:00:57] >>> WINDOW: RESET (phase 0/13)
[2026-04-21 20:01:01] >>> WINDOW: RESET (phase 0/13)
[2026-04-21 20:01:05] Gate OPEN (phase 1/13)
[2026-04-21 20:01:09] Gate CLOSED (phase 1/13)
[2026-04-21 20:01:14] Gate OPEN (phase 2/13)
[2026-04-21 20:01:18] Gate CLOSED (phase 2/13)
[2026-04-21 20:01:22] Gate OPEN (phase 3/13)
[2026-04-21 20:01:26] Gate CLOSED (phase 3/13)
[2026-04-21 20:01:31] Gate OPEN (phase 4/13)
[2026-04-21 20:01:35] Gate CLOSED (phase 4/13)
[2026-04-21 20:01:39] >>> WINDOW: REDOX_DEEP (phase 5/13)
[2026-04-21 20:01:43] >>> WINDOW: REDOX_DEEP (phase 5/13)
[2026-04-21 20:01:48] Gate OPEN (phase 6/13)
[2026-04-21 20:01:52] Gate CLOSED (phase 6/13)
[2026-04-21 20:01:56] >>> WINDOW: HARMONY (phase 7/13)
[2026-04-21 20:02:00] >>> WINDOW: HARMONY (phase 7/13)
[2026-04-21 20:02:05] Gate OPEN (phase 8/13)
[2026-04-21 20:02:09] Gate CLOSED (phase 8/13)
[2026-04-21 20:02:13] Gate OPEN (phase 9/13)
[2026-04-21 20:02:17] Gate CLOSED (phase 9/13)
[2026-04-21 20:02:22] Gate OPEN (phase 10/13)
[2026-04-21 20:02:26] Gate CLOSED (phase 10/13)
[2026-04-21 20:02:30] Gate OPEN (phase 11/13)
[2026-04-21 20:02:34] Gate CLOSED (phase 11/13)
[2026-04-21 20:02:39] >>> WINDOW: HARVEST (phase 12/13)
[2026-04-21 20:02:43] >>> WINDOW: HARVEST (phase 12/13)
[2026-04-21 20:02:47] >>> WINDOW: RESET (phase 0/13)
[2026-04-21 20:02:51] >>> WINDOW: RESET (phase 0/13)
[2026-04-21 20:02:55] Gate OPEN (phase 1/13)
[2026-04-21 20:03:00] Gate CLOSED (phase 1/13)
[2026-04-21 20:03:04] Gate OPEN (phase 2/13)
[2026-04-21 20:03:08] Gate CLOSED (phase 2/13)
[2026-04-21 20:03:12] Gate OPEN (phase 3/13)
[2026-04-21 20:03:17] Gate CLOSED (phase 3/13)
[2026-04-21 20:03:21] Gate OPEN (phase 4/13)
[2026-04-21 20:03:25] Gate CLOSED (phase 4/13)
[2026-04-21 20:03:29] >>> WINDOW: REDOX_DEEP (phase 5/13)
[2026-04-21 20:03:34] >>> WINDOW: REDOX_DEEP (phase 5/13)
[2026-04-21 20:03:38] Gate OPEN (phase 6/13)
[2026-04-21 20:03:42] Gate CLOSED (phase 6/13)
[2026-04-21 20:03:46] >>> WINDOW: HARMONY (phase 7/13)
[2026-04-21 20:03:51] >>> WINDOW: HARMONY (phase 7/13)
[2026-04-21 20:03:55] Gate OPEN (phase 8/13)
[2026-04-21 20:03:59] Gate CLOSED (phase 8/13)
[2026-04-21 20:04:03] Gate OPEN (phase 9/13)
[2026-04-21 20:04:08] Gate CLOSED (phase 9/13)
[2026-04-21 20:04:12] Gate OPEN (phase 10/13)
[2026-04-21 20:04:16] Gate CLOSED (phase 10/13)
[2026-04-21 20:04:20] Gate OPEN (phase 11/13)
[2026-04-21 20:04:25] Gate CLOSED (phase 11/13)
[2026-04-21 20:04:29] >>> WINDOW: HARVEST (phase 12/13)
[2026-04-21 20:04:33] >>> WINDOW: HARVEST (phase 12/13)
[2026-04-21 20:04:37] >>> WINDOW: RESET (phase 0/13)
[2026-04-21 20:04:41] >>> WINDOW: RESET (phase 0/13)
[2026-04-21 20:04:46] Gate OPEN (phase 1/13)
[2026-04-21 20:04:50] Gate CLOSED (phase 1/13)
[2026-04-21 20:04:54] Gate OPEN (phase 2/13)
[2026-04-21 20:04:58] Gate CLOSED (phase 2/13)
[2026-04-21 20:05:03] Gate OPEN (phase 3/13)
[2026-04-21 20:05:07] Gate CLOSED (phase 3/13)
[2026-04-21 20:05:11] Gate OPEN (phase 4/13)
[2026-04-21 20:05:15] Gate CLOSED (phase 4/13)
[2026-04-21 20:05:20] >>> WINDOW: REDOX_DEEP (phase 5/13)
[2026-04-21 20:05:24] >>> WINDOW: REDOX_DEEP (phase 5/13)
[2026-04-21 20:05:28] Gate OPEN (phase 6/13)
[2026-04-21 20:05:32] Gate CLOSED (phase 6/13)
[2026-04-21 20:05:37] >>> WINDOW: HARMONY (phase 7/13)
[2026-04-21 20:05:41] >>> WINDOW: HARMONY (phase 7/13)
[2026-04-21 20:05:45] Gate OPEN (phase 8/13)
[2026-04-21 20:05:49] Gate CLOSED (phase 8/13)
[2026-04-21 20:05:54] Gate OPEN (phase 9/13)
[2026-04-21 20:05:58] Gate CLOSED (phase 9/13)
[2026-04-21 20:06:02] Gate OPEN (phase 10/13)
[2026-04-21 20:06:06] Gate CLOSED (phase 10/13)
[2026-04-21 20:06:11] Gate OPEN (phase 11/13)
[2026-04-21 20:06:15] Gate CLOSED (phase 11/13)
[2026-04-21 20:06:19] >>> WINDOW: HARVEST (phase 12/13)
[2026-04-21 20:06:23] >>> WINDOW: HARVEST (phase 12/13)
[2026-04-21 20:06:28] >>> WINDOW: RESET (phase 0/13)
[2026-04-21 20:06:32] >>> WINDOW: RESET (phase 0/13)
[2026-04-21 20:06:36] Gate OPEN (phase 1/13)
[2026-04-21 20:06:40] Gate CLOSED (phase 1/13)
[2026-04-21 20:06:45] Gate OPEN (phase 2/13)
[2026-04-21 20:06:49] Gate CLOSED (phase 2/13)
[2026-04-21 20:06:53] Gate OPEN (phase 3/13)
[2026-04-21 20:06:57] Gate CLOSED (phase 3/13)
[2026-04-21 20:07:01] Gate OPEN (phase 4/13)
[2026-04-21 20:07:06] Gate CLOSED (phase 4/13)
[2026-04-21 20:07:10] >>> WINDOW: REDOX_DEEP (phase 5/13)
[2026-04-21 20:07:14] >>> WINDOW: REDOX_DEEP (phase 5/13)
[2026-04-21 20:07:18] Gate OPEN (phase 6/13)
[2026-04-21 20:07:23] Gate CLOSED (phase 6/13)
[2026-04-21 20:07:27] >>> WINDOW: HARMONY (phase 7/13)
[2026-04-21 20:07:31] >>> WINDOW: HARMONY (phase 7/13)
[2026-04-21 20:07:35] Gate OPEN (phase 8/13)
[2026-04-21 20:07:40] Gate CLOSED (phase 8/13)
[2026-04-21 20:07:44] Gate OPEN (phase 9/13)
[2026-04-21 20:07:48] Gate CLOSED (phase 9/13)
[2026-04-21 20:07:52] Gate OPEN (phase 10/13)
[2026-04-21 20:07:57] Gate CLOSED (phase 10/13)
[2026-04-21 20:08:01] Gate OPEN (phase 11/13)
[2026-04-21 20:08:05] Gate CLOSED (phase 11/13)
[2026-04-21 20:08:09] >>> WINDOW: HARVEST (phase 12/13)
[2026-04-21 20:08:14] >>> WINDOW: HARVEST (phase 12/13)
[2026-04-21 20:08:18] >>> WINDOW: RESET (phase 0/13)
[2026-04-21 20:08:22] >>> WINDOW: RESET (phase 0/13)
[2026-04-21 20:08:26] Gate OPEN (phase 1/13)
[2026-04-21 20:08:31] Gate CLOSED (phase 1/13)
[2026-04-21 20:08:35] Gate OPEN (phase 2/13)
[2026-04-21 20:08:39] Gate CLOSED (phase 2/13)
[2026-04-21 20:08:43] Gate OPEN (phase 3/13)
[2026-04-21 20:08:48] Gate CLOSED (phase 3/13)
[2026-04-21 20:08:52] Gate OPEN (phase 4/13)
[2026-04-21 20:08:56] Gate CLOSED (phase 4/13)
[2026-04-21 20:09:00] >>> WINDOW: REDOX_DEEP (phase 5/13)
[2026-04-21 20:09:05] >>> WINDOW: REDOX_DEEP (phase 5/13)
[2026-04-21 20:09:09] Gate OPEN (phase 6/13)
[2026-04-21 20:09:13] Gate CLOSED (phase 6/13)
[2026-04-21 20:09:17] >>> WINDOW: HARMONY (phase 7/13)
[2026-04-21 20:09:21] >>> WINDOW: HARMONY (phase 7/13)
[2026-04-21 20:09:26] Gate OPEN (phase 8/13)
[2026-04-21 20:09:30] Gate CLOSED (phase 8/13)
[2026-04-21 20:09:34] Gate OPEN (phase 9/13)
[2026-04-21 20:09:38] Gate CLOSED (phase 9/13)
[2026-04-21 20:09:43] Gate OPEN (phase 10/13)
[2026-04-21 20:09:47] Gate CLOSED (phase 10/13)
[2026-04-21 20:09:51] Gate OPEN (phase 11/13)
[2026-04-21 20:09:55] Gate CLOSED (phase 11/13)
[2026-04-21 20:10:00] >>> WINDOW: HARVEST (phase 12/13)
[2026-04-21 20:10:04] >>> WINDOW: HARVEST (phase 12/13)
[2026-04-21 20:10:08] >>> WINDOW: RESET (phase 0/13)
[2026-04-21 20:10:12] >>> WINDOW: RESET (phase 0/13)
[2026-04-21 20:10:17] Gate OPEN (phase 1/13)
[2026-04-21 20:10:21] Gate CLOSED (phase 1/13)
[2026-04-21 20:10:25] Gate OPEN (phase 2/13)
[2026-04-21 20:10:29] Gate CLOSED (phase 2/13)
[2026-04-21 20:10:34] Gate OPEN (phase 3/13)
[2026-04-21 20:10:38] Gate CLOSED (phase 3/13)
[2026-04-21 20:10:42] Gate OPEN (phase 4/13)
[2026-04-21 20:10:46] Gate CLOSED (phase 4/13)
[2026-04-21 20:10:51] >>> WINDOW: REDOX_DEEP (phase 5/13)
[2026-04-21 20:10:55] >>> WINDOW: REDOX_DEEP (phase 5/13)
[2026-04-21 20:10:59] Gate OPEN (phase 6/13)
[2026-04-21 20:11:03] Gate CLOSED (phase 6/13)
[2026-04-21 20:11:08] >>> WINDOW: HARMONY (phase 7/13)
[2026-04-21 20:11:12] >>> WINDOW: HARMONY (phase 7/13)
[2026-04-21 20:11:16] Gate OPEN (phase 8/13)
[2026-04-21 20:11:20] Gate CLOSED (phase 8/13)
[2026-04-21 20:11:24] Gate OPEN (phase 9/13)
[2026-04-21 20:11:29] Gate CLOSED (phase 9/13)
[2026-04-21 20:11:33] Gate OPEN (phase 10/13)
[2026-04-21 20:11:37] Gate CLOSED (phase 10/13)
[2026-04-21 20:11:41] Gate OPEN (phase 11/13)
[2026-04-21 20:11:46] Gate CLOSED (phase 11/13)
[2026-04-21 20:11:50] >>> WINDOW: HARVEST (phase 12/13)
[2026-04-21 20:11:54] >>> WINDOW: HARVEST (phase 12/13)
[2026-04-21 20:11:58] >>> WINDOW: RESET (phase 0/13)
[2026-04-21 20:12:03] >>> WINDOW: RESET (phase 0/13)
[2026-04-21 20:12:07] Gate OPEN (phase 1/13)
[2026-04-21 20:12:11] Gate CLOSED (phase 1/13)
[2026-04-21 20:12:15] Gate OPEN (phase 2/13)
[2026-04-21 20:12:20] Gate CLOSED (phase 2/13)
[2026-04-21 20:12:24] Gate OPEN (phase 3/13)
[2026-04-21 20:12:28] Gate CLOSED (phase 3/13)
[2026-04-21 20:12:32] Gate OPEN (phase 4/13)
[2026-04-21 20:12:37] Gate CLOSED (phase 4/13)
[2026-04-21 20:12:41] >>> WINDOW: REDOX_DEEP (phase 5/13)
[2026-04-21 20:12:45] >>> WINDOW: REDOX_DEEP (phase 5/13)
[2026-04-21 20:12:49] Gate OPEN (phase 6/13)
[2026-04-21 20:12:53] Gate CLOSED (phase 6/13)
[2026-04-21 20:12:58] >>> WINDOW: HARMONY (phase 7/13)
[2026-04-21 20:13:02] >>> WINDOW: HARMONY (phase 7/13)
[2026-04-21 20:13:06] Gate OPEN (phase 8/13)
[2026-04-21 20:13:10] Gate CLOSED (phase 8/13)
[2026-04-21 20:13:15] Gate OPEN (phase 9/13)
[2026-04-21 20:13:19] Gate CLOSED (phase 9/13)
[2026-04-21 20:13:23] Gate OPEN (phase 10/13)
[2026-04-21 20:13:27] Gate CLOSED (phase 10/13)
[2026-04-21 20:13:32] Gate OPEN (phase 11/13)
[2026-04-21 20:13:36] Gate CLOSED (phase 11/13)
[2026-04-21 20:13:40] >>> WINDOW: HARVEST (phase 12/13)
[2026-04-21 20:13:44] >>> WINDOW: HARVEST (phase 12/13)
[2026-04-21 20:13:49] >>> WINDOW: RESET (phase 0/13)
[2026-04-21 20:13:53] >>> WINDOW: RESET (phase 0/13)
[2026-04-21 20:13:57] Gate OPEN (phase 1/13)
[2026-04-21 20:14:01] Gate CLOSED (phase 1/13)
[2026-04-21 20:14:06] Gate OPEN (phase 2/13)
[2026-04-21 20:14:10] Gate CLOSED (phase 2/13)
[2026-04-21 20:14:14] Gate OPEN (phase 3/13)
[2026-04-21 20:14:18] Gate CLOSED (phase 3/13)
[2026-04-21 20:14:23] Gate OPEN (phase 4/13)
[2026-04-21 20:14:27] Gate CLOSED (phase 4/13)
[2026-04-21 20:14:31] >>> WINDOW: REDOX_DEEP (phase 5/13)
[2026-04-21 20:14:35] >>> WINDOW: REDOX_DEEP (phase 5/13)
[2026-04-21 20:14:40] Gate OPEN (phase 6/13)
[2026-04-21 20:14:44] Gate CLOSED (phase 6/13)
[2026-04-21 20:14:48] >>> WINDOW: HARMONY (phase 7/13)
[2026-04-21 20:14:52] >>> WINDOW: HARMONY (phase 7/13)
[2026-04-21 20:14:56] Gate OPEN (phase 8/13)
[2026-04-21 20:15:01] Gate CLOSED (phase 8/13)
[2026-04-21 20:15:05] Gate OPEN (phase 9/13)
[2026-04-21 20:15:09] Gate CLOSED (phase 9/13)
[2026-04-21 20:15:13] Gate OPEN (phase 10/13)
[2026-04-21 20:15:18] Gate CLOSED (phase 10/13)
[2026-04-21 20:15:22] Gate OPEN (phase 11/13)
[2026-04-21 20:15:26] Gate CLOSED (phase 11/13)
[2026-04-21 20:15:30] >>> WINDOW: HARVEST (phase 12/13)
[2026-04-21 20:15:35] >>> WINDOW: HARVEST (phase 12/13)
[2026-04-21 20:15:39] >>> WINDOW: RESET (phase 0/13)
[2026-04-21 20:15:43] >>> WINDOW: RESET (phase 0/13)
[2026-04-21 20:15:47] Gate OPEN (phase 1/13)
[2026-04-21 20:15:52] Gate CLOSED (phase 1/13)
[2026-04-21 20:15:56] Gate OPEN (phase 2/13)
[2026-04-21 20:16:00] Gate CLOSED (phase 2/13)
[2026-04-21 20:16:04] Gate OPEN (phase 3/13)
[2026-04-21 20:16:09] Gate CLOSED (phase 3/13)
[2026-04-21 20:16:13] Gate OPEN (phase 4/13)
[2026-04-21 20:16:17] Gate CLOSED (phase 4/13)
[2026-04-21 20:16:21] >>> WINDOW: REDOX_DEEP (phase 5/13)
[2026-04-21 20:16:25] >>> WINDOW: REDOX_DEEP (phase 5/13)
[2026-04-21 20:16:30] Gate OPEN (phase 6/13)
[2026-04-21 20:16:34] Gate CLOSED (phase 6/13)
[2026-04-21 20:16:38] >>> WINDOW: HARMONY (phase 7/13)
[2026-04-21 20:16:42] >>> WINDOW: HARMONY (phase 7/13)
[2026-04-21 20:16:47] Gate OPEN (phase 8/13)
[2026-04-21 20:16:51] Gate CLOSED (phase 8/13)
[2026-04-21 20:16:55] Gate OPEN (phase 9/13)
[2026-04-21 20:16:59] Gate CLOSED (phase 9/13)
[2026-04-21 20:17:04] Gate OPEN (phase 10/13)
[2026-04-21 20:17:08] Gate CLOSED (phase 10/13)
[2026-04-21 20:17:12] Gate OPEN (phase 11/13)
[2026-04-21 20:17:16] Gate CLOSED (phase 11/13)
[2026-04-21 20:17:21] >>> WINDOW: HARVEST (phase 12/13)
[2026-04-21 20:17:25] >>> WINDOW: HARVEST (phase 12/13)
[2026-04-21 20:17:29] >>> WINDOW: RESET (phase 0/13)
[2026-04-21 20:17:33] >>> WINDOW: RESET (phase 0/13)
[2026-04-21 20:17:37] Gate OPEN (phase 1/13)
[2026-04-21 20:17:42] Gate CLOSED (phase 1/13)
[2026-04-21 20:17:46] Gate OPEN (phase 2/13)
[2026-04-21 20:17:50] Gate CLOSED (phase 2/13)
[2026-04-21 20:17:54] Gate OPEN (phase 3/13)
[2026-04-21 20:17:59] Gate CLOSED (phase 3/13)
[2026-04-21 20:18:03] Gate OPEN (phase 4/13)
[2026-04-21 20:18:07] Gate CLOSED (phase 4/13)
[2026-04-21 20:18:11] >>> WINDOW: REDOX_DEEP (phase 5/13)
[2026-04-21 20:18:16] >>> WINDOW: REDOX_DEEP (phase 5/13)
[2026-04-21 20:18:20] Gate OPEN (phase 6/13)
[2026-04-21 20:18:24] Gate CLOSED (phase 6/13)
[2026-04-21 20:18:28] >>> WINDOW: HARMONY (phase 7/13)
[2026-04-21 20:18:33] >>> WINDOW: HARMONY (phase 7/13)
[2026-04-21 20:18:37] Gate OPEN (phase 8/13)
[2026-04-21 20:18:41] Gate CLOSED (phase 8/13)
[2026-04-21 20:18:45] Gate OPEN (phase 9/13)
[2026-04-21 20:18:50] Gate CLOSED (phase 9/13)
[2026-04-21 20:18:54] Gate OPEN (phase 10/13)
[2026-04-21 20:18:58] Gate CLOSED (phase 10/13)
[2026-04-21 20:19:02] Gate OPEN (phase 11/13)
[2026-04-21 20:19:06] Gate CLOSED (phase 11/13)
[2026-04-21 20:19:11] >>> WINDOW: HARVEST (phase 12/13)
[2026-04-21 20:19:15] >>> WINDOW: HARVEST (phase 12/13)
[2026-04-21 20:19:19] >>> WINDOW: RESET (phase 0/13)
[2026-04-21 20:19:23] >>> WINDOW: RESET (phase 0/13)
[2026-04-21 20:19:28] Gate OPEN (phase 1/13)
[2026-04-21 20:19:32] Gate CLOSED (phase 1/13)
[2026-04-21 20:19:36] Gate OPEN (phase 2/13)
[2026-04-21 20:19:40] Gate CLOSED (phase 2/13)
[2026-04-21 20:19:45] Gate OPEN (phase 3/13)
[2026-04-21 20:19:49] Gate CLOSED (phase 3/13)
[2026-04-21 20:19:53] Gate OPEN (phase 4/13)
[2026-04-21 20:19:57] Gate CLOSED (phase 4/13)
[2026-04-21 20:20:02] >>> WINDOW: REDOX_DEEP (phase 5/13)
[2026-04-21 20:20:06] >>> WINDOW: REDOX_DEEP (phase 5/13)
[2026-04-21 20:20:10] Gate OPEN (phase 6/13)
[2026-04-21 20:20:14] Gate CLOSED (phase 6/13)
[2026-04-21 20:20:19] >>> WINDOW: HARMONY (phase 7/13)
[2026-04-21 20:20:23] >>> WINDOW: HARMONY (phase 7/13)
[2026-04-21 20:20:27] Gate OPEN (phase 8/13)
[2026-04-21 20:20:31] Gate CLOSED (phase 8/13)
[2026-04-21 20:20:35] Gate OPEN (phase 9/13)
[2026-04-21 20:20:40] Gate CLOSED (phase 9/13)
[2026-04-21 20:20:44] Gate OPEN (phase 10/13)
[2026-04-21 20:20:48] Gate CLOSED (phase 10/13)
[2026-04-21 20:20:52] Gate OPEN (phase 11/13)
[2026-04-21 20:20:57] Gate CLOSED (phase 11/13)
[2026-04-21 20:21:01] >>> WINDOW: HARVEST (phase 12/13)
[2026-04-21 20:21:05] >>> WINDOW: HARVEST (phase 12/13)
[2026-04-21 20:21:09] >>> WINDOW: RESET (phase 0/13)
[2026-04-21 20:21:14] >>> WINDOW: RESET (phase 0/13)
[2026-04-21 20:21:18] Gate OPEN (phase 1/13)
[2026-04-21 20:21:22] Gate CLOSED (phase 1/13)
[2026-04-21 20:21:26] Gate OPEN (phase 2/13)
[2026-04-21 20:21:31] Gate CLOSED (phase 2/13)
[2026-04-21 20:21:35] Gate OPEN (phase 3/13)
[2026-04-21 20:21:39] Gate CLOSED (phase 3/13)
[2026-04-21 20:21:43] Gate OPEN (phase 4/13)
[2026-04-21 20:21:48] Gate CLOSED (phase 4/13)
[2026-04-21 20:21:52] >>> WINDOW: REDOX_DEEP (phase 5/13)
[2026-04-21 20:21:56] >>> WINDOW: REDOX_DEEP (phase 5/13)
[2026-04-21 20:22:00] Gate OPEN (phase 6/13)
[2026-04-21 20:22:04] Gate CLOSED (phase 6/13)
[2026-04-21 20:22:09] >>> WINDOW: HARMONY (phase 7/13)
[2026-04-21 20:22:13] >>> WINDOW: HARMONY (phase 7/13)
[2026-04-21 20:22:17] Gate OPEN (phase 8/13)
[2026-04-21 20:22:21] Gate CLOSED (phase 8/13)
[2026-04-21 20:22:26] Gate OPEN (phase 9/13)
[2026-04-21 20:22:30] Gate CLOSED (phase 9/13)
[2026-04-21 20:22:34] Gate OPEN (phase 10/13)
[2026-04-21 20:22:38] Gate CLOSED (phase 10/13)
[2026-04-21 20:22:43] Gate OPEN (phase 11/13)
[2026-04-21 20:22:47] Gate CLOSED (phase 11/13)
[2026-04-21 20:22:51] >>> WINDOW: HARVEST (phase 12/13)
[2026-04-21 20:22:55] >>> WINDOW: HARVEST (phase 12/13)
[2026-04-21 20:23:00] >>> WINDOW: RESET (phase 0/13)
[2026-04-21 20:23:04] >>> WINDOW: RESET (phase 0/13)
[2026-04-21 20:23:08] Gate OPEN (phase 1/13)
[2026-04-21 20:23:12] Gate CLOSED (phase 1/13)
[2026-04-21 20:23:17] Gate OPEN (phase 2/13)
[2026-04-21 20:23:21] Gate CLOSED (phase 2/13)
[2026-04-21 20:23:25] Gate OPEN (phase 3/13)
[2026-04-21 20:23:29] Gate CLOSED (phase 3/13)
[2026-04-21 20:23:34] Gate OPEN (phase 4/13)
[2026-04-21 20:23:38] Gate CLOSED (phase 4/13)
[2026-04-21 20:23:42] >>> WINDOW: REDOX_DEEP (phase 5/13)
[2026-04-21 20:23:46] >>> WINDOW: REDOX_DEEP (phase 5/13)
[2026-04-21 20:23:50] Gate OPEN (phase 6/13)
[2026-04-21 20:23:55] Gate CLOSED (phase 6/13)
[2026-04-21 20:23:59] >>> WINDOW: HARMONY (phase 7/13)
[2026-04-21 20:24:03] >>> WINDOW: HARMONY (phase 7/13)
[2026-04-21 20:24:07] Gate OPEN (phase 8/13)
[2026-04-21 20:24:12] Gate CLOSED (phase 8/13)
[2026-04-21 20:24:16] Gate OPEN (phase 9/13)
[2026-04-21 20:24:20] Gate CLOSED (phase 9/13)
[2026-04-21 20:24:24] Gate OPEN (phase 10/13)
[2026-04-21 20:24:29] Gate CLOSED (phase 10/13)
[2026-04-21 20:24:33] Gate OPEN (phase 11/13)
[2026-04-21 20:24:37] Gate CLOSED (phase 11/13)
[2026-04-21 20:24:41] >>> WINDOW: HARVEST (phase 12/13)
[2026-04-21 20:24:46] >>> WINDOW: HARVEST (phase 12/13)
[2026-04-21 20:24:50] >>> WINDOW: RESET (phase 0/13)
[2026-04-21 20:24:54] >>> WINDOW: RESET (phase 0/13)
[2026-04-21 20:24:58] Gate OPEN (phase 1/13)
[2026-04-21 20:25:02] Gate CLOSED (phase 1/13)
[2026-04-21 20:25:07] Gate OPEN (phase 2/13)
[2026-04-21 20:25:11] Gate CLOSED (phase 2/13)
[2026-04-21 20:25:15] Gate OPEN (phase 3/13)
[2026-04-21 20:25:19] Gate CLOSED (phase 3/13)
[2026-04-21 20:25:24] Gate OPEN (phase 4/13)
[2026-04-21 20:25:28] Gate CLOSED (phase 4/13)
[2026-04-21 20:25:32] >>> WINDOW: REDOX_DEEP (phase 5/13)
[2026-04-21 20:25:36] >>> WINDOW: REDOX_DEEP (phase 5/13)
[2026-04-21 20:25:41] Gate OPEN (phase 6/13)
[2026-04-21 20:25:45] Gate CLOSED (phase 6/13)
[2026-04-21 20:25:49] >>> WINDOW: HARMONY (phase 7/13)
[2026-04-21 20:25:53] >>> WINDOW: HARMONY (phase 7/13)
[2026-04-21 20:25:58] Gate OPEN (phase 8/13)
[2026-04-21 20:26:02] Gate CLOSED (phase 8/13)
[2026-04-21 20:26:06] Gate OPEN (phase 9/13)
[2026-04-21 20:26:10] Gate CLOSED (phase 9/13)
[2026-04-21 20:26:15] Gate OPEN (phase 10/13)
[2026-04-21 20:26:19] Gate CLOSED (phase 10/13)
[2026-04-21 20:26:23] Gate OPEN (phase 11/13)
[2026-04-21 20:26:27] Gate CLOSED (phase 11/13)
[2026-04-21 20:26:31] >>> WINDOW: HARVEST (phase 12/13)
[2026-04-21 20:26:36] >>> WINDOW: HARVEST (phase 12/13)
[2026-04-21 20:26:40] >>> WINDOW: RESET (phase 0/13)
[2026-04-21 20:26:44] >>> WINDOW: RESET (phase 0/13)
[2026-04-21 20:26:48] Gate OPEN (phase 1/13)
[2026-04-21 20:26:53] Gate CLOSED (phase 1/13)
[2026-04-21 20:26:57] Gate OPEN (phase 2/13)
[2026-04-21 20:27:01] Gate CLOSED (phase 2/13)
[2026-04-21 20:27:05] Gate OPEN (phase 3/13)
[2026-04-21 20:27:10] Gate CLOSED (phase 3/13)
[2026-04-21 20:27:14] Gate OPEN (phase 4/13)
[2026-04-21 20:27:18] Gate CLOSED (phase 4/13)
[2026-04-21 20:27:22] >>> WINDOW: REDOX_DEEP (phase 5/13)
[2026-04-21 20:27:27] >>> WINDOW: REDOX_DEEP (phase 5/13)
[2026-04-21 20:27:31] Gate OPEN (phase 6/13)
[2026-04-21 20:27:35] Gate CLOSED (phase 6/13)
[2026-04-21 20:27:39] >>> WINDOW: HARMONY (phase 7/13)
[2026-04-21 20:27:43] >>> WINDOW: HARMONY (phase 7/13)
[2026-04-21 20:27:48] Gate OPEN (phase 8/13)
[2026-04-21 20:27:52] Gate CLOSED (phase 8/13)
[2026-04-21 20:27:56] Gate OPEN (phase 9/13)
[2026-04-21 20:28:00] Gate CLOSED (phase 9/13)
[2026-04-21 20:28:05] Gate OPEN (phase 10/13)
[2026-04-21 20:28:09] Gate CLOSED (phase 10/13)
[2026-04-21 20:28:13] Gate OPEN (phase 11/13)
[2026-04-21 20:28:17] Gate CLOSED (phase 11/13)
[2026-04-21 20:28:22] >>> WINDOW: HARVEST (phase 12/13)
[2026-04-21 20:28:26] >>> WINDOW: HARVEST (phase 12/13)
[2026-04-21 20:28:30] >>> WINDOW: RESET (phase 0/13)
[2026-04-21 20:28:34] >>> WINDOW: RESET (phase 0/13)
[2026-04-21 20:28:39] Gate OPEN (phase 1/13)
[2026-04-21 20:28:43] Gate CLOSED (phase 1/13)
[2026-04-21 20:28:47] Gate OPEN (phase 2/13)
[2026-04-21 20:28:51] Gate CLOSED (phase 2/13)
[2026-04-21 20:28:55] Gate OPEN (phase 3/13)
[2026-04-21 20:29:00] Gate CLOSED (phase 3/13)
[2026-04-21 20:29:04] Gate OPEN (phase 4/13)
[2026-04-21 20:29:08] Gate CLOSED (phase 4/13)
[2026-04-21 20:29:12] >>> WINDOW: REDOX_DEEP (phase 5/13)
[2026-04-21 20:29:17] >>> WINDOW: REDOX_DEEP (phase 5/13)
[2026-04-21 20:29:21] Gate OPEN (phase 6/13)
[2026-04-21 20:29:25] Gate CLOSED (phase 6/13)
[2026-04-21 20:29:29] >>> WINDOW: HARMONY (phase 7/13)
[2026-04-21 20:29:34] >>> WINDOW: HARMONY (phase 7/13)
[2026-04-21 20:29:38] Gate OPEN (phase 8/13)
