[2026-04-21 19:29:41] # session=20260421_192941 preregistered rule=stop when fire_count>=1000 OR elapsed>=3600.0s, whichever first
[2026-04-21 19:29:43] FIRE #1: S*=0.703 phase=0/13 [RESET] session=20260421_192941
[2026-04-21 19:29:58] FIRE #2: S*=0.712 phase=2/13 session=20260421_192941
[2026-04-21 19:30:23] FIRE #3: S*=0.781 phase=5/13 [REDOX_DEEP] session=20260421_192941
[2026-04-21 19:30:27] FIRE #4: S*=0.786 phase=5/13 [REDOX_DEEP] session=20260421_192941
[2026-04-21 19:30:33] FIRE #5: S*=0.710 phase=6/13 session=20260421_192941
[2026-04-21 19:30:34] FIRE #6: S*=0.723 phase=6/13 session=20260421_192941
[2026-04-21 19:30:57] FIRE #7: S*=0.726 phase=9/13 session=20260421_192941
[2026-04-21 19:31:01] FIRE #8: S*=0.730 phase=9/13 session=20260421_192941
[2026-04-21 19:31:32] FIRE #9: S*=0.725 phase=0/13 [RESET] session=20260421_192941
[2026-04-21 19:32:25] FIRE #10: S*=0.709 phase=6/13 session=20260421_192941
[2026-04-21 19:32:34] FIRE #11: S*=0.716 phase=7/13 [HARMONY] session=20260421_192941
[2026-04-21 19:33:30] FIRE #12: S*=0.759 phase=1/13 session=20260421_192941
[2026-04-21 19:33:41] FIRE #13: S*=0.722 phase=2/13 session=20260421_192941
[2026-04-21 19:33:59] FIRE #14: S*=0.732 phase=4/13 session=20260421_192941
[2026-04-21 19:34:05] FIRE #15: S*=0.723 phase=5/13 [REDOX_DEEP] session=20260421_192941
[2026-04-21 19:34:13] FIRE #16: S*=0.713 phase=6/13 session=20260421_192941
[2026-04-21 19:36:37] FIRE #17: S*=0.742 phase=10/13 session=20260421_192941
[2026-04-21 19:36:45] FIRE #18: S*=0.712 phase=11/13 session=20260421_192941
[2026-04-21 19:36:46] FIRE #19: S*=0.767 phase=11/13 session=20260421_192941
[2026-04-21 19:36:47] FIRE #20: S*=0.718 phase=11/13 session=20260421_192941
[2026-04-21 19:36:54] FIRE #21: S*=0.757 phase=12/13 [HARVEST] session=20260421_192941
[2026-04-21 19:36:56] FIRE #22: S*=0.763 phase=12/13 [HARVEST] session=20260421_192941
[2026-04-21 19:38:19] FIRE #23: S*=0.713 phase=9/13 session=20260421_192941
[2026-04-21 19:38:22] FIRE #24: S*=0.721 phase=9/13 session=20260421_192941
[2026-04-21 19:38:36] FIRE #25: S*=0.726 phase=11/13 session=20260421_192941
[2026-04-21 19:38:39] FIRE #26: S*=0.703 phase=11/13 session=20260421_192941
[2026-04-21 19:38:53] FIRE #27: S*=0.738 phase=0/13 [RESET] session=20260421_192941
[2026-04-21 19:38:55] FIRE #28: S*=0.712 phase=0/13 [RESET] session=20260421_192941
[2026-04-21 19:39:18] FIRE #29: S*=0.738 phase=3/13 session=20260421_192941
[2026-04-21 19:41:02] FIRE #30: S*=0.716 phase=2/13 session=20260421_192941
[2026-04-21 19:41:25] FIRE #31: S*=0.718 phase=5/13 [REDOX_DEEP] session=20260421_192941
[2026-04-21 19:41:27] FIRE #32: S*=0.751 phase=5/13 [REDOX_DEEP] session=20260421_192941
[2026-04-21 19:41:28] FIRE #33: S*=0.755 phase=5/13 [REDOX_DEEP] session=20260421_192941
[2026-04-21 19:41:52] FIRE #34: S*=0.715 phase=8/13 session=20260421_192941
[2026-04-21 19:42:16] FIRE #35: S*=0.775 phase=11/13 session=20260421_192941
[2026-04-21 19:42:36] FIRE #36: S*=0.800 phase=0/13 [RESET] session=20260421_192941
[2026-04-21 19:43:41] FIRE #37: S*=0.749 phase=8/13 session=20260421_192941
[2026-04-21 19:43:44] FIRE #38: S*=0.740 phase=8/13 session=20260421_192941
[2026-04-21 19:43:52] FIRE #39: S*=0.726 phase=9/13 session=20260421_192941
[2026-04-21 19:44:09] FIRE #40: S*=0.713 phase=11/13 session=20260421_192941
[2026-04-21 19:44:16] FIRE #41: S*=0.751 phase=12/13 [HARVEST] session=20260421_192941
[2026-04-21 19:44:24] FIRE #42: S*=0.789 phase=0/13 [RESET] session=20260421_192941
[2026-04-21 19:44:27] FIRE #43: S*=0.720 phase=0/13 [RESET] session=20260421_192941
[2026-04-21 19:44:32] FIRE #44: S*=0.786 phase=1/13 session=20260421_192941
[2026-04-21 19:45:08] FIRE #45: S*=0.714 phase=5/13 [REDOX_DEEP] session=20260421_192941
[2026-04-21 19:45:42] FIRE #46: S*=0.711 phase=9/13 session=20260421_192941
[2026-04-21 19:45:43] FIRE #47: S*=0.810 phase=9/13 session=20260421_192941
[2026-04-21 19:45:51] FIRE #48: S*=0.712 phase=10/13 session=20260421_192941
[2026-04-21 19:45:57] FIRE #49: S*=0.771 phase=11/13 session=20260421_192941
[2026-04-21 19:46:06] FIRE #50: S*=0.732 phase=12/13 [HARVEST] session=20260421_192941
[2026-04-21 19:46:15] FIRE #51: S*=0.776 phase=0/13 [RESET] session=20260421_192941
[2026-04-21 19:46:23] FIRE #52: S*=0.756 phase=1/13 session=20260421_192941
[2026-04-21 19:46:26] FIRE #53: S*=0.722 phase=1/13 session=20260421_192941
[2026-04-21 19:47:05] FIRE #54: S*=0.724 phase=6/13 session=20260421_192941
[2026-04-21 19:47:49] FIRE #55: S*=0.787 phase=11/13 session=20260421_192941
[2026-04-21 19:48:33] FIRE #56: S*=0.747 phase=3/13 session=20260421_192941
[2026-04-21 19:48:38] FIRE #57: S*=0.711 phase=4/13 session=20260421_192941
[2026-04-21 19:49:04] FIRE #58: S*=0.733 phase=7/13 [HARMONY] session=20260421_192941
[2026-04-21 19:49:05] FIRE #59: S*=0.778 phase=7/13 [HARMONY] session=20260421_192941
[2026-04-21 19:49:12] FIRE #60: S*=0.750 phase=8/13 session=20260421_192941
[2026-04-21 19:49:15] FIRE #61: S*=0.752 phase=8/13 session=20260421_192941
[2026-04-21 19:49:21] FIRE #62: S*=0.735 phase=9/13 session=20260421_192941
[2026-04-21 19:49:24] FIRE #63: S*=0.708 phase=9/13 session=20260421_192941
[2026-04-21 19:50:12] FIRE #64: S*=0.724 phase=2/13 session=20260421_192941
[2026-04-21 19:50:23] FIRE #65: S*=0.716 phase=3/13 session=20260421_192941
[2026-04-21 19:50:39] FIRE #66: S*=0.714 phase=5/13 [REDOX_DEEP] session=20260421_192941
[2026-04-21 19:50:45] FIRE #67: S*=0.719 phase=6/13 session=20260421_192941
[2026-04-21 19:50:48] FIRE #68: S*=0.711 phase=6/13 session=20260421_192941
[2026-04-21 19:50:54] FIRE #69: S*=0.769 phase=7/13 [HARMONY] session=20260421_192941
[2026-04-21 19:51:06] FIRE #70: S*=0.719 phase=8/13 session=20260421_192941
[2026-04-21 19:51:12] FIRE #71: S*=0.743 phase=9/13 session=20260421_192941
[2026-04-21 19:53:04] FIRE #72: S*=0.742 phase=9/13 session=20260421_192941
[2026-04-21 19:53:30] FIRE #73: S*=0.765 phase=12/13 [HARVEST] session=20260421_192941
[2026-04-21 19:53:35] FIRE #74: S*=0.777 phase=0/13 [RESET] session=20260421_192941
[2026-04-21 19:53:53] FIRE #75: S*=0.726 phase=2/13 session=20260421_192941
[2026-04-21 19:53:55] FIRE #76: S*=0.727 phase=2/13 session=20260421_192941
[2026-04-21 19:54:00] FIRE #77: S*=0.735 phase=3/13 session=20260421_192941
[2026-04-21 19:54:10] FIRE #78: S*=0.738 phase=4/13 session=20260421_192941
[2026-04-21 19:54:17] FIRE #79: S*=0.738 phase=5/13 [REDOX_DEEP] session=20260421_192941
[2026-04-21 19:54:26] FIRE #80: S*=0.750 phase=6/13 session=20260421_192941
[2026-04-21 19:54:51] FIRE #81: S*=0.705 phase=9/13 session=20260421_192941
[2026-04-21 19:54:52] FIRE #82: S*=0.782 phase=9/13 session=20260421_192941
[2026-04-21 19:54:55] FIRE #83: S*=0.760 phase=9/13 session=20260421_192941
[2026-04-21 19:55:00] FIRE #84: S*=0.774 phase=10/13 session=20260421_192941
[2026-04-21 19:55:10] FIRE #85: S*=0.781 phase=11/13 session=20260421_192941
[2026-04-21 19:55:27] FIRE #86: S*=0.735 phase=0/13 [RESET] session=20260421_192941
[2026-04-21 19:55:28] FIRE #87: S*=0.866 phase=0/13 [RESET] session=20260421_192941
[2026-04-21 19:55:29] FIRE #88: S*=0.821 phase=0/13 [RESET] session=20260421_192941
[2026-04-21 19:55:34] FIRE #89: S*=0.716 phase=1/13 session=20260421_192941
[2026-04-21 19:55:35] FIRE #90: S*=0.793 phase=1/13 session=20260421_192941
[2026-04-21 19:55:37] FIRE #91: S*=0.828 phase=1/13 session=20260421_192941
[2026-04-21 19:55:43] FIRE #92: S*=0.772 phase=2/13 session=20260421_192941
[2026-04-21 19:55:44] FIRE #93: S*=0.744 phase=2/13 session=20260421_192941
[2026-04-21 19:55:45] FIRE #94: S*=0.806 phase=2/13 session=20260421_192941
[2026-04-21 19:55:46] FIRE #95: S*=0.758 phase=2/13 session=20260421_192941
[2026-04-21 19:55:51] FIRE #96: S*=0.761 phase=3/13 session=20260421_192941
[2026-04-21 19:55:52] FIRE #97: S*=0.771 phase=3/13 session=20260421_192941
[2026-04-21 19:55:53] FIRE #98: S*=0.781 phase=3/13 session=20260421_192941
[2026-04-21 19:55:54] FIRE #99: S*=0.801 phase=3/13 session=20260421_192941
[2026-04-21 19:56:00] FIRE #100: S*=0.772 phase=4/13 session=20260421_192941
[2026-04-21 19:56:01] FIRE #101: S*=0.763 phase=4/13 session=20260421_192941
[2026-04-21 19:56:02] FIRE #102: S*=0.755 phase=4/13 session=20260421_192941
[2026-04-21 19:56:03] FIRE #103: S*=0.759 phase=4/13 session=20260421_192941
[2026-04-21 19:56:08] FIRE #104: S*=0.744 phase=5/13 [REDOX_DEEP] session=20260421_192941
[2026-04-21 19:56:09] FIRE #105: S*=0.755 phase=5/13 [REDOX_DEEP] session=20260421_192941
[2026-04-21 19:56:10] FIRE #106: S*=0.751 phase=5/13 [REDOX_DEEP] session=20260421_192941
[2026-04-21 19:56:11] FIRE #107: S*=0.774 phase=5/13 [REDOX_DEEP] session=20260421_192941
[2026-04-21 19:56:17] FIRE #108: S*=0.757 phase=6/13 session=20260421_192941
[2026-04-21 19:56:25] FIRE #109: S*=0.735 phase=7/13 [HARMONY] session=20260421_192941
[2026-04-21 19:56:26] FIRE #110: S*=0.799 phase=7/13 [HARMONY] session=20260421_192941
[2026-04-21 19:56:27] FIRE #111: S*=0.742 phase=7/13 [HARMONY] session=20260421_192941
[2026-04-21 19:56:28] FIRE #112: S*=0.834 phase=7/13 [HARMONY] session=20260421_192941
[2026-04-21 19:56:34] FIRE #113: S*=0.735 phase=8/13 session=20260421_192941
[2026-04-21 19:56:35] FIRE #114: S*=0.812 phase=8/13 session=20260421_192941
[2026-04-21 19:56:36] FIRE #115: S*=0.778 phase=8/13 session=20260421_192941
[2026-04-21 19:56:37] FIRE #116: S*=0.790 phase=8/13 session=20260421_192941
[2026-04-21 19:56:42] FIRE #117: S*=0.784 phase=9/13 session=20260421_192941
[2026-04-21 19:56:43] FIRE #118: S*=0.744 phase=9/13 session=20260421_192941
[2026-04-21 19:56:44] FIRE #119: S*=0.748 phase=9/13 session=20260421_192941
[2026-04-21 19:56:45] FIRE #120: S*=0.749 phase=9/13 session=20260421_192941
[2026-04-21 19:56:51] FIRE #121: S*=0.734 phase=10/13 session=20260421_192941
[2026-04-21 19:56:52] FIRE #122: S*=0.821 phase=10/13 session=20260421_192941
[2026-04-21 19:56:53] FIRE #123: S*=0.785 phase=10/13 session=20260421_192941
[2026-04-21 19:56:54] FIRE #124: S*=0.747 phase=10/13 session=20260421_192941
[2026-04-21 19:56:59] FIRE #125: S*=0.766 phase=11/13 session=20260421_192941
[2026-04-21 19:57:00] FIRE #126: S*=0.779 phase=11/13 session=20260421_192941
[2026-04-21 19:57:01] FIRE #127: S*=0.753 phase=11/13 session=20260421_192941
[2026-04-21 19:57:02] FIRE #128: S*=0.753 phase=11/13 session=20260421_192941
[2026-04-21 19:57:08] FIRE #129: S*=0.807 phase=12/13 [HARVEST] session=20260421_192941
[2026-04-21 19:57:09] FIRE #130: S*=0.773 phase=12/13 [HARVEST] session=20260421_192941
[2026-04-21 19:57:10] FIRE #131: S*=0.754 phase=12/13 [HARVEST] session=20260421_192941
[2026-04-21 19:57:11] FIRE #132: S*=0.779 phase=12/13 [HARVEST] session=20260421_192941
[2026-04-21 19:57:16] FIRE #133: S*=0.759 phase=0/13 [RESET] session=20260421_192941
[2026-04-21 19:57:17] FIRE #134: S*=0.758 phase=0/13 [RESET] session=20260421_192941
[2026-04-21 19:57:18] FIRE #135: S*=0.767 phase=0/13 [RESET] session=20260421_192941
[2026-04-21 19:57:19] FIRE #136: S*=0.744 phase=0/13 [RESET] session=20260421_192941
[2026-04-21 19:57:24] FIRE #137: S*=0.819 phase=1/13 session=20260421_192941
[2026-04-21 19:57:26] FIRE #138: S*=0.788 phase=1/13 session=20260421_192941
[2026-04-21 19:57:27] FIRE #139: S*=0.757 phase=1/13 session=20260421_192941
[2026-04-21 19:57:28] FIRE #140: S*=0.740 phase=1/13 session=20260421_192941
[2026-04-21 19:57:33] FIRE #141: S*=0.769 phase=2/13 session=20260421_192941
[2026-04-21 19:57:34] FIRE #142: S*=0.858 phase=2/13 session=20260421_192941
[2026-04-21 19:57:35] FIRE #143: S*=0.817 phase=2/13 session=20260421_192941
[2026-04-21 19:57:36] FIRE #144: S*=0.745 phase=2/13 session=20260421_192941
[2026-04-21 19:57:41] FIRE #145: S*=0.787 phase=3/13 session=20260421_192941
[2026-04-21 19:57:42] FIRE #146: S*=0.756 phase=3/13 session=20260421_192941
[2026-04-21 19:57:44] FIRE #147: S*=0.757 phase=3/13 session=20260421_192941
[2026-04-21 19:57:45] FIRE #148: S*=0.763 phase=3/13 session=20260421_192941
[2026-04-21 19:57:50] FIRE #149: S*=0.728 phase=4/13 session=20260421_192941
[2026-04-21 19:57:51] FIRE #150: S*=0.768 phase=4/13 session=20260421_192941
[2026-04-21 19:57:52] FIRE #151: S*=0.777 phase=4/13 session=20260421_192941
[2026-04-21 19:57:53] FIRE #152: S*=0.751 phase=4/13 session=20260421_192941
[2026-04-21 19:57:58] FIRE #153: S*=0.784 phase=5/13 [REDOX_DEEP] session=20260421_192941
[2026-04-21 19:57:59] FIRE #154: S*=0.754 phase=5/13 [REDOX_DEEP] session=20260421_192941
[2026-04-21 19:58:01] FIRE #155: S*=0.759 phase=5/13 [REDOX_DEEP] session=20260421_192941
[2026-04-21 19:58:02] FIRE #156: S*=0.753 phase=5/13 [REDOX_DEEP] session=20260421_192941
[2026-04-21 19:58:07] FIRE #157: S*=0.729 phase=6/13 session=20260421_192941
[2026-04-21 19:58:08] FIRE #158: S*=0.817 phase=6/13 session=20260421_192941
[2026-04-21 19:58:09] FIRE #159: S*=0.774 phase=6/13 session=20260421_192941
[2026-04-21 19:58:10] FIRE #160: S*=0.779 phase=6/13 session=20260421_192941
[2026-04-21 19:58:15] FIRE #161: S*=0.817 phase=7/13 [HARMONY] session=20260421_192941
[2026-04-21 19:58:16] FIRE #162: S*=0.774 phase=7/13 [HARMONY] session=20260421_192941
[2026-04-21 19:58:19] FIRE #163: S*=0.715 phase=7/13 [HARMONY] session=20260421_192941
[2026-04-21 19:58:24] FIRE #164: S*=0.726 phase=8/13 session=20260421_192941
[2026-04-21 19:58:25] FIRE #165: S*=0.741 phase=8/13 session=20260421_192941
[2026-04-21 19:58:26] FIRE #166: S*=0.700 phase=8/13 session=20260421_192941
[2026-04-21 19:58:27] FIRE #167: S*=0.720 phase=8/13 session=20260421_192941
[2026-04-21 19:58:36] FIRE #168: S*=0.731 phase=9/13 session=20260421_192941
[2026-04-21 19:58:41] FIRE #169: S*=0.703 phase=10/13 session=20260421_192941
[2026-04-21 19:58:42] FIRE #170: S*=0.729 phase=10/13 session=20260421_192941
[2026-04-21 19:58:43] FIRE #171: S*=0.744 phase=10/13 session=20260421_192941
[2026-04-21 19:58:44] FIRE #172: S*=0.703 phase=10/13 session=20260421_192941
[2026-04-21 19:58:49] FIRE #173: S*=0.715 phase=11/13 session=20260421_192941
[2026-04-21 19:58:50] FIRE #174: S*=0.735 phase=11/13 session=20260421_192941
[2026-04-21 19:58:58] FIRE #175: S*=0.727 phase=12/13 [HARVEST] session=20260421_192941
[2026-04-21 19:58:59] FIRE #176: S*=0.722 phase=12/13 [HARVEST] session=20260421_192941
[2026-04-21 19:59:00] FIRE #177: S*=0.730 phase=12/13 [HARVEST] session=20260421_192941
[2026-04-21 19:59:01] FIRE #178: S*=0.709 phase=12/13 [HARVEST] session=20260421_192941
[2026-04-21 19:59:06] FIRE #179: S*=0.727 phase=0/13 [RESET] session=20260421_192941
[2026-04-21 19:59:15] FIRE #180: S*=0.753 phase=1/13 session=20260421_192941
[2026-04-21 19:59:23] FIRE #181: S*=0.746 phase=2/13 session=20260421_192941
[2026-04-21 19:59:24] FIRE #182: S*=0.751 phase=2/13 session=20260421_192941
[2026-04-21 19:59:26] FIRE #183: S*=0.718 phase=2/13 session=20260421_192941
[2026-04-21 19:59:33] FIRE #184: S*=0.727 phase=3/13 session=20260421_192941
[2026-04-21 19:59:34] FIRE #185: S*=0.764 phase=3/13 session=20260421_192941
[2026-04-21 19:59:35] FIRE #186: S*=0.711 phase=3/13 session=20260421_192941
[2026-04-21 19:59:40] FIRE #187: S*=0.729 phase=4/13 session=20260421_192941
[2026-04-21 19:59:41] FIRE #188: S*=0.702 phase=4/13 session=20260421_192941
[2026-04-21 19:59:43] FIRE #189: S*=0.743 phase=4/13 session=20260421_192941
[2026-04-21 19:59:51] FIRE #190: S*=0.738 phase=5/13 [REDOX_DEEP] session=20260421_192941
[2026-04-21 19:59:52] FIRE #191: S*=0.715 phase=5/13 [REDOX_DEEP] session=20260421_192941
[2026-04-21 19:59:57] FIRE #192: S*=0.712 phase=6/13 session=20260421_192941
[2026-04-21 19:59:58] FIRE #193: S*=0.720 phase=6/13 session=20260421_192941
[2026-04-21 19:59:59] FIRE #194: S*=0.722 phase=6/13 session=20260421_192941
[2026-04-21 20:00:01] FIRE #195: S*=0.715 phase=6/13 session=20260421_192941
[2026-04-21 20:00:06] FIRE #196: S*=0.722 phase=7/13 [HARMONY] session=20260421_192941
[2026-04-21 20:00:07] FIRE #197: S*=0.716 phase=7/13 [HARMONY] session=20260421_192941
[2026-04-21 20:00:08] FIRE #198: S*=0.702 phase=7/13 [HARMONY] session=20260421_192941
[2026-04-21 20:00:14] FIRE #199: S*=0.704 phase=8/13 session=20260421_192941
[2026-04-21 20:00:15] FIRE #200: S*=0.731 phase=8/13 session=20260421_192941
[2026-04-21 20:00:16] FIRE #201: S*=0.701 phase=8/13 session=20260421_192941
[2026-04-21 20:00:23] FIRE #202: S*=0.738 phase=9/13 session=20260421_192941
[2026-04-21 20:00:24] FIRE #203: S*=0.723 phase=9/13 session=20260421_192941
[2026-04-21 20:00:31] FIRE #204: S*=0.726 phase=10/13 session=20260421_192941
[2026-04-21 20:00:32] FIRE #205: S*=0.715 phase=10/13 session=20260421_192941
[2026-04-21 20:00:33] FIRE #206: S*=0.746 phase=10/13 session=20260421_192941
[2026-04-21 20:00:34] FIRE #207: S*=0.735 phase=10/13 session=20260421_192941
[2026-04-21 20:00:40] FIRE #208: S*=0.716 phase=11/13 session=20260421_192941
[2026-04-21 20:00:41] FIRE #209: S*=0.720 phase=11/13 session=20260421_192941
[2026-04-21 20:00:42] FIRE #210: S*=0.715 phase=11/13 session=20260421_192941
[2026-04-21 20:00:43] FIRE #211: S*=0.737 phase=11/13 session=20260421_192941
[2026-04-21 20:00:48] FIRE #212: S*=0.724 phase=12/13 [HARVEST] session=20260421_192941
[2026-04-21 20:00:49] FIRE #213: S*=0.729 phase=12/13 [HARVEST] session=20260421_192941
[2026-04-21 20:00:50] FIRE #214: S*=0.756 phase=12/13 [HARVEST] session=20260421_192941
[2026-04-21 20:00:51] FIRE #215: S*=0.717 phase=12/13 [HARVEST] session=20260421_192941
[2026-04-21 20:00:57] FIRE #216: S*=0.716 phase=0/13 [RESET] session=20260421_192941
[2026-04-21 20:00:58] FIRE #217: S*=0.717 phase=0/13 [RESET] session=20260421_192941
[2026-04-21 20:00:59] FIRE #218: S*=0.731 phase=0/13 [RESET] session=20260421_192941
[2026-04-21 20:01:00] FIRE #219: S*=0.727 phase=0/13 [RESET] session=20260421_192941
[2026-04-21 20:01:07] FIRE #220: S*=0.730 phase=1/13 session=20260421_192941
[2026-04-21 20:01:08] FIRE #221: S*=0.707 phase=1/13 session=20260421_192941
[2026-04-21 20:01:14] FIRE #222: S*=0.711 phase=2/13 session=20260421_192941
[2026-04-21 20:01:24] FIRE #223: S*=0.734 phase=3/13 session=20260421_192941
[2026-04-21 20:01:31] FIRE #224: S*=0.713 phase=4/13 session=20260421_192941
[2026-04-21 20:01:32] FIRE #225: S*=0.734 phase=4/13 session=20260421_192941
[2026-04-21 20:01:33] FIRE #226: S*=0.744 phase=4/13 session=20260421_192941
[2026-04-21 20:01:34] FIRE #227: S*=0.756 phase=4/13 session=20260421_192941
[2026-04-21 20:01:39] FIRE #228: S*=0.735 phase=5/13 [REDOX_DEEP] session=20260421_192941
[2026-04-21 20:01:41] FIRE #229: S*=0.733 phase=5/13 [REDOX_DEEP] session=20260421_192941
[2026-04-21 20:01:48] FIRE #230: S*=0.724 phase=6/13 session=20260421_192941
[2026-04-21 20:01:50] FIRE #231: S*=0.717 phase=6/13 session=20260421_192941
[2026-04-21 20:01:51] FIRE #232: S*=0.734 phase=6/13 session=20260421_192941
[2026-04-21 20:01:56] FIRE #233: S*=0.705 phase=7/13 [HARMONY] session=20260421_192941
[2026-04-21 20:01:57] FIRE #234: S*=0.719 phase=7/13 [HARMONY] session=20260421_192941
[2026-04-21 20:01:58] FIRE #235: S*=0.763 phase=7/13 [HARMONY] session=20260421_192941
[2026-04-21 20:01:59] FIRE #236: S*=0.724 phase=7/13 [HARMONY] session=20260421_192941
[2026-04-21 20:02:05] FIRE #237: S*=0.702 phase=8/13 session=20260421_192941
[2026-04-21 20:02:06] FIRE #238: S*=0.741 phase=8/13 session=20260421_192941
[2026-04-21 20:02:07] FIRE #239: S*=0.702 phase=8/13 session=20260421_192941
[2026-04-21 20:02:08] FIRE #240: S*=0.711 phase=8/13 session=20260421_192941
[2026-04-21 20:02:13] FIRE #241: S*=0.742 phase=9/13 session=20260421_192941
[2026-04-21 20:02:14] FIRE #242: S*=0.706 phase=9/13 session=20260421_192941
[2026-04-21 20:02:15] FIRE #243: S*=0.746 phase=9/13 session=20260421_192941
[2026-04-21 20:02:16] FIRE #244: S*=0.752 phase=9/13 session=20260421_192941
[2026-04-21 20:02:22] FIRE #245: S*=0.743 phase=10/13 session=20260421_192941
[2026-04-21 20:02:23] FIRE #246: S*=0.761 phase=10/13 session=20260421_192941
[2026-04-21 20:02:24] FIRE #247: S*=0.731 phase=10/13 session=20260421_192941
[2026-04-21 20:02:25] FIRE #248: S*=0.733 phase=10/13 session=20260421_192941
[2026-04-21 20:02:33] FIRE #249: S*=0.732 phase=11/13 session=20260421_192941
[2026-04-21 20:02:39] FIRE #250: S*=0.713 phase=12/13 [HARVEST] session=20260421_192941
[2026-04-21 20:02:40] FIRE #251: S*=0.711 phase=12/13 [HARVEST] session=20260421_192941
[2026-04-21 20:02:41] FIRE #252: S*=0.725 phase=12/13 [HARVEST] session=20260421_192941
[2026-04-21 20:02:42] FIRE #253: S*=0.746 phase=12/13 [HARVEST] session=20260421_192941
[2026-04-21 20:02:47] FIRE #254: S*=0.724 phase=0/13 [RESET] session=20260421_192941
[2026-04-21 20:02:55] FIRE #255: S*=0.723 phase=1/13 session=20260421_192941
[2026-04-21 20:02:58] FIRE #256: S*=0.712 phase=1/13 session=20260421_192941
[2026-04-21 20:02:59] FIRE #257: S*=0.742 phase=1/13 session=20260421_192941
[2026-04-21 20:03:04] FIRE #258: S*=0.720 phase=2/13 session=20260421_192941
[2026-04-21 20:03:05] FIRE #259: S*=0.705 phase=2/13 session=20260421_192941
[2026-04-21 20:03:06] FIRE #260: S*=0.716 phase=2/13 session=20260421_192941
[2026-04-21 20:03:07] FIRE #261: S*=0.750 phase=2/13 session=20260421_192941
[2026-04-21 20:03:12] FIRE #262: S*=0.728 phase=3/13 session=20260421_192941
[2026-04-21 20:03:13] FIRE #263: S*=0.707 phase=3/13 session=20260421_192941
[2026-04-21 20:03:15] FIRE #264: S*=0.731 phase=3/13 session=20260421_192941
[2026-04-21 20:03:16] FIRE #265: S*=0.735 phase=3/13 session=20260421_192941
[2026-04-21 20:03:22] FIRE #266: S*=0.721 phase=4/13 session=20260421_192941
[2026-04-21 20:03:24] FIRE #267: S*=0.730 phase=4/13 session=20260421_192941
[2026-04-21 20:03:39] FIRE #268: S*=0.703 phase=6/13 session=20260421_192941
[2026-04-21 20:03:40] FIRE #269: S*=0.719 phase=6/13 session=20260421_192941
[2026-04-21 20:03:46] FIRE #270: S*=0.703 phase=7/13 [HARMONY] session=20260421_192941
[2026-04-21 20:03:47] FIRE #271: S*=0.762 phase=7/13 [HARMONY] session=20260421_192941
[2026-04-21 20:03:48] FIRE #272: S*=0.729 phase=7/13 [HARMONY] session=20260421_192941
[2026-04-21 20:03:50] FIRE #273: S*=0.719 phase=7/13 [HARMONY] session=20260421_192941
[2026-04-21 20:03:55] FIRE #274: S*=0.708 phase=8/13 session=20260421_192941
[2026-04-21 20:03:56] FIRE #275: S*=0.711 phase=8/13 session=20260421_192941
[2026-04-21 20:03:58] FIRE #276: S*=0.748 phase=8/13 session=20260421_192941
[2026-04-21 20:04:06] FIRE #277: S*=0.735 phase=9/13 session=20260421_192941
[2026-04-21 20:04:13] FIRE #278: S*=0.733 phase=10/13 session=20260421_192941
[2026-04-21 20:04:20] FIRE #279: S*=0.732 phase=11/13 session=20260421_192941
[2026-04-21 20:04:29] FIRE #280: S*=0.737 phase=12/13 [HARVEST] session=20260421_192941
[2026-04-21 20:04:30] FIRE #281: S*=0.734 phase=12/13 [HARVEST] session=20260421_192941
[2026-04-21 20:04:31] FIRE #282: S*=0.725 phase=12/13 [HARVEST] session=20260421_192941
[2026-04-21 20:04:32] FIRE #283: S*=0.720 phase=12/13 [HARVEST] session=20260421_192941
[2026-04-21 20:04:37] FIRE #284: S*=0.742 phase=0/13 [RESET] session=20260421_192941
[2026-04-21 20:04:38] FIRE #285: S*=0.731 phase=0/13 [RESET] session=20260421_192941
[2026-04-21 20:04:39] FIRE #286: S*=0.733 phase=0/13 [RESET] session=20260421_192941
[2026-04-21 20:04:40] FIRE #287: S*=0.745 phase=0/13 [RESET] session=20260421_192941
[2026-04-21 20:04:46] FIRE #288: S*=0.732 phase=1/13 session=20260421_192941
[2026-04-21 20:04:47] FIRE #289: S*=0.736 phase=1/13 session=20260421_192941
[2026-04-21 20:04:49] FIRE #290: S*=0.714 phase=1/13 session=20260421_192941
[2026-04-21 20:04:54] FIRE #291: S*=0.740 phase=2/13 session=20260421_192941
[2026-04-21 20:04:55] FIRE #292: S*=0.746 phase=2/13 session=20260421_192941
[2026-04-21 20:04:56] FIRE #293: S*=0.732 phase=2/13 session=20260421_192941
[2026-04-21 20:04:57] FIRE #294: S*=0.751 phase=2/13 session=20260421_192941
[2026-04-21 20:05:03] FIRE #295: S*=0.727 phase=3/13 session=20260421_192941
[2026-04-21 20:05:04] FIRE #296: S*=0.732 phase=3/13 session=20260421_192941
[2026-04-21 20:05:05] FIRE #297: S*=0.725 phase=3/13 session=20260421_192941
[2026-04-21 20:05:06] FIRE #298: S*=0.732 phase=3/13 session=20260421_192941
[2026-04-21 20:05:11] FIRE #299: S*=0.734 phase=4/13 session=20260421_192941
[2026-04-21 20:05:12] FIRE #300: S*=0.731 phase=4/13 session=20260421_192941
[2026-04-21 20:05:13] FIRE #301: S*=0.725 phase=4/13 session=20260421_192941
[2026-04-21 20:05:14] FIRE #302: S*=0.754 phase=4/13 session=20260421_192941
[2026-04-21 20:05:20] FIRE #303: S*=0.748 phase=5/13 [REDOX_DEEP] session=20260421_192941
[2026-04-21 20:05:21] FIRE #304: S*=0.760 phase=5/13 [REDOX_DEEP] session=20260421_192941
[2026-04-21 20:05:22] FIRE #305: S*=0.762 phase=5/13 [REDOX_DEEP] session=20260421_192941
[2026-04-21 20:05:23] FIRE #306: S*=0.737 phase=5/13 [REDOX_DEEP] session=20260421_192941
[2026-04-21 20:05:28] FIRE #307: S*=0.738 phase=6/13 session=20260421_192941
[2026-04-21 20:05:29] FIRE #308: S*=0.751 phase=6/13 session=20260421_192941
[2026-04-21 20:05:30] FIRE #309: S*=0.757 phase=6/13 session=20260421_192941
[2026-04-21 20:05:37] FIRE #310: S*=0.764 phase=7/13 [HARMONY] session=20260421_192941
[2026-04-21 20:05:38] FIRE #311: S*=0.807 phase=7/13 [HARMONY] session=20260421_192941
[2026-04-21 20:05:39] FIRE #312: S*=0.702 phase=7/13 [HARMONY] session=20260421_192941
[2026-04-21 20:05:40] FIRE #313: S*=0.740 phase=7/13 [HARMONY] session=20260421_192941
[2026-04-21 20:05:45] FIRE #314: S*=0.732 phase=8/13 session=20260421_192941
[2026-04-21 20:05:46] FIRE #315: S*=0.727 phase=8/13 session=20260421_192941
[2026-04-21 20:05:47] FIRE #316: S*=0.781 phase=8/13 session=20260421_192941
[2026-04-21 20:05:48] FIRE #317: S*=0.707 phase=8/13 session=20260421_192941
[2026-04-21 20:05:54] FIRE #318: S*=0.724 phase=9/13 session=20260421_192941
[2026-04-21 20:05:55] FIRE #319: S*=0.734 phase=9/13 session=20260421_192941
[2026-04-21 20:05:56] FIRE #320: S*=0.746 phase=9/13 session=20260421_192941
[2026-04-21 20:05:57] FIRE #321: S*=0.721 phase=9/13 session=20260421_192941
[2026-04-21 20:06:02] FIRE #322: S*=0.728 phase=10/13 session=20260421_192941
[2026-04-21 20:06:03] FIRE #323: S*=0.726 phase=10/13 session=20260421_192941
[2026-04-21 20:06:04] FIRE #324: S*=0.744 phase=10/13 session=20260421_192941
[2026-04-21 20:06:05] FIRE #325: S*=0.745 phase=10/13 session=20260421_192941
[2026-04-21 20:06:11] FIRE #326: S*=0.747 phase=11/13 session=20260421_192941
[2026-04-21 20:06:12] FIRE #327: S*=0.768 phase=11/13 session=20260421_192941
[2026-04-21 20:06:13] FIRE #328: S*=0.764 phase=11/13 session=20260421_192941
[2026-04-21 20:06:14] FIRE #329: S*=0.758 phase=11/13 session=20260421_192941
[2026-04-21 20:06:19] FIRE #330: S*=0.759 phase=12/13 [HARVEST] session=20260421_192941
[2026-04-21 20:06:20] FIRE #331: S*=0.753 phase=12/13 [HARVEST] session=20260421_192941
[2026-04-21 20:06:21] FIRE #332: S*=0.718 phase=12/13 [HARVEST] session=20260421_192941
[2026-04-21 20:06:22] FIRE #333: S*=0.732 phase=12/13 [HARVEST] session=20260421_192941
[2026-04-21 20:06:28] FIRE #334: S*=0.765 phase=0/13 [RESET] session=20260421_192941
[2026-04-21 20:06:29] FIRE #335: S*=0.739 phase=0/13 [RESET] session=20260421_192941
[2026-04-21 20:06:30] FIRE #336: S*=0.727 phase=0/13 [RESET] session=20260421_192941
[2026-04-21 20:06:31] FIRE #337: S*=0.732 phase=0/13 [RESET] session=20260421_192941
[2026-04-21 20:06:36] FIRE #338: S*=0.733 phase=1/13 session=20260421_192941
[2026-04-21 20:06:37] FIRE #339: S*=0.724 phase=1/13 session=20260421_192941
[2026-04-21 20:06:38] FIRE #340: S*=0.729 phase=1/13 session=20260421_192941
[2026-04-21 20:06:39] FIRE #341: S*=0.733 phase=1/13 session=20260421_192941
[2026-04-21 20:06:45] FIRE #342: S*=0.726 phase=2/13 session=20260421_192941
[2026-04-21 20:06:46] FIRE #343: S*=0.718 phase=2/13 session=20260421_192941
[2026-04-21 20:06:47] FIRE #344: S*=0.735 phase=2/13 session=20260421_192941
[2026-04-21 20:06:48] FIRE #345: S*=0.729 phase=2/13 session=20260421_192941
[2026-04-21 20:06:53] FIRE #346: S*=0.731 phase=3/13 session=20260421_192941
[2026-04-21 20:06:54] FIRE #347: S*=0.753 phase=3/13 session=20260421_192941
[2026-04-21 20:06:55] FIRE #348: S*=0.733 phase=3/13 session=20260421_192941
[2026-04-21 20:06:56] FIRE #349: S*=0.727 phase=3/13 session=20260421_192941
[2026-04-21 20:07:01] FIRE #350: S*=0.755 phase=4/13 session=20260421_192941
[2026-04-21 20:07:03] FIRE #351: S*=0.728 phase=4/13 session=20260421_192941
[2026-04-21 20:07:04] FIRE #352: S*=0.771 phase=4/13 session=20260421_192941
[2026-04-21 20:07:05] FIRE #353: S*=0.812 phase=4/13 session=20260421_192941
[2026-04-21 20:07:10] FIRE #354: S*=0.726 phase=5/13 [REDOX_DEEP] session=20260421_192941
[2026-04-21 20:07:11] FIRE #355: S*=0.735 phase=5/13 [REDOX_DEEP] session=20260421_192941
[2026-04-21 20:07:12] FIRE #356: S*=0.749 phase=5/13 [REDOX_DEEP] session=20260421_192941
[2026-04-21 20:07:13] FIRE #357: S*=0.741 phase=5/13 [REDOX_DEEP] session=20260421_192941
[2026-04-21 20:07:18] FIRE #358: S*=0.713 phase=6/13 session=20260421_192941
[2026-04-21 20:07:20] FIRE #359: S*=0.734 phase=6/13 session=20260421_192941
[2026-04-21 20:07:21] FIRE #360: S*=0.750 phase=6/13 session=20260421_192941
[2026-04-21 20:07:22] FIRE #361: S*=0.727 phase=6/13 session=20260421_192941
[2026-04-21 20:07:27] FIRE #362: S*=0.760 phase=7/13 [HARMONY] session=20260421_192941
[2026-04-21 20:07:28] FIRE #363: S*=0.730 phase=7/13 [HARMONY] session=20260421_192941
[2026-04-21 20:07:29] FIRE #364: S*=0.727 phase=7/13 [HARMONY] session=20260421_192941
[2026-04-21 20:07:30] FIRE #365: S*=0.720 phase=7/13 [HARMONY] session=20260421_192941
[2026-04-21 20:07:35] FIRE #366: S*=0.757 phase=8/13 session=20260421_192941
[2026-04-21 20:07:36] FIRE #367: S*=0.738 phase=8/13 session=20260421_192941
[2026-04-21 20:07:38] FIRE #368: S*=0.730 phase=8/13 session=20260421_192941
[2026-04-21 20:07:39] FIRE #369: S*=0.736 phase=8/13 session=20260421_192941
[2026-04-21 20:07:44] FIRE #370: S*=0.751 phase=9/13 session=20260421_192941
[2026-04-21 20:07:45] FIRE #371: S*=0.762 phase=9/13 session=20260421_192941
[2026-04-21 20:07:46] FIRE #372: S*=0.752 phase=9/13 session=20260421_192941
[2026-04-21 20:07:47] FIRE #373: S*=0.718 phase=9/13 session=20260421_192941
[2026-04-21 20:07:52] FIRE #374: S*=0.708 phase=10/13 session=20260421_192941
[2026-04-21 20:07:53] FIRE #375: S*=0.724 phase=10/13 session=20260421_192941
[2026-04-21 20:07:55] FIRE #376: S*=0.751 phase=10/13 session=20260421_192941
[2026-04-21 20:07:56] FIRE #377: S*=0.725 phase=10/13 session=20260421_192941
[2026-04-21 20:08:01] FIRE #378: S*=0.738 phase=11/13 session=20260421_192941
[2026-04-21 20:08:02] FIRE #379: S*=0.723 phase=11/13 session=20260421_192941
[2026-04-21 20:08:03] FIRE #380: S*=0.735 phase=11/13 session=20260421_192941
[2026-04-21 20:08:04] FIRE #381: S*=0.725 phase=11/13 session=20260421_192941
[2026-04-21 20:08:09] FIRE #382: S*=0.735 phase=12/13 [HARVEST] session=20260421_192941
[2026-04-21 20:08:10] FIRE #383: S*=0.747 phase=12/13 [HARVEST] session=20260421_192941
[2026-04-21 20:08:11] FIRE #384: S*=0.743 phase=12/13 [HARVEST] session=20260421_192941
[2026-04-21 20:08:13] FIRE #385: S*=0.740 phase=12/13 [HARVEST] session=20260421_192941
[2026-04-21 20:08:18] FIRE #386: S*=0.731 phase=0/13 [RESET] session=20260421_192941
[2026-04-21 20:08:19] FIRE #387: S*=0.737 phase=0/13 [RESET] session=20260421_192941
[2026-04-21 20:08:20] FIRE #388: S*=0.746 phase=0/13 [RESET] session=20260421_192941
[2026-04-21 20:08:26] FIRE #389: S*=0.762 phase=1/13 session=20260421_192941
[2026-04-21 20:08:27] FIRE #390: S*=0.758 phase=1/13 session=20260421_192941
[2026-04-21 20:08:28] FIRE #391: S*=0.742 phase=1/13 session=20260421_192941
[2026-04-21 20:08:30] FIRE #392: S*=0.732 phase=1/13 session=20260421_192941
[2026-04-21 20:08:35] FIRE #393: S*=0.725 phase=2/13 session=20260421_192941
[2026-04-21 20:08:36] FIRE #394: S*=0.738 phase=2/13 session=20260421_192941
[2026-04-21 20:08:37] FIRE #395: S*=0.724 phase=2/13 session=20260421_192941
[2026-04-21 20:08:43] FIRE #396: S*=0.737 phase=3/13 session=20260421_192941
[2026-04-21 20:08:44] FIRE #397: S*=0.755 phase=3/13 session=20260421_192941
[2026-04-21 20:08:45] FIRE #398: S*=0.760 phase=3/13 session=20260421_192941
[2026-04-21 20:08:46] FIRE #399: S*=0.731 phase=3/13 session=20260421_192941
[2026-04-21 20:08:52] FIRE #400: S*=0.730 phase=4/13 session=20260421_192941
[2026-04-21 20:08:53] FIRE #401: S*=0.731 phase=4/13 session=20260421_192941
[2026-04-21 20:08:54] FIRE #402: S*=0.721 phase=4/13 session=20260421_192941
[2026-04-21 20:08:55] FIRE #403: S*=0.716 phase=4/13 session=20260421_192941
[2026-04-21 20:09:00] FIRE #404: S*=0.779 phase=5/13 [REDOX_DEEP] session=20260421_192941
[2026-04-21 20:09:01] FIRE #405: S*=0.740 phase=5/13 [REDOX_DEEP] session=20260421_192941
[2026-04-21 20:09:02] FIRE #406: S*=0.737 phase=5/13 [REDOX_DEEP] session=20260421_192941
[2026-04-21 20:09:03] FIRE #407: S*=0.741 phase=5/13 [REDOX_DEEP] session=20260421_192941
[2026-04-21 20:09:09] FIRE #408: S*=0.742 phase=6/13 session=20260421_192941
[2026-04-21 20:09:10] FIRE #409: S*=0.700 phase=6/13 session=20260421_192941
[2026-04-21 20:09:11] FIRE #410: S*=0.727 phase=6/13 session=20260421_192941
[2026-04-21 20:09:12] FIRE #411: S*=0.744 phase=6/13 session=20260421_192941
[2026-04-21 20:09:17] FIRE #412: S*=0.743 phase=7/13 [HARMONY] session=20260421_192941
[2026-04-21 20:09:18] FIRE #413: S*=0.741 phase=7/13 [HARMONY] session=20260421_192941
[2026-04-21 20:09:19] FIRE #414: S*=0.748 phase=7/13 [HARMONY] session=20260421_192941
[2026-04-21 20:09:20] FIRE #415: S*=0.709 phase=7/13 [HARMONY] session=20260421_192941
[2026-04-21 20:09:26] FIRE #416: S*=0.746 phase=8/13 session=20260421_192941
[2026-04-21 20:09:27] FIRE #417: S*=0.725 phase=8/13 session=20260421_192941
[2026-04-21 20:09:28] FIRE #418: S*=0.768 phase=8/13 session=20260421_192941
[2026-04-21 20:09:29] FIRE #419: S*=0.745 phase=8/13 session=20260421_192941
[2026-04-21 20:09:34] FIRE #420: S*=0.734 phase=9/13 session=20260421_192941
[2026-04-21 20:09:35] FIRE #421: S*=0.745 phase=9/13 session=20260421_192941
[2026-04-21 20:09:36] FIRE #422: S*=0.754 phase=9/13 session=20260421_192941
[2026-04-21 20:09:37] FIRE #423: S*=0.726 phase=9/13 session=20260421_192941
[2026-04-21 20:09:43] FIRE #424: S*=0.768 phase=10/13 session=20260421_192941
[2026-04-21 20:09:44] FIRE #425: S*=0.776 phase=10/13 session=20260421_192941
[2026-04-21 20:09:45] FIRE #426: S*=0.754 phase=10/13 session=20260421_192941
[2026-04-21 20:09:46] FIRE #427: S*=0.759 phase=10/13 session=20260421_192941
[2026-04-21 20:09:52] FIRE #428: S*=0.790 phase=11/13 session=20260421_192941
[2026-04-21 20:09:53] FIRE #429: S*=0.724 phase=11/13 session=20260421_192941
[2026-04-21 20:09:54] FIRE #430: S*=0.724 phase=11/13 session=20260421_192941
[2026-04-21 20:10:00] FIRE #431: S*=0.709 phase=12/13 [HARVEST] session=20260421_192941
[2026-04-21 20:10:01] FIRE #432: S*=0.720 phase=12/13 [HARVEST] session=20260421_192941
[2026-04-21 20:10:03] FIRE #433: S*=0.766 phase=12/13 [HARVEST] session=20260421_192941
[2026-04-21 20:10:08] FIRE #434: S*=0.724 phase=0/13 [RESET] session=20260421_192941
[2026-04-21 20:10:09] FIRE #435: S*=0.703 phase=0/13 [RESET] session=20260421_192941
[2026-04-21 20:10:11] FIRE #436: S*=0.746 phase=0/13 [RESET] session=20260421_192941
[2026-04-21 20:10:17] FIRE #437: S*=0.708 phase=1/13 session=20260421_192941
[2026-04-21 20:10:18] FIRE #438: S*=0.724 phase=1/13 session=20260421_192941
[2026-04-21 20:10:19] FIRE #439: S*=0.706 phase=1/13 session=20260421_192941
[2026-04-21 20:10:27] FIRE #440: S*=0.716 phase=2/13 session=20260421_192941
[2026-04-21 20:10:28] FIRE #441: S*=0.723 phase=2/13 session=20260421_192941
[2026-04-21 20:10:35] FIRE #442: S*=0.704 phase=3/13 session=20260421_192941
[2026-04-21 20:10:36] FIRE #443: S*=0.701 phase=3/13 session=20260421_192941
[2026-04-21 20:10:37] FIRE #444: S*=0.719 phase=3/13 session=20260421_192941
[2026-04-21 20:10:42] FIRE #445: S*=0.717 phase=4/13 session=20260421_192941
[2026-04-21 20:10:43] FIRE #446: S*=0.701 phase=4/13 session=20260421_192941
[2026-04-21 20:10:52] FIRE #447: S*=0.722 phase=5/13 [REDOX_DEEP] session=20260421_192941
[2026-04-21 20:10:53] FIRE #448: S*=0.746 phase=5/13 [REDOX_DEEP] session=20260421_192941
[2026-04-21 20:10:59] FIRE #449: S*=0.726 phase=6/13 session=20260421_192941
[2026-04-21 20:11:00] FIRE #450: S*=0.707 phase=6/13 session=20260421_192941
[2026-04-21 20:11:08] FIRE #451: S*=0.708 phase=7/13 [HARMONY] session=20260421_192941
[2026-04-21 20:11:11] FIRE #452: S*=0.708 phase=7/13 [HARMONY] session=20260421_192941
[2026-04-21 20:11:19] FIRE #453: S*=0.728 phase=8/13 session=20260421_192941
[2026-04-21 20:11:24] FIRE #454: S*=0.710 phase=9/13 session=20260421_192941
[2026-04-21 20:11:33] FIRE #455: S*=0.705 phase=10/13 session=20260421_192941
[2026-04-21 20:11:34] FIRE #456: S*=0.701 phase=10/13 session=20260421_192941
[2026-04-21 20:11:41] FIRE #457: S*=0.704 phase=11/13 session=20260421_192941
[2026-04-21 20:11:44] FIRE #458: S*=0.715 phase=11/13 session=20260421_192941
[2026-04-21 20:11:45] FIRE #459: S*=0.703 phase=11/13 session=20260421_192941
[2026-04-21 20:11:52] FIRE #460: S*=0.701 phase=12/13 [HARVEST] session=20260421_192941
[2026-04-21 20:11:58] FIRE #461: S*=0.702 phase=0/13 [RESET] session=20260421_192941
[2026-04-21 20:12:07] FIRE #462: S*=0.702 phase=1/13 session=20260421_192941
[2026-04-21 20:12:08] FIRE #463: S*=0.703 phase=1/13 session=20260421_192941
[2026-04-21 20:12:09] FIRE #464: S*=0.714 phase=1/13 session=20260421_192941
[2026-04-21 20:12:15] FIRE #465: S*=0.720 phase=2/13 session=20260421_192941
[2026-04-21 20:12:19] FIRE #466: S*=0.709 phase=2/13 session=20260421_192941
[2026-04-21 20:12:24] FIRE #467: S*=0.710 phase=3/13 session=20260421_192941
[2026-04-21 20:12:26] FIRE #468: S*=0.709 phase=3/13 session=20260421_192941
[2026-04-21 20:12:27] FIRE #469: S*=0.722 phase=3/13 session=20260421_192941
[2026-04-21 20:12:32] FIRE #470: S*=0.715 phase=4/13 session=20260421_192941
[2026-04-21 20:12:33] FIRE #471: S*=0.703 phase=4/13 session=20260421_192941
[2026-04-21 20:12:35] FIRE #472: S*=0.706 phase=4/13 session=20260421_192941
[2026-04-21 20:12:41] FIRE #473: S*=0.711 phase=5/13 [REDOX_DEEP] session=20260421_192941
[2026-04-21 20:12:42] FIRE #474: S*=0.706 phase=5/13 [REDOX_DEEP] session=20260421_192941
[2026-04-21 20:12:44] FIRE #475: S*=0.729 phase=5/13 [REDOX_DEEP] session=20260421_192941
[2026-04-21 20:12:49] FIRE #476: S*=0.701 phase=6/13 session=20260421_192941
[2026-04-21 20:12:51] FIRE #477: S*=0.713 phase=6/13 session=20260421_192941
[2026-04-21 20:12:52] FIRE #478: S*=0.708 phase=6/13 session=20260421_192941
[2026-04-21 20:12:58] FIRE #479: S*=0.782 phase=7/13 [HARMONY] session=20260421_192941
[2026-04-21 20:13:07] FIRE #480: S*=0.702 phase=8/13 session=20260421_192941
[2026-04-21 20:13:16] FIRE #481: S*=0.700 phase=9/13 session=20260421_192941
[2026-04-21 20:13:23] FIRE #482: S*=0.709 phase=10/13 session=20260421_192941
[2026-04-21 20:13:25] FIRE #483: S*=0.701 phase=10/13 session=20260421_192941
[2026-04-21 20:13:26] FIRE #484: S*=0.709 phase=10/13 session=20260421_192941
[2026-04-21 20:13:32] FIRE #485: S*=0.707 phase=11/13 session=20260421_192941
[2026-04-21 20:13:33] FIRE #486: S*=0.712 phase=11/13 session=20260421_192941
[2026-04-21 20:13:34] FIRE #487: S*=0.711 phase=11/13 session=20260421_192941
[2026-04-21 20:13:35] FIRE #488: S*=0.733 phase=11/13 session=20260421_192941
[2026-04-21 20:13:40] FIRE #489: S*=0.718 phase=12/13 [HARVEST] session=20260421_192941
[2026-04-21 20:13:41] FIRE #490: S*=0.731 phase=12/13 [HARVEST] session=20260421_192941
[2026-04-21 20:13:42] FIRE #491: S*=0.713 phase=12/13 [HARVEST] session=20260421_192941
[2026-04-21 20:13:43] FIRE #492: S*=0.735 phase=12/13 [HARVEST] session=20260421_192941
[2026-04-21 20:13:50] FIRE #493: S*=0.718 phase=0/13 [RESET] session=20260421_192941
[2026-04-21 20:13:57] FIRE #494: S*=0.717 phase=1/13 session=20260421_192941
[2026-04-21 20:13:58] FIRE #495: S*=0.724 phase=1/13 session=20260421_192941
[2026-04-21 20:13:59] FIRE #496: S*=0.708 phase=1/13 session=20260421_192941
[2026-04-21 20:14:00] FIRE #497: S*=0.736 phase=1/13 session=20260421_192941
[2026-04-21 20:14:09] FIRE #498: S*=0.705 phase=2/13 session=20260421_192941
[2026-04-21 20:14:14] FIRE #499: S*=0.700 phase=3/13 session=20260421_192941
[2026-04-21 20:14:15] FIRE #500: S*=0.714 phase=3/13 session=20260421_192941
[2026-04-21 20:14:16] FIRE #501: S*=0.722 phase=3/13 session=20260421_192941
[2026-04-21 20:14:17] FIRE #502: S*=0.715 phase=3/13 session=20260421_192941
[2026-04-21 20:14:23] FIRE #503: S*=0.711 phase=4/13 session=20260421_192941
[2026-04-21 20:14:24] FIRE #504: S*=0.712 phase=4/13 session=20260421_192941
[2026-04-21 20:14:25] FIRE #505: S*=0.768 phase=4/13 session=20260421_192941
[2026-04-21 20:14:26] FIRE #506: S*=0.718 phase=4/13 session=20260421_192941
[2026-04-21 20:14:31] FIRE #507: S*=0.724 phase=5/13 [REDOX_DEEP] session=20260421_192941
[2026-04-21 20:14:33] FIRE #508: S*=0.733 phase=5/13 [REDOX_DEEP] session=20260421_192941
[2026-04-21 20:14:34] FIRE #509: S*=0.758 phase=5/13 [REDOX_DEEP] session=20260421_192941
[2026-04-21 20:14:41] FIRE #510: S*=0.728 phase=6/13 session=20260421_192941
[2026-04-21 20:14:48] FIRE #511: S*=0.725 phase=7/13 [HARMONY] session=20260421_192941
[2026-04-21 20:14:49] FIRE #512: S*=0.727 phase=7/13 [HARMONY] session=20260421_192941
[2026-04-21 20:14:50] FIRE #513: S*=0.715 phase=7/13 [HARMONY] session=20260421_192941
[2026-04-21 20:14:58] FIRE #514: S*=0.701 phase=8/13 session=20260421_192941
[2026-04-21 20:14:59] FIRE #515: S*=0.703 phase=8/13 session=20260421_192941
[2026-04-21 20:15:05] FIRE #516: S*=0.703 phase=9/13 session=20260421_192941
[2026-04-21 20:15:06] FIRE #517: S*=0.701 phase=9/13 session=20260421_192941
[2026-04-21 20:15:08] FIRE #518: S*=0.701 phase=9/13 session=20260421_192941
[2026-04-21 20:15:13] FIRE #519: S*=0.705 phase=10/13 session=20260421_192941
[2026-04-21 20:15:16] FIRE #520: S*=0.718 phase=10/13 session=20260421_192941
[2026-04-21 20:15:17] FIRE #521: S*=0.740 phase=10/13 session=20260421_192941
[2026-04-21 20:15:24] FIRE #522: S*=0.714 phase=11/13 session=20260421_192941
[2026-04-21 20:15:30] FIRE #523: S*=0.727 phase=12/13 [HARVEST] session=20260421_192941
[2026-04-21 20:15:31] FIRE #524: S*=0.716 phase=12/13 [HARVEST] session=20260421_192941
[2026-04-21 20:15:34] FIRE #525: S*=0.720 phase=12/13 [HARVEST] session=20260421_192941
[2026-04-21 20:15:39] FIRE #526: S*=0.725 phase=0/13 [RESET] session=20260421_192941
[2026-04-21 20:15:40] FIRE #527: S*=0.704 phase=0/13 [RESET] session=20260421_192941
[2026-04-21 20:15:41] FIRE #528: S*=0.706 phase=0/13 [RESET] session=20260421_192941
[2026-04-21 20:15:47] FIRE #529: S*=0.727 phase=1/13 session=20260421_192941
[2026-04-21 20:15:49] FIRE #530: S*=0.744 phase=1/13 session=20260421_192941
[2026-04-21 20:15:51] FIRE #531: S*=0.707 phase=1/13 session=20260421_192941
[2026-04-21 20:16:04] FIRE #532: S*=0.707 phase=3/13 session=20260421_192941
[2026-04-21 20:16:05] FIRE #533: S*=0.716 phase=3/13 session=20260421_192941
[2026-04-21 20:16:06] FIRE #534: S*=0.703 phase=3/13 session=20260421_192941
[2026-04-21 20:16:07] FIRE #535: S*=0.708 phase=3/13 session=20260421_192941
[2026-04-21 20:16:14] FIRE #536: S*=0.706 phase=4/13 session=20260421_192941
[2026-04-21 20:16:15] FIRE #537: S*=0.700 phase=4/13 session=20260421_192941
[2026-04-21 20:16:16] FIRE #538: S*=0.721 phase=4/13 session=20260421_192941
[2026-04-21 20:16:24] FIRE #539: S*=0.710 phase=5/13 [REDOX_DEEP] session=20260421_192941
[2026-04-21 20:16:30] FIRE #540: S*=0.707 phase=6/13 session=20260421_192941
[2026-04-21 20:16:31] FIRE #541: S*=0.711 phase=6/13 session=20260421_192941
[2026-04-21 20:16:32] FIRE #542: S*=0.705 phase=6/13 session=20260421_192941
[2026-04-21 20:16:33] FIRE #543: S*=0.701 phase=6/13 session=20260421_192941
[2026-04-21 20:16:38] FIRE #544: S*=0.702 phase=7/13 [HARMONY] session=20260421_192941
[2026-04-21 20:16:41] FIRE #545: S*=0.701 phase=7/13 [HARMONY] session=20260421_192941
[2026-04-21 20:16:48] FIRE #546: S*=0.703 phase=8/13 session=20260421_192941
[2026-04-21 20:16:49] FIRE #547: S*=0.703 phase=8/13 session=20260421_192941
[2026-04-21 20:16:50] FIRE #548: S*=0.704 phase=8/13 session=20260421_192941
[2026-04-21 20:16:56] FIRE #549: S*=0.704 phase=9/13 session=20260421_192941
[2026-04-21 20:16:57] FIRE #550: S*=0.708 phase=9/13 session=20260421_192941
[2026-04-21 20:16:58] FIRE #551: S*=0.708 phase=9/13 session=20260421_192941
[2026-04-21 20:17:04] FIRE #552: S*=0.714 phase=10/13 session=20260421_192941
[2026-04-21 20:17:05] FIRE #553: S*=0.712 phase=10/13 session=20260421_192941
[2026-04-21 20:17:12] FIRE #554: S*=0.707 phase=11/13 session=20260421_192941
[2026-04-21 20:17:13] FIRE #555: S*=0.720 phase=11/13 session=20260421_192941
[2026-04-21 20:17:14] FIRE #556: S*=0.705 phase=11/13 session=20260421_192941
[2026-04-21 20:17:15] FIRE #557: S*=0.711 phase=11/13 session=20260421_192941
[2026-04-21 20:17:21] FIRE #558: S*=0.795 phase=12/13 [HARVEST] session=20260421_192941
[2026-04-21 20:17:23] FIRE #559: S*=0.700 phase=12/13 [HARVEST] session=20260421_192941
[2026-04-21 20:17:24] FIRE #560: S*=0.718 phase=12/13 [HARVEST] session=20260421_192941
[2026-04-21 20:17:29] FIRE #561: S*=0.706 phase=0/13 [RESET] session=20260421_192941
[2026-04-21 20:17:30] FIRE #562: S*=0.721 phase=0/13 [RESET] session=20260421_192941
[2026-04-21 20:17:31] FIRE #563: S*=0.713 phase=0/13 [RESET] session=20260421_192941
[2026-04-21 20:17:39] FIRE #564: S*=0.701 phase=1/13 session=20260421_192941
[2026-04-21 20:17:40] FIRE #565: S*=0.726 phase=1/13 session=20260421_192941
[2026-04-21 20:17:41] FIRE #566: S*=0.704 phase=1/13 session=20260421_192941
[2026-04-21 20:17:46] FIRE #567: S*=0.721 phase=2/13 session=20260421_192941
[2026-04-21 20:17:48] FIRE #568: S*=0.722 phase=2/13 session=20260421_192941
[2026-04-21 20:17:49] FIRE #569: S*=0.723 phase=2/13 session=20260421_192941
[2026-04-21 20:17:54] FIRE #570: S*=0.700 phase=3/13 session=20260421_192941
[2026-04-21 20:17:56] FIRE #571: S*=0.717 phase=3/13 session=20260421_192941
[2026-04-21 20:17:57] FIRE #572: S*=0.719 phase=3/13 session=20260421_192941
[2026-04-21 20:17:58] FIRE #573: S*=0.739 phase=3/13 session=20260421_192941
[2026-04-21 20:18:03] FIRE #574: S*=0.723 phase=4/13 session=20260421_192941
[2026-04-21 20:18:04] FIRE #575: S*=0.714 phase=4/13 session=20260421_192941
[2026-04-21 20:18:05] FIRE #576: S*=0.719 phase=4/13 session=20260421_192941
[2026-04-21 20:18:06] FIRE #577: S*=0.717 phase=4/13 session=20260421_192941
[2026-04-21 20:18:11] FIRE #578: S*=0.701 phase=5/13 [REDOX_DEEP] session=20260421_192941
[2026-04-21 20:18:14] FIRE #579: S*=0.709 phase=5/13 [REDOX_DEEP] session=20260421_192941
[2026-04-21 20:18:20] FIRE #580: S*=0.712 phase=6/13 session=20260421_192941
[2026-04-21 20:18:21] FIRE #581: S*=0.728 phase=6/13 session=20260421_192941
[2026-04-21 20:18:22] FIRE #582: S*=0.722 phase=6/13 session=20260421_192941
[2026-04-21 20:18:28] FIRE #583: S*=0.714 phase=7/13 [HARMONY] session=20260421_192941
[2026-04-21 20:18:29] FIRE #584: S*=0.703 phase=7/13 [HARMONY] session=20260421_192941
[2026-04-21 20:18:30] FIRE #585: S*=0.705 phase=7/13 [HARMONY] session=20260421_192941
[2026-04-21 20:18:37] FIRE #586: S*=0.725 phase=8/13 session=20260421_192941
[2026-04-21 20:18:38] FIRE #587: S*=0.702 phase=8/13 session=20260421_192941
[2026-04-21 20:18:40] FIRE #588: S*=0.708 phase=8/13 session=20260421_192941
[2026-04-21 20:18:46] FIRE #589: S*=0.705 phase=9/13 session=20260421_192941
[2026-04-21 20:18:48] FIRE #590: S*=0.787 phase=9/13 session=20260421_192941
[2026-04-21 20:18:55] FIRE #591: S*=0.709 phase=10/13 session=20260421_192941
[2026-04-21 20:18:56] FIRE #592: S*=0.716 phase=10/13 session=20260421_192941
[2026-04-21 20:19:02] FIRE #593: S*=0.715 phase=11/13 session=20260421_192941
[2026-04-21 20:19:03] FIRE #594: S*=0.711 phase=11/13 session=20260421_192941
[2026-04-21 20:19:11] FIRE #595: S*=0.728 phase=12/13 [HARVEST] session=20260421_192941
[2026-04-21 20:19:12] FIRE #596: S*=0.725 phase=12/13 [HARVEST] session=20260421_192941
[2026-04-21 20:19:13] FIRE #597: S*=0.723 phase=12/13 [HARVEST] session=20260421_192941
[2026-04-21 20:19:14] FIRE #598: S*=0.709 phase=12/13 [HARVEST] session=20260421_192941
[2026-04-21 20:19:19] FIRE #599: S*=0.703 phase=0/13 [RESET] session=20260421_192941
[2026-04-21 20:19:20] FIRE #600: S*=0.707 phase=0/13 [RESET] session=20260421_192941
[2026-04-21 20:19:21] FIRE #601: S*=0.716 phase=0/13 [RESET] session=20260421_192941
[2026-04-21 20:19:22] FIRE #602: S*=0.704 phase=0/13 [RESET] session=20260421_192941
[2026-04-21 20:19:28] FIRE #603: S*=0.704 phase=1/13 session=20260421_192941
[2026-04-21 20:19:29] FIRE #604: S*=0.710 phase=1/13 session=20260421_192941
[2026-04-21 20:19:31] FIRE #605: S*=0.713 phase=1/13 session=20260421_192941
[2026-04-21 20:19:36] FIRE #606: S*=0.710 phase=2/13 session=20260421_192941
[2026-04-21 20:19:38] FIRE #607: S*=0.711 phase=2/13 session=20260421_192941
[2026-04-21 20:19:53] FIRE #608: S*=0.707 phase=4/13 session=20260421_192941
[2026-04-21 20:19:55] FIRE #609: S*=0.705 phase=4/13 session=20260421_192941
[2026-04-21 20:20:02] FIRE #610: S*=0.705 phase=5/13 [REDOX_DEEP] session=20260421_192941
[2026-04-21 20:20:03] FIRE #611: S*=0.727 phase=5/13 [REDOX_DEEP] session=20260421_192941
[2026-04-21 20:20:05] FIRE #612: S*=0.702 phase=5/13 [REDOX_DEEP] session=20260421_192941
[2026-04-21 20:20:10] FIRE #613: S*=0.714 phase=6/13 session=20260421_192941
[2026-04-21 20:20:11] FIRE #614: S*=0.735 phase=6/13 session=20260421_192941
[2026-04-21 20:20:12] FIRE #615: S*=0.711 phase=6/13 session=20260421_192941
[2026-04-21 20:20:13] FIRE #616: S*=0.712 phase=6/13 session=20260421_192941
[2026-04-21 20:20:19] FIRE #617: S*=0.721 phase=7/13 [HARMONY] session=20260421_192941
[2026-04-21 20:20:20] FIRE #618: S*=0.716 phase=7/13 [HARMONY] session=20260421_192941
[2026-04-21 20:20:21] FIRE #619: S*=0.710 phase=7/13 [HARMONY] session=20260421_192941
[2026-04-21 20:20:22] FIRE #620: S*=0.707 phase=7/13 [HARMONY] session=20260421_192941
[2026-04-21 20:20:28] FIRE #621: S*=0.705 phase=8/13 session=20260421_192941
[2026-04-21 20:20:30] FIRE #622: S*=0.700 phase=8/13 session=20260421_192941
[2026-04-21 20:20:37] FIRE #623: S*=0.707 phase=9/13 session=20260421_192941
[2026-04-21 20:20:38] FIRE #624: S*=0.704 phase=9/13 session=20260421_192941
[2026-04-21 20:20:39] FIRE #625: S*=0.723 phase=9/13 session=20260421_192941
[2026-04-21 20:20:44] FIRE #626: S*=0.706 phase=10/13 session=20260421_192941
[2026-04-21 20:20:46] FIRE #627: S*=0.710 phase=10/13 session=20260421_192941
[2026-04-21 20:20:47] FIRE #628: S*=0.701 phase=10/13 session=20260421_192941
[2026-04-21 20:21:01] FIRE #629: S*=0.734 phase=12/13 [HARVEST] session=20260421_192941
[2026-04-21 20:21:02] FIRE #630: S*=0.709 phase=12/13 [HARVEST] session=20260421_192941
[2026-04-21 20:21:09] FIRE #631: S*=0.722 phase=0/13 [RESET] session=20260421_192941
[2026-04-21 20:21:10] FIRE #632: S*=0.711 phase=0/13 [RESET] session=20260421_192941
[2026-04-21 20:21:12] FIRE #633: S*=0.731 phase=0/13 [RESET] session=20260421_192941
[2026-04-21 20:21:13] FIRE #634: S*=0.702 phase=0/13 [RESET] session=20260421_192941
[2026-04-21 20:21:26] FIRE #635: S*=0.715 phase=2/13 session=20260421_192941
[2026-04-21 20:21:28] FIRE #636: S*=0.715 phase=2/13 session=20260421_192941
[2026-04-21 20:21:35] FIRE #637: S*=0.700 phase=3/13 session=20260421_192941
[2026-04-21 20:21:36] FIRE #638: S*=0.724 phase=3/13 session=20260421_192941
[2026-04-21 20:21:37] FIRE #639: S*=0.716 phase=3/13 session=20260421_192941
[2026-04-21 20:21:38] FIRE #640: S*=0.718 phase=3/13 session=20260421_192941
[2026-04-21 20:21:43] FIRE #641: S*=0.767 phase=4/13 session=20260421_192941
[2026-04-21 20:21:44] FIRE #642: S*=0.707 phase=4/13 session=20260421_192941
[2026-04-21 20:21:45] FIRE #643: S*=0.713 phase=4/13 session=20260421_192941
[2026-04-21 20:21:52] FIRE #644: S*=0.708 phase=5/13 [REDOX_DEEP] session=20260421_192941
[2026-04-21 20:21:53] FIRE #645: S*=0.720 phase=5/13 [REDOX_DEEP] session=20260421_192941
[2026-04-21 20:22:02] FIRE #646: S*=0.747 phase=6/13 session=20260421_192941
[2026-04-21 20:22:03] FIRE #647: S*=0.725 phase=6/13 session=20260421_192941
[2026-04-21 20:22:12] FIRE #648: S*=0.716 phase=7/13 [HARMONY] session=20260421_192941
[2026-04-21 20:22:19] FIRE #649: S*=0.722 phase=8/13 session=20260421_192941
[2026-04-21 20:22:20] FIRE #650: S*=0.700 phase=8/13 session=20260421_192941
[2026-04-21 20:22:26] FIRE #651: S*=0.735 phase=9/13 session=20260421_192941
[2026-04-21 20:22:28] FIRE #652: S*=0.720 phase=9/13 session=20260421_192941
[2026-04-21 20:22:29] FIRE #653: S*=0.701 phase=9/13 session=20260421_192941
[2026-04-21 20:22:34] FIRE #654: S*=0.721 phase=10/13 session=20260421_192941
[2026-04-21 20:22:36] FIRE #655: S*=0.711 phase=10/13 session=20260421_192941
[2026-04-21 20:22:37] FIRE #656: S*=0.703 phase=10/13 session=20260421_192941
[2026-04-21 20:22:43] FIRE #657: S*=0.725 phase=11/13 session=20260421_192941
[2026-04-21 20:22:44] FIRE #658: S*=0.719 phase=11/13 session=20260421_192941
[2026-04-21 20:22:45] FIRE #659: S*=0.715 phase=11/13 session=20260421_192941
[2026-04-21 20:22:46] FIRE #660: S*=0.702 phase=11/13 session=20260421_192941
[2026-04-21 20:22:51] FIRE #661: S*=0.715 phase=12/13 [HARVEST] session=20260421_192941
[2026-04-21 20:22:52] FIRE #662: S*=0.715 phase=12/13 [HARVEST] session=20260421_192941
[2026-04-21 20:22:54] FIRE #663: S*=0.717 phase=12/13 [HARVEST] session=20260421_192941
[2026-04-21 20:23:00] FIRE #664: S*=0.720 phase=0/13 [RESET] session=20260421_192941
[2026-04-21 20:23:01] FIRE #665: S*=0.706 phase=0/13 [RESET] session=20260421_192941
[2026-04-21 20:23:02] FIRE #666: S*=0.724 phase=0/13 [RESET] session=20260421_192941
[2026-04-21 20:23:03] FIRE #667: S*=0.723 phase=0/13 [RESET] session=20260421_192941
[2026-04-21 20:23:08] FIRE #668: S*=0.711 phase=1/13 session=20260421_192941
[2026-04-21 20:23:09] FIRE #669: S*=0.721 phase=1/13 session=20260421_192941
[2026-04-21 20:23:10] FIRE #670: S*=0.714 phase=1/13 session=20260421_192941
[2026-04-21 20:23:11] FIRE #671: S*=0.775 phase=1/13 session=20260421_192941
[2026-04-21 20:23:17] FIRE #672: S*=0.720 phase=2/13 session=20260421_192941
[2026-04-21 20:23:18] FIRE #673: S*=0.707 phase=2/13 session=20260421_192941
[2026-04-21 20:23:19] FIRE #674: S*=0.717 phase=2/13 session=20260421_192941
[2026-04-21 20:23:25] FIRE #675: S*=0.718 phase=3/13 session=20260421_192941
[2026-04-21 20:23:26] FIRE #676: S*=0.701 phase=3/13 session=20260421_192941
[2026-04-21 20:23:27] FIRE #677: S*=0.707 phase=3/13 session=20260421_192941
[2026-04-21 20:23:35] FIRE #678: S*=0.731 phase=4/13 session=20260421_192941
[2026-04-21 20:23:42] FIRE #679: S*=0.707 phase=5/13 [REDOX_DEEP] session=20260421_192941
[2026-04-21 20:23:43] FIRE #680: S*=0.703 phase=5/13 [REDOX_DEEP] session=20260421_192941
[2026-04-21 20:23:44] FIRE #681: S*=0.712 phase=5/13 [REDOX_DEEP] session=20260421_192941
[2026-04-21 20:23:45] FIRE #682: S*=0.704 phase=5/13 [REDOX_DEEP] session=20260421_192941
[2026-04-21 20:23:50] FIRE #683: S*=0.703 phase=6/13 session=20260421_192941
[2026-04-21 20:23:53] FIRE #684: S*=0.715 phase=6/13 session=20260421_192941
[2026-04-21 20:23:59] FIRE #685: S*=0.708 phase=7/13 [HARMONY] session=20260421_192941
[2026-04-21 20:24:00] FIRE #686: S*=0.704 phase=7/13 [HARMONY] session=20260421_192941
[2026-04-21 20:24:01] FIRE #687: S*=0.701 phase=7/13 [HARMONY] session=20260421_192941
[2026-04-21 20:24:07] FIRE #688: S*=0.703 phase=8/13 session=20260421_192941
[2026-04-21 20:24:08] FIRE #689: S*=0.716 phase=8/13 session=20260421_192941
[2026-04-21 20:24:10] FIRE #690: S*=0.709 phase=8/13 session=20260421_192941
[2026-04-21 20:24:11] FIRE #691: S*=0.712 phase=8/13 session=20260421_192941
[2026-04-21 20:24:18] FIRE #692: S*=0.702 phase=9/13 session=20260421_192941
[2026-04-21 20:24:19] FIRE #693: S*=0.702 phase=9/13 session=20260421_192941
[2026-04-21 20:24:24] FIRE #694: S*=0.711 phase=10/13 session=20260421_192941
[2026-04-21 20:24:26] FIRE #695: S*=0.718 phase=10/13 session=20260421_192941
[2026-04-21 20:24:28] FIRE #696: S*=0.701 phase=10/13 session=20260421_192941
[2026-04-21 20:24:34] FIRE #697: S*=0.706 phase=11/13 session=20260421_192941
[2026-04-21 20:24:35] FIRE #698: S*=0.734 phase=11/13 session=20260421_192941
[2026-04-21 20:24:36] FIRE #699: S*=0.706 phase=11/13 session=20260421_192941
[2026-04-21 20:24:41] FIRE #700: S*=0.705 phase=12/13 [HARVEST] session=20260421_192941
[2026-04-21 20:24:42] FIRE #701: S*=0.708 phase=12/13 [HARVEST] session=20260421_192941
[2026-04-21 20:24:43] FIRE #702: S*=0.723 phase=12/13 [HARVEST] session=20260421_192941
[2026-04-21 20:24:44] FIRE #703: S*=0.702 phase=12/13 [HARVEST] session=20260421_192941
[2026-04-21 20:24:50] FIRE #704: S*=0.737 phase=0/13 [RESET] session=20260421_192941
[2026-04-21 20:24:51] FIRE #705: S*=0.746 phase=0/13 [RESET] session=20260421_192941
[2026-04-21 20:24:52] FIRE #706: S*=0.729 phase=0/13 [RESET] session=20260421_192941
[2026-04-21 20:24:58] FIRE #707: S*=0.733 phase=1/13 session=20260421_192941
[2026-04-21 20:24:59] FIRE #708: S*=0.721 phase=1/13 session=20260421_192941
[2026-04-21 20:25:00] FIRE #709: S*=0.713 phase=1/13 session=20260421_192941
[2026-04-21 20:25:01] FIRE #710: S*=0.714 phase=1/13 session=20260421_192941
[2026-04-21 20:25:08] FIRE #711: S*=0.701 phase=2/13 session=20260421_192941
[2026-04-21 20:25:09] FIRE #712: S*=0.703 phase=2/13 session=20260421_192941
[2026-04-21 20:25:10] FIRE #713: S*=0.704 phase=2/13 session=20260421_192941
[2026-04-21 20:25:15] FIRE #714: S*=0.716 phase=3/13 session=20260421_192941
[2026-04-21 20:25:17] FIRE #715: S*=0.702 phase=3/13 session=20260421_192941
[2026-04-21 20:25:18] FIRE #716: S*=0.712 phase=3/13 session=20260421_192941
[2026-04-21 20:25:24] FIRE #717: S*=0.708 phase=4/13 session=20260421_192941
[2026-04-21 20:25:25] FIRE #718: S*=0.706 phase=4/13 session=20260421_192941
[2026-04-21 20:25:26] FIRE #719: S*=0.720 phase=4/13 session=20260421_192941
[2026-04-21 20:25:27] FIRE #720: S*=0.729 phase=4/13 session=20260421_192941
[2026-04-21 20:25:32] FIRE #721: S*=0.709 phase=5/13 [REDOX_DEEP] session=20260421_192941
[2026-04-21 20:25:34] FIRE #722: S*=0.719 phase=5/13 [REDOX_DEEP] session=20260421_192941
[2026-04-21 20:25:35] FIRE #723: S*=0.701 phase=5/13 [REDOX_DEEP] session=20260421_192941
[2026-04-21 20:25:41] FIRE #724: S*=0.733 phase=6/13 session=20260421_192941
[2026-04-21 20:25:42] FIRE #725: S*=0.705 phase=6/13 session=20260421_192941
[2026-04-21 20:25:44] FIRE #726: S*=0.717 phase=6/13 session=20260421_192941
[2026-04-21 20:25:50] FIRE #727: S*=0.714 phase=7/13 [HARMONY] session=20260421_192941
[2026-04-21 20:25:51] FIRE #728: S*=0.710 phase=7/13 [HARMONY] session=20260421_192941
[2026-04-21 20:26:00] FIRE #729: S*=0.713 phase=8/13 session=20260421_192941
[2026-04-21 20:26:06] FIRE #730: S*=0.703 phase=9/13 session=20260421_192941
[2026-04-21 20:26:07] FIRE #731: S*=0.762 phase=9/13 session=20260421_192941
[2026-04-21 20:26:09] FIRE #732: S*=0.708 phase=9/13 session=20260421_192941
[2026-04-21 20:26:15] FIRE #733: S*=0.717 phase=10/13 session=20260421_192941
[2026-04-21 20:26:16] FIRE #734: S*=0.725 phase=10/13 session=20260421_192941
[2026-04-21 20:26:17] FIRE #735: S*=0.726 phase=10/13 session=20260421_192941
[2026-04-21 20:26:24] FIRE #736: S*=0.715 phase=11/13 session=20260421_192941
[2026-04-21 20:26:26] FIRE #737: S*=0.719 phase=11/13 session=20260421_192941
[2026-04-21 20:26:32] FIRE #738: S*=0.700 phase=12/13 [HARVEST] session=20260421_192941
[2026-04-21 20:26:40] FIRE #739: S*=0.730 phase=0/13 [RESET] session=20260421_192941
[2026-04-21 20:26:41] FIRE #740: S*=0.713 phase=0/13 [RESET] session=20260421_192941
[2026-04-21 20:26:43] FIRE #741: S*=0.712 phase=0/13 [RESET] session=20260421_192941
[2026-04-21 20:26:51] FIRE #742: S*=0.701 phase=1/13 session=20260421_192941
[2026-04-21 20:26:52] FIRE #743: S*=0.718 phase=1/13 session=20260421_192941
[2026-04-21 20:26:57] FIRE #744: S*=0.704 phase=2/13 session=20260421_192941
[2026-04-21 20:26:58] FIRE #745: S*=0.708 phase=2/13 session=20260421_192941
[2026-04-21 20:26:59] FIRE #746: S*=0.703 phase=2/13 session=20260421_192941
[2026-04-21 20:27:00] FIRE #747: S*=0.702 phase=2/13 session=20260421_192941
[2026-04-21 20:27:05] FIRE #748: S*=0.703 phase=3/13 session=20260421_192941
[2026-04-21 20:27:06] FIRE #749: S*=0.720 phase=3/13 session=20260421_192941
[2026-04-21 20:27:09] FIRE #750: S*=0.700 phase=3/13 session=20260421_192941
[2026-04-21 20:27:14] FIRE #751: S*=0.722 phase=4/13 session=20260421_192941
[2026-04-21 20:27:15] FIRE #752: S*=0.705 phase=4/13 session=20260421_192941
[2026-04-21 20:27:16] FIRE #753: S*=0.705 phase=4/13 session=20260421_192941
[2026-04-21 20:27:17] FIRE #754: S*=0.715 phase=4/13 session=20260421_192941
[2026-04-21 20:27:22] FIRE #755: S*=0.703 phase=5/13 [REDOX_DEEP] session=20260421_192941
[2026-04-21 20:27:23] FIRE #756: S*=0.703 phase=5/13 [REDOX_DEEP] session=20260421_192941
[2026-04-21 20:27:25] FIRE #757: S*=0.728 phase=5/13 [REDOX_DEEP] session=20260421_192941
[2026-04-21 20:27:31] FIRE #758: S*=0.735 phase=6/13 session=20260421_192941
[2026-04-21 20:27:32] FIRE #759: S*=0.714 phase=6/13 session=20260421_192941
[2026-04-21 20:27:33] FIRE #760: S*=0.707 phase=6/13 session=20260421_192941
[2026-04-21 20:27:34] FIRE #761: S*=0.745 phase=6/13 session=20260421_192941
[2026-04-21 20:27:39] FIRE #762: S*=0.709 phase=7/13 [HARMONY] session=20260421_192941
[2026-04-21 20:27:41] FIRE #763: S*=0.730 phase=7/13 [HARMONY] session=20260421_192941
[2026-04-21 20:27:42] FIRE #764: S*=0.702 phase=7/13 [HARMONY] session=20260421_192941
[2026-04-21 20:27:48] FIRE #765: S*=0.711 phase=8/13 session=20260421_192941
[2026-04-21 20:27:49] FIRE #766: S*=0.707 phase=8/13 session=20260421_192941
[2026-04-21 20:27:51] FIRE #767: S*=0.710 phase=8/13 session=20260421_192941
[2026-04-21 20:27:57] FIRE #768: S*=0.719 phase=9/13 session=20260421_192941
[2026-04-21 20:27:58] FIRE #769: S*=0.721 phase=9/13 session=20260421_192941
[2026-04-21 20:27:59] FIRE #770: S*=0.738 phase=9/13 session=20260421_192941
[2026-04-21 20:28:06] FIRE #771: S*=0.722 phase=10/13 session=20260421_192941
[2026-04-21 20:28:07] FIRE #772: S*=0.731 phase=10/13 session=20260421_192941
[2026-04-21 20:28:08] FIRE #773: S*=0.703 phase=10/13 session=20260421_192941
[2026-04-21 20:28:13] FIRE #774: S*=0.730 phase=11/13 session=20260421_192941
[2026-04-21 20:28:14] FIRE #775: S*=0.705 phase=11/13 session=20260421_192941
[2026-04-21 20:28:15] FIRE #776: S*=0.711 phase=11/13 session=20260421_192941
[2026-04-21 20:28:16] FIRE #777: S*=0.704 phase=11/13 session=20260421_192941
[2026-04-21 20:28:22] FIRE #778: S*=0.714 phase=12/13 [HARVEST] session=20260421_192941
[2026-04-21 20:28:30] FIRE #779: S*=0.701 phase=0/13 [RESET] session=20260421_192941
[2026-04-21 20:28:31] FIRE #780: S*=0.708 phase=0/13 [RESET] session=20260421_192941
[2026-04-21 20:28:32] FIRE #781: S*=0.709 phase=0/13 [RESET] session=20260421_192941
[2026-04-21 20:28:33] FIRE #782: S*=0.723 phase=0/13 [RESET] session=20260421_192941
[2026-04-21 20:28:39] FIRE #783: S*=0.719 phase=1/13 session=20260421_192941
[2026-04-21 20:28:40] FIRE #784: S*=0.729 phase=1/13 session=20260421_192941
[2026-04-21 20:28:41] FIRE #785: S*=0.703 phase=1/13 session=20260421_192941
[2026-04-21 20:28:42] FIRE #786: S*=0.704 phase=1/13 session=20260421_192941
[2026-04-21 20:28:47] FIRE #787: S*=0.723 phase=2/13 session=20260421_192941
[2026-04-21 20:28:49] FIRE #788: S*=0.712 phase=2/13 session=20260421_192941
[2026-04-21 20:28:50] FIRE #789: S*=0.751 phase=2/13 session=20260421_192941
[2026-04-21 20:28:55] FIRE #790: S*=0.716 phase=3/13 session=20260421_192941
[2026-04-21 20:28:58] FIRE #791: S*=0.727 phase=3/13 session=20260421_192941
[2026-04-21 20:28:59] FIRE #792: S*=0.717 phase=3/13 session=20260421_192941
[2026-04-21 20:29:04] FIRE #793: S*=0.730 phase=4/13 session=20260421_192941
[2026-04-21 20:29:05] FIRE #794: S*=0.724 phase=4/13 session=20260421_192941
[2026-04-21 20:29:13] FIRE #795: S*=0.721 phase=5/13 [REDOX_DEEP] session=20260421_192941
[2026-04-21 20:29:21] FIRE #796: S*=0.711 phase=6/13 session=20260421_192941
[2026-04-21 20:29:22] FIRE #797: S*=0.720 phase=6/13 session=20260421_192941
[2026-04-21 20:29:23] FIRE #798: S*=0.701 phase=6/13 session=20260421_192941
[2026-04-21 20:29:29] FIRE #799: S*=0.702 phase=7/13 [HARMONY] session=20260421_192941
[2026-04-21 20:29:32] FIRE #800: S*=0.721 phase=7/13 [HARMONY] session=20260421_192941
[2026-04-21 20:29:33] FIRE #801: S*=0.719 phase=7/13 [HARMONY] session=20260421_192941
[2026-04-21 20:29:38] FIRE #802: S*=0.705 phase=8/13 session=20260421_192941
[2026-04-21 20:29:40] FIRE #803: S*=0.713 phase=8/13 session=20260421_192941
