
======================================================================
Z1: Last-step anatomy — final 7 steps before First-G
======================================================================

  b=35 (5×7): transition k=1..8
     k        zone   |G|  interleave    defect    R(k,1/p)     dD/dk
     1    PRE-ECHO     0      0.0000    0.0000    1.000000   +0.0000
     2    PRE-ECHO     0      0.0000    0.2500    0.654508   +0.2500
     3    PRE-ECHO     0      0.0000    0.4444    0.290893   +0.1944
     4    PRE-ECHO     0      0.0000    0.5000    0.062500   +0.0556
     5     FIRST-G     1      0.5000    0.6000    0.000000   +0.1000
     6      POST-G     1      1.0000    0.5833    0.027778   -0.0167
     7      POST-G     2      0.7500    0.6122    0.053429   +0.0289
     8      POST-G     2      1.0000    0.6094    0.040907   -0.0029

  b=77 (7×11): transition k=2..10
     k        zone   |G|  interleave    defect    R(k,1/p)     dD/dk
     2    PRE-ECHO     0      0.0000    0.2500    0.811745   +0.0000
     3    PRE-ECHO     0      0.0000    0.4444    0.560991   +0.1944
     4    PRE-ECHO     0      0.0000    0.5000    0.315557   +0.0556
     5    PRE-ECHO     0      0.0000    0.6000    0.129879   +0.1000
     6    PRE-ECHO     0      0.0000    0.6111    0.027778   +0.0111
     7     FIRST-G     1      0.5000    0.6735    0.000000   +0.0624
     8      POST-G     1      1.0000    0.6875    0.015625   +0.0140
     9      POST-G     1      1.0000    0.7037    0.040086   +0.0162
    10      POST-G     1      1.0000    0.7000    0.050489   -0.0037

  b=143 (11×13): transition k=6..14
     k        zone   |G|  interleave    defect    R(k,1/p)     dD/dk
     6    PRE-ECHO     0      0.0000    0.6111    0.342876   +0.0000
     7    PRE-ECHO     0      0.0000    0.6735    0.212746   +0.0624
     8    PRE-ECHO     0      0.0000    0.6875    0.112435   +0.0140
     9    PRE-ECHO     0      0.0000    0.7160    0.045463   +0.0285
    10    PRE-ECHO     0      0.0000    0.7300    0.010000   +0.0140
    11     FIRST-G     1      0.5000    0.7603    0.000000   +0.0303
    12      POST-G     1      1.0000    0.7500    0.006944   -0.0103
    13      POST-G     2      0.7500    0.7633    0.021790   +0.0133
    14      POST-G     2      1.0000    0.7653    0.036713   +0.0020

  b=221 (13×17): transition k=8..16
     k        zone   |G|  interleave    defect    R(k,1/p)     dD/dk
     8    PRE-ECHO     0      0.0000    0.6875    0.238515   +0.0000
     9    PRE-ECHO     0      0.0000    0.7160    0.146001   +0.0285
    10    PRE-ECHO     0      0.0000    0.7300    0.076780   +0.0140
    11    PRE-ECHO     0      0.0000    0.7603    0.031165   +0.0303
    12    PRE-ECHO     0      0.0000    0.7569    0.006944   -0.0034
    13     FIRST-G     1      0.5000    0.7811    0.000000   +0.0241
    14      POST-G     1      1.0000    0.7908    0.005102   +0.0098
    15      POST-G     1      1.0000    0.7956    0.016760   +0.0047
    16      POST-G     1      1.0000    0.7930    0.029992   -0.0026

  b=323 (17×19): transition k=12..20
     k        zone   |G|  interleave    defect    R(k,1/p)     dD/dk
    12    PRE-ECHO     0      0.0000    0.7569    0.130981   +0.0000
    13    PRE-ECHO     0      0.0000    0.7811    0.079541   +0.0241
    14    PRE-ECHO     0      0.0000    0.7908    0.041877   +0.0098
    15    PRE-ECHO     0      0.0000    0.8000    0.017178   +0.0092
    16    PRE-ECHO     0      0.0000    0.8047    0.003906   +0.0047
    17     FIRST-G     1      0.5000    0.8201    0.000000   +0.0154
    18      POST-G     1      1.0000    0.8179    0.003086   -0.0022
    19      POST-G     2      0.7500    0.8255    0.010706   +0.0076
    20      POST-G     2      1.0000    0.8225    0.020520   -0.0030

  b=667 (23×29): transition k=18..26
     k        zone   |G|  interleave    defect    R(k,1/p)     dD/dk
    18    PRE-ECHO     0      0.0000    0.8210    0.066297   +0.0000
    19    PRE-ECHO     0      0.0000    0.8338    0.040333   +0.0128
    20    PRE-ECHO     0      0.0000    0.8350    0.021401   +0.0012
    21    PRE-ECHO     0      0.0000    0.8413    0.008902   +0.0063
    22    PRE-ECHO     0      0.0000    0.8471    0.002066   +0.0058
    23     FIRST-G     1      0.5000    0.8563    0.000000   +0.0092
    24      POST-G     1      1.0000    0.8542    0.001736   -0.0022
    25      POST-G     1      1.0000    0.8608    0.006281   +0.0066
    26      POST-G     1      1.0000    0.8639    0.012663   +0.0031

  b=1073 (29×37): transition k=24..32
     k        zone   |G|  interleave    defect    R(k,1/p)     dD/dk
    24    PRE-ECHO     0      0.0000    0.8542    0.039475   +0.0000
    25    PRE-ECHO     0      0.0000    0.8608    0.024132   +0.0066
    26    PRE-ECHO     0      0.0000    0.8654    0.012902   +0.0046
    27    PRE-ECHO     0      0.0000    0.8697    0.005423   +0.0043
    28    PRE-ECHO     0      0.0000    0.8712    0.001276   +0.0015
    29     FIRST-G     1      0.5000    0.8775    0.000000   +0.0064
    30      POST-G     1      1.0000    0.8767    0.001111   -0.0009
    31      POST-G     1      1.0000    0.8824    0.004114   +0.0057
    32      POST-G     1      1.0000    0.8838    0.008517   +0.0014

======================================================================
Z2: Product landing anatomy — where do escaped products land?
======================================================================

  b=35 (5×7): product residue distribution mod p, k=1..6
     k | ≡0(p)  ≡1(p)  ≡2(p)  ≡3(p)  ≡4(p)
     1 | 0.000  1.000  0.000  0.000  0.000
     2 | 0.000  0.250  0.500  0.000  0.250
     3 | 0.000  0.333  0.222  0.222  0.222
     4 | 0.000  0.250  0.250  0.250  0.250
     5 | 0.360  0.160  0.160  0.160  0.160
     6 | 0.306  0.194  0.167  0.167  0.167

  b=77 (7×11): product residue distribution mod p, k=1..8
     k | ≡0(p)  ≡1(p)  ≡2(p)  ≡3(p)  ≡4(p)  ≡5(p)  ≡6(p)
     1 | 0.000  1.000  0.000  0.000  0.000  0.000  0.000
     2 | 0.000  0.250  0.500  0.000  0.250  0.000  0.000
     3 | 0.000  0.111  0.333  0.222  0.111  0.000  0.222
     4 | 0.000  0.188  0.250  0.125  0.188  0.125  0.125
     5 | 0.000  0.200  0.160  0.160  0.160  0.160  0.160
     6 | 0.000  0.167  0.167  0.167  0.167  0.167  0.167
     7 | 0.265  0.122  0.122  0.122  0.122  0.122  0.122
     8 | 0.234  0.141  0.125  0.125  0.125  0.125  0.125

  b=143 (11×13): product residue distribution mod p, k=1..12
     k | ≡0(p)  ≡1(p)  ≡2(p)  ≡3(p)  ≡4(p)  ≡5(p)  ≡6(p)  ≡7(p)  ≡8(p)  ≡9(p)  ≡10(p)
     1 | 0.000  1.000  0.000  0.000  0.000  0.000  0.000  0.000  0.000  0.000  0.000
     2 | 0.000  0.250  0.500  0.000  0.250  0.000  0.000  0.000  0.000  0.000  0.000
     3 | 0.000  0.111  0.222  0.222  0.111  0.000  0.222  0.000  0.000  0.111  0.000
     4 | 0.000  0.188  0.125  0.125  0.188  0.062  0.125  0.000  0.125  0.062  0.000
     5 | 0.000  0.120  0.080  0.120  0.200  0.120  0.080  0.000  0.080  0.120  0.080
     6 | 0.000  0.139  0.111  0.111  0.139  0.083  0.111  0.056  0.111  0.083  0.056
     7 | 0.000  0.102  0.122  0.122  0.102  0.082  0.122  0.082  0.082  0.102  0.082
     8 | 0.000  0.109  0.125  0.094  0.109  0.094  0.094  0.094  0.094  0.094  0.094
     9 | 0.000  0.111  0.099  0.099  0.099  0.099  0.099  0.099  0.099  0.099  0.099
    10 | 0.000  0.100  0.100  0.100  0.100  0.100  0.100  0.100  0.100  0.100  0.100
    11 | 0.174  0.083  0.083  0.083  0.083  0.083  0.083  0.083  0.083  0.083  0.083
    12 | 0.160  0.090  0.083  0.083  0.083  0.083  0.083  0.083  0.083  0.083  0.083

======================================================================
Z3: Multi-harmonic — R(k) at 1/p, 2/p, 3/p, 4/p simultaneously
======================================================================

  b=77 (p=7): harmonics 1..4 of p, k=1..9
  freq denominators: [7, 3, 2]
     k | R(f=7) | R(f=3) | R(f=2)
     1 [pre] | 1.0000  1.0000  1.0000  |G|=0
     2 [pre] | 0.8117  0.2500  0.0000  |G|=0
     3 [pre] | 0.5610  0.0000  0.1111  |G|=0
     4 [pre] | 0.3156  0.0625  0.0000  |G|=0
     5 [pre] | 0.1299  0.0400  0.0400  |G|=0
     6 [pre] | 0.0278  0.0000  0.0000  |G|=0
     7 [F-G] | 0.0000  0.0204  0.0204  |G|=1
     8 [post] | 0.0156  0.0156  0.0000  |G|=1
     9 [post] | 0.0401  0.0000  0.0123  |G|=1

  b=143 (p=11): harmonics 1..4 of p, k=1..13
  freq denominators: [11, 5, 3, 2]
     k | R(f=11) | R(f=5) | R(f=3) | R(f=2)
     1 [pre] | 1.0000  1.0000  1.0000  1.0000  |G|=0
     2 [pre] | 0.9206  0.6545  0.2500  0.0000  |G|=0
     3 [pre] | 0.7995  0.2909  0.0000  0.1111  |G|=0
     4 [pre] | 0.6515  0.0625  0.0625  0.0000  |G|=0
     5 [pre] | 0.4937  0.0000  0.0400  0.0400  |G|=0
     6 [pre] | 0.3429  0.0278  0.0000  0.0000  |G|=0
     7 [pre] | 0.2127  0.0534  0.0204  0.0204  |G|=0
     8 [pre] | 0.1124  0.0409  0.0156  0.0000  |G|=0
     9 [pre] | 0.0455  0.0123  0.0000  0.0123  |G|=0
    10 [pre] | 0.0100  0.0000  0.0100  0.0000  |G|=0
    11 [F-G] | 0.0000  0.0083  0.0083  0.0083  |G|=1
    12 [post] | 0.0069  0.0182  0.0000  0.0000  |G|=1
    13 [post] | 0.0218  0.0155  0.0059  0.0059  |G|=2

  b=323 (p=17): harmonics 1..4 of p, k=1..19
  freq denominators: [17, 8, 5, 4]
     k | R(f=17) | R(f=8) | R(f=5) | R(f=4)
     1 [pre] | 1.0000  1.0000  1.0000  1.0000  |G|=0
     2 [pre] | 0.9662  0.8536  0.6545  0.5000  |G|=0
     3 [pre] | 0.9120  0.6476  0.2909  0.1111  |G|=0
     4 [pre] | 0.8401  0.4268  0.0625  0.0000  |G|=0
     5 [pre] | 0.7545  0.2331  0.0000  0.0400  |G|=0
     6 [pre] | 0.6592  0.0948  0.0278  0.0556  |G|=0
     7 [pre] | 0.5592  0.0204  0.0534  0.0204  |G|=0
     8 [pre] | 0.4588  0.0000  0.0409  0.0000  |G|=0
     9 [pre] | 0.3625  0.0123  0.0123  0.0123  |G|=0
    10 [pre] | 0.2740  0.0341  0.0000  0.0200  |G|=0
    11 [pre] | 0.1961  0.0482  0.0083  0.0083  |G|=0
    12 [pre] | 0.1310  0.0474  0.0182  0.0000  |G|=0
    13 [pre] | 0.0795  0.0345  0.0155  0.0059  |G|=0
    14 [pre] | 0.0419  0.0174  0.0051  0.0102  |G|=0
    15 [pre] | 0.0172  0.0044  0.0000  0.0044  |G|=0
    16 [pre] | 0.0039  0.0000  0.0039  0.0000  |G|=0
    17 [F-G] | 0.0000  0.0035  0.0091  0.0035  |G|=1
    18 [post] | 0.0031  0.0105  0.0081  0.0062  |G|=1
    19 [post] | 0.0107  0.0161  0.0028  0.0028  |G|=2

======================================================================
Z4: Defect by residue class — which (x mod p, y mod p) pairs escape?
======================================================================

  b=35 (5×7): escape rate by residue class at k=4 (pre-echo peak)
  k=4: escape rates by (x mod p, y mod p):
       (rx,ry)   escaped   total      rate
  ( 1, 1)             0       1    0.0000
  ( 1, 2)             0       1    0.0000
  ( 1, 3)             0       1    0.0000
  ( 1, 4)             0       1    0.0000
  ( 2, 1)             0       1    0.0000
  ( 2, 2)             0       1    0.0000
  ( 2, 3)             1       1    1.0000
  ( 2, 4)             1       1    1.0000
  ( 3, 1)             0       1    0.0000
  ( 3, 2)             1       1    1.0000
  ( 3, 3)             1       1    1.0000
  ( 3, 4)             1       1    1.0000
  ( 4, 1)             0       1    0.0000
  ( 4, 2)             1       1    1.0000
  ( 4, 3)             1       1    1.0000
  ( 4, 4)             1       1    1.0000

  b=77 (7×11): escape rate by residue class at k=6 (pre-echo peak)
  k=6: escape rates by (x mod p, y mod p):
       (rx,ry)   escaped   total      rate
  ( 1, 1)             0       1    0.0000
  ( 1, 2)             0       1    0.0000
  ( 1, 3)             0       1    0.0000
  ( 1, 4)             0       1    0.0000
  ( 1, 5)             0       1    0.0000
  ( 1, 6)             0       1    0.0000
  ( 2, 1)             0       1    0.0000
  ( 2, 2)             0       1    0.0000
  ( 2, 3)             0       1    0.0000
  ( 2, 4)             1       1    1.0000
  ( 2, 5)             1       1    1.0000
  ( 2, 6)             1       1    1.0000
  ( 3, 1)             0       1    0.0000
  ( 3, 2)             0       1    0.0000
  ( 3, 3)             1       1    1.0000
  ( 3, 4)             1       1    1.0000
  ( 3, 5)             1       1    1.0000
  ( 3, 6)             1       1    1.0000
  ( 4, 1)             0       1    0.0000
  ( 4, 2)             1       1    1.0000
  ( 4, 3)             1       1    1.0000
  ( 4, 4)             1       1    1.0000
  ( 4, 5)             1       1    1.0000
  ( 4, 6)             1       1    1.0000
  ( 5, 1)             0       1    0.0000
  ( 5, 2)             1       1    1.0000
  ( 5, 3)             1       1    1.0000
  ( 5, 4)             1       1    1.0000
  ( 5, 5)             1       1    1.0000
  ( 5, 6)             1       1    1.0000
  ( 6, 1)             0       1    0.0000
  ( 6, 2)             1       1    1.0000
  ( 6, 3)             1       1    1.0000
  ( 6, 4)             1       1    1.0000
  ( 6, 5)             1       1    1.0000
  ( 6, 6)             1       1    1.0000

======================================================================
Z5: Post-G resonance — does R(k,1/p) recover after First-G?
======================================================================

  b=77 (7×11): R(k,1/p) extended k=p-3..q+3
     k        zone    R(k,1/p)      closed    |G|
     4         pre    0.315557    0.315557      0
     5         pre    0.129879    0.129879      0
     6         pre    0.027778    0.027778      0
     7      bridge    0.000000    0.000000      1
     8      bridge    0.015625    0.015625      1
     9      bridge    0.040086    0.040086      1
    10      bridge    0.050489    0.050489      1
    11       2nd-G    0.041727    0.041727      2
    12        post    0.022548    0.022548      2
    13        post    0.005917    0.005917      2
    14        post    0.000000    0.000000      3

  b=143 (11×13): R(k,1/p) extended k=p-3..q+3
     k        zone    R(k,1/p)      closed    |G|
     8         pre    0.112435    0.112435      0
     9         pre    0.045463    0.045463      0
    10         pre    0.010000    0.010000      0
    11      bridge    0.000000    0.000000      1
    12      bridge    0.006944    0.006944      1
    13       2nd-G    0.021790    0.021790      2
    14        post    0.036713    0.036713      2
    15        post    0.046331    0.046331      2
    16        post    0.048217    0.048217      2

  b=323 (17×19): R(k,1/p) extended k=p-3..q+3
     k        zone    R(k,1/p)      closed    |G|
    14         pre    0.041877    0.041877      0
    15         pre    0.017178    0.017178      0
    16         pre    0.003906    0.003906      0
    17      bridge    0.000000    0.000000      1
    18      bridge    0.003086    0.003086      1
    19       2nd-G    0.010706    0.010706      2
    20        post    0.020520    0.020520      2
    21        post    0.030482    0.030482      2
    22        post    0.038970    0.038970      2

======================================================================
Z6: Exact transition snapshot — every signal at k=p-5..p+5
======================================================================

  b=35 (5×7):
     k    Δk   |G|      IL    defect     dD/dk    R(1/p)     dR/dk
     1    -4     0   0.000    0.0000       N/A   1.00000        N/A
     2    -3     0   0.000    0.2500   +0.2500   0.65451  -0.345492
     3    -2     0   0.000    0.4444   +0.1944   0.29089  -0.363616
     4    -1     0   0.000    0.5000   +0.0556   0.06250  -0.228393
     5    +0     1   0.500    0.6000   +0.1000   0.00000  -0.062500
     6    +1     1   1.000    0.5833   -0.0167   0.02778  +0.027778
     7    +2     2   0.750    0.6122   +0.0289   0.05343  +0.025651
     8    +3     2   1.000    0.6094   -0.0029   0.04091  -0.012522
     9    +4     2   1.000    0.6049   -0.0044   0.01235  -0.028561
    10    +5     3   0.833    0.5800   -0.0249   0.00000  -0.012346

  b=55 (5×11):
     k    Δk   |G|      IL    defect     dD/dk    R(1/p)     dR/dk
     1    -4     0   0.000    0.0000       N/A   1.00000        N/A
     2    -3     0   0.000    0.2500   +0.2500   0.65451  -0.345492
     3    -2     0   0.000    0.4444   +0.1944   0.29089  -0.363616
     4    -1     0   0.000    0.5000   +0.0556   0.06250  -0.228393
     5    +0     1   0.500    0.6000   +0.1000   0.00000  -0.062500
     6    +1     1   1.000    0.6111   +0.0111   0.02778  +0.027778
     7    +2     1   1.000    0.6735   +0.0624   0.05343  +0.025651
     8    +3     1   1.000    0.6562   -0.0172   0.04091  -0.012522
     9    +4     1   1.000    0.6543   -0.0019   0.01235  -0.028561
    10    +5     2   0.750    0.6600   +0.0057   0.00000  -0.012346

  b=77 (7×11):
     k    Δk   |G|      IL    defect     dD/dk    R(1/p)     dR/dk
     2    -5     0   0.000    0.2500       N/A   0.81174        N/A
     3    -4     0   0.000    0.4444   +0.1944   0.56099  -0.250754
     4    -3     0   0.000    0.5000   +0.0556   0.31556  -0.245433
     5    -2     0   0.000    0.6000   +0.1000   0.12988  -0.185678
     6    -1     0   0.000    0.6111   +0.0111   0.02778  -0.102101
     7    +0     1   0.500    0.6735   +0.0624   0.00000  -0.027778
     8    +1     1   1.000    0.6875   +0.0140   0.01562  +0.015625
     9    +2     1   1.000    0.7037   +0.0162   0.04009  +0.024461
    10    +3     1   1.000    0.7000   -0.0037   0.05049  +0.010403
    11    +4     2   0.750    0.7190   +0.0190   0.04173  -0.008763
    12    +5     2   1.000    0.7083   -0.0107   0.02255  -0.019178

  b=91 (7×13):
     k    Δk   |G|      IL    defect     dD/dk    R(1/p)     dR/dk
     2    -5     0   0.000    0.2500       N/A   0.81174        N/A
     3    -4     0   0.000    0.4444   +0.1944   0.56099  -0.250754
     4    -3     0   0.000    0.5000   +0.0556   0.31556  -0.245433
     5    -2     0   0.000    0.6000   +0.1000   0.12988  -0.185678
     6    -1     0   0.000    0.6111   +0.0111   0.02778  -0.102101
     7    +0     1   0.500    0.6735   +0.0624   0.00000  -0.027778
     8    +1     1   1.000    0.6875   +0.0140   0.01562  +0.015625
     9    +2     1   1.000    0.7160   +0.0285   0.04009  +0.024461
    10    +3     1   1.000    0.7200   +0.0040   0.05049  +0.010403
    11    +4     1   1.000    0.7355   +0.0155   0.04173  -0.008763
    12    +5     1   1.000    0.7222   -0.0133   0.02255  -0.019178

  b=143 (11×13):
     k    Δk   |G|      IL    defect     dD/dk    R(1/p)     dR/dk
     6    -5     0   0.000    0.6111       N/A   0.34288        N/A
     7    -4     0   0.000    0.6735   +0.0624   0.21275  -0.130130
     8    -3     0   0.000    0.6875   +0.0140   0.11244  -0.100311
     9    -2     0   0.000    0.7160   +0.0285   0.04546  -0.066972
    10    -1     0   0.000    0.7300   +0.0140   0.01000  -0.035463
    11    +0     1   0.500    0.7603   +0.0303   0.00000  -0.010000
    12    +1     1   1.000    0.7500   -0.0103   0.00694  +0.006944
    13    +2     2   0.750    0.7633   +0.0133   0.02179  +0.014846
    14    +3     2   1.000    0.7653   +0.0020   0.03671  +0.014924
    15    +4     2   1.000    0.7689   +0.0036   0.04633  +0.009618
    16    +5     2   1.000    0.7695   +0.0006   0.04822  +0.001886

  b=187 (11×17):
     k    Δk   |G|      IL    defect     dD/dk    R(1/p)     dR/dk
     6    -5     0   0.000    0.6111       N/A   0.34288        N/A
     7    -4     0   0.000    0.6735   +0.0624   0.21275  -0.130130
     8    -3     0   0.000    0.6875   +0.0140   0.11244  -0.100311
     9    -2     0   0.000    0.7160   +0.0285   0.04546  -0.066972
    10    -1     0   0.000    0.7300   +0.0140   0.01000  -0.035463
    11    +0     1   0.500    0.7603   +0.0303   0.00000  -0.010000
    12    +1     1   1.000    0.7569   -0.0034   0.00694  +0.006944
    13    +2     1   1.000    0.7811   +0.0241   0.02179  +0.014846
    14    +3     1   1.000    0.7857   +0.0046   0.03671  +0.014924
    15    +4     1   1.000    0.7867   +0.0010   0.04633  +0.009618
    16    +5     1   1.000    0.7852   -0.0015   0.04822  +0.001886

  b=221 (13×17):
     k    Δk   |G|      IL    defect     dD/dk    R(1/p)     dR/dk
     8    -5     0   0.000    0.6875       N/A   0.23852        N/A
     9    -4     0   0.000    0.7160   +0.0285   0.14600  -0.092514
    10    -3     0   0.000    0.7300   +0.0140   0.07678  -0.069221
    11    -2     0   0.000    0.7603   +0.0303   0.03116  -0.045615
    12    -1     0   0.000    0.7569   -0.0034   0.00694  -0.024220
    13    +0     1   0.500    0.7811   +0.0241   0.00000  -0.006944
    14    +1     1   1.000    0.7908   +0.0098   0.00510  +0.005102
    15    +2     1   1.000    0.7956   +0.0047   0.01676  +0.011658
    16    +3     1   1.000    0.7930   -0.0026   0.02999  +0.013232
    17    +4     2   0.750    0.8028   +0.0098   0.04092  +0.010929
    18    +5     2   1.000    0.7994   -0.0034   0.04711  +0.006193

  b=323 (17×19):
     k    Δk   |G|      IL    defect     dD/dk    R(1/p)     dR/dk
    12    -5     0   0.000    0.7569       N/A   0.13098        N/A
    13    -4     0   0.000    0.7811   +0.0241   0.07954  -0.051441
    14    -3     0   0.000    0.7908   +0.0098   0.04188  -0.037663
    15    -2     0   0.000    0.8000   +0.0092   0.01718  -0.024700
    16    -1     0   0.000    0.8047   +0.0047   0.00391  -0.013271
    17    +0     1   0.500    0.8201   +0.0154   0.00000  -0.003906
    18    +1     1   1.000    0.8179   -0.0022   0.00309  +0.003086
    19    +2     2   0.750    0.8255   +0.0076   0.01071  +0.007620
    20    +3     2   1.000    0.8225   -0.0030   0.02052  +0.009814
    21    +4     2   1.000    0.8254   +0.0029   0.03048  +0.009962
    22    +5     2   1.000    0.8285   +0.0031   0.03897  +0.008488

======================================================================
Z7: Prime gap fingerprint — R(k,1/q) in bridge vs prime gap and ratio
======================================================================
  p=7 fixed.  For each q: final R(q-1,1/q), bridge midpoint R, gap vs ratio
     q  gap=q-p  ratio=q/p    R(q-1)     R_mid    R_slope
    11        4      1.571   0.01000   0.04546  -0.050686
    13        6      1.857   0.00694   0.07678  -0.057369
    17       10      2.429   0.00391   0.13098  -0.055526
    19       12      2.714   0.00309   0.15308  -0.052389
    23       16      3.286   0.00207   0.18897  -0.045786
    29       22      4.143   0.00128   0.22786  -0.037472
    31       24      4.429   0.00111   0.23800  -0.035204
    37       30      5.286   0.00077   0.26265  -0.029634
    41       34      5.857   0.00063   0.27547  -0.026731
    43       36      6.143   0.00057   0.28107  -0.025468
    47       40      6.714   0.00047   0.29095  -0.023251
    53       46      7.571   0.00037   0.30317  -0.020536
    59       52      8.429   0.00030   0.31305  -0.018368
    61       54      8.714   0.00028   0.31594  -0.017741
    67       60      9.571   0.00023   0.32360  -0.016085
    71       64     10.143   0.00020   0.32803  -0.015138
    73       66     10.429   0.00019   0.33007  -0.014705
    79       72     11.286   0.00016   0.33559  -0.013539
    83       76     11.857   0.00015   0.33884  -0.012857
    89       82     12.714   0.00013   0.34319  -0.011952
    97       90     13.857   0.00011   0.34817  -0.010925
   101       94     14.429   0.00010   0.35038  -0.010474
   103       96     14.714   0.00010   0.35142  -0.010262
   107      100     15.286   0.00009   0.35339  -0.009862
   109      102     15.571   0.00009   0.35432  -0.009673
   113      106     16.143   0.00008   0.35608  -0.009317

======================================================================
Z8: Defect velocity — d(defect)/dk shape approaching First-G
======================================================================

  b=35 (5×7): defect velocity k=1..p
     k     k/p    defect     dD/dk     d2D/dk2  trend
     1   0.200    0.0000   +0.0000   +0.000000  LINEAR
     2   0.400    0.2500   +0.2500   +0.250000  ACCEL
     3   0.600    0.4444   +0.1944   -0.055556  DECEL
     4   0.800    0.5000   +0.0556   -0.138889  DECEL
     5   1.000    0.6000   +0.1000   +0.044444  ACCEL

  b=77 (7×11): defect velocity k=1..p
     k     k/p    defect     dD/dk     d2D/dk2  trend
     1   0.143    0.0000   +0.0000   +0.000000  LINEAR
     2   0.286    0.2500   +0.2500   +0.250000  ACCEL
     3   0.429    0.4444   +0.1944   -0.055556  DECEL
     4   0.571    0.5000   +0.0556   -0.138889  DECEL
     5   0.714    0.6000   +0.1000   +0.044444  ACCEL
     6   0.857    0.6111   +0.0111   -0.088889  DECEL
     7   1.000    0.6735   +0.0624   +0.051247  ACCEL

  b=143 (11×13): defect velocity k=1..p
     k     k/p    defect     dD/dk     d2D/dk2  trend
     1   0.091    0.0000   +0.0000   +0.000000  LINEAR
     2   0.182    0.2500   +0.2500   +0.250000  ACCEL
     3   0.273    0.4444   +0.1944   -0.055556  DECEL
     4   0.364    0.5000   +0.0556   -0.138889  DECEL
     5   0.455    0.6000   +0.1000   +0.044444  ACCEL
     6   0.545    0.6111   +0.0111   -0.088889  DECEL
     7   0.636    0.6735   +0.0624   +0.051247  ACCEL
     8   0.727    0.6875   +0.0140   -0.048328  DECEL
     9   0.818    0.7160   +0.0285   +0.014519  ACCEL
    10   0.909    0.7300   +0.0140   -0.014599  DECEL
    11   1.000    0.7603   +0.0303   +0.016380  ACCEL

  b=323 (17×19): defect velocity k=1..p
     k     k/p    defect     dD/dk     d2D/dk2  trend
     1   0.059    0.0000   +0.0000   +0.000000  LINEAR
     2   0.118    0.2500   +0.2500   +0.250000  ACCEL
     3   0.176    0.4444   +0.1944   -0.055556  DECEL
     4   0.235    0.5000   +0.0556   -0.138889  DECEL
     5   0.294    0.6000   +0.1000   +0.044444  ACCEL
     6   0.353    0.6111   +0.0111   -0.088889  DECEL
     7   0.412    0.6735   +0.0624   +0.051247  ACCEL
     8   0.471    0.6875   +0.0140   -0.048328  DECEL
     9   0.529    0.7160   +0.0285   +0.014519  ACCEL
    10   0.588    0.7300   +0.0140   -0.014599  DECEL
    11   0.647    0.7603   +0.0303   +0.016380  ACCEL
    12   0.706    0.7569   -0.0034   -0.033717  DECEL
    13   0.765    0.7811   +0.0241   +0.027507  ACCEL
    14   0.824    0.7908   +0.0098   -0.014369  DECEL
    15   0.882    0.8000   +0.0092   -0.000568  DECEL
    16   0.941    0.8047   +0.0047   -0.004496  DECEL
    17   1.000    0.8201   +0.0154   +0.010694  ACCEL

  b=667 (23×29): defect velocity k=1..p
     k     k/p    defect     dD/dk     d2D/dk2  trend
     1   0.043    0.0000   +0.0000   +0.000000  LINEAR
     2   0.087    0.2500   +0.2500   +0.250000  ACCEL
     3   0.130    0.4444   +0.1944   -0.055556  DECEL
     4   0.174    0.5000   +0.0556   -0.138889  DECEL
     5   0.217    0.6000   +0.1000   +0.044444  ACCEL
     6   0.261    0.6111   +0.0111   -0.088889  DECEL
     7   0.304    0.6735   +0.0624   +0.051247  ACCEL
     8   0.348    0.6875   +0.0140   -0.048328  DECEL
     9   0.391    0.7160   +0.0285   +0.014519  ACCEL
    10   0.435    0.7300   +0.0140   -0.014599  DECEL
    11   0.478    0.7603   +0.0303   +0.016380  ACCEL
    12   0.522    0.7569   -0.0034   -0.033717  DECEL
    13   0.565    0.7811   +0.0241   +0.027507  ACCEL
    14   0.609    0.7908   +0.0098   -0.014369  DECEL
    15   0.652    0.8000   +0.0092   -0.000568  DECEL
    16   0.696    0.8047   +0.0047   -0.004496  DECEL
    17   0.739    0.8201   +0.0154   +0.010694  ACCEL
    18   0.783    0.8210   +0.0009   -0.014463  DECEL
    19   0.826    0.8338   +0.0128   +0.011889  ACCEL
    20   0.870    0.8350   +0.0012   -0.011602  DECEL
    21   0.913    0.8413   +0.0063   +0.005065  ACCEL
    22   0.957    0.8471   +0.0058   -0.000432  DECEL
    23   1.000    0.8563   +0.0092   +0.003388  ACCEL

  b=1073 (29×37): defect velocity k=1..p
     k     k/p    defect     dD/dk     d2D/dk2  trend
     1   0.034    0.0000   +0.0000   +0.000000  LINEAR
     2   0.069    0.2500   +0.2500   +0.250000  ACCEL
     3   0.103    0.4444   +0.1944   -0.055556  DECEL
     4   0.138    0.5000   +0.0556   -0.138889  DECEL
     5   0.172    0.6000   +0.1000   +0.044444  ACCEL
     6   0.207    0.6111   +0.0111   -0.088889  DECEL
     7   0.241    0.6735   +0.0624   +0.051247  ACCEL
     8   0.276    0.6875   +0.0140   -0.048328  DECEL
     9   0.310    0.7160   +0.0285   +0.014519  ACCEL
    10   0.345    0.7300   +0.0140   -0.014599  DECEL
    11   0.379    0.7603   +0.0303   +0.016380  ACCEL
    12   0.414    0.7569   -0.0034   -0.033717  DECEL
    13   0.448    0.7811   +0.0241   +0.027507  ACCEL
    14   0.483    0.7908   +0.0098   -0.014369  DECEL
    15   0.517    0.8000   +0.0092   -0.000568  DECEL
    16   0.552    0.8047   +0.0047   -0.004496  DECEL
    17   0.586    0.8201   +0.0154   +0.010694  ACCEL
    18   0.621    0.8210   +0.0009   -0.014463  DECEL
    19   0.655    0.8338   +0.0128   +0.011889  ACCEL
    20   0.690    0.8350   +0.0012   -0.011602  DECEL
    21   0.724    0.8413   +0.0063   +0.005065  ACCEL
    22   0.759    0.8471   +0.0058   -0.000432  DECEL
    23   0.793    0.8563   +0.0092   +0.003388  ACCEL
    24   0.828    0.8542   -0.0022   -0.011391  DECEL
    25   0.862    0.8608   +0.0066   +0.008799  ACCEL
    26   0.897    0.8654   +0.0046   -0.002049  DECEL
    27   0.931    0.8697   +0.0043   -0.000285  DECEL
    28   0.966    0.8712   +0.0015   -0.002811  DECEL
    29   1.000    0.8775   +0.0064   +0.004864  ACCEL

======================================================================
GENERATING ZOOM PLOTS
======================================================================
Saved: figZ1_transition.png
Saved: figZ2_velocity.png
Saved: figZ3_recovery.png
Saved: figZ4_gap.png

All zoom plots complete.

======================================================================
ZOOM PRE-ECHO ATLAS COMPLETE
Results: results\zoom_pre_echo
======================================================================
