[2026-01-29 19:43:12] >>> WINDOW: RESET (phase 0/13)
[2026-01-29 19:43:52] >>> WINDOW: RESET (phase 0/13)
[2026-01-29 19:43:56] Gate OPEN (phase 1/13)
[2026-01-29 19:44:00] Gate CLOSED (phase 1/13)
[2026-01-29 19:46:04] >>> WINDOW: RESET (phase 0/13)
[2026-01-29 19:46:08] Gate OPEN (phase 1/13)
[2026-01-29 19:46:12] Gate CLOSED (phase 1/13)
[2026-01-29 19:46:16] Gate OPEN (phase 2/13)
[2026-01-29 19:46:20] Gate CLOSED (phase 2/13)
[2026-01-29 19:46:24] Gate OPEN (phase 3/13)
[2026-01-29 19:46:29] Gate CLOSED (phase 3/13)
[2026-01-29 19:46:33] Gate OPEN (phase 4/13)
[2026-01-29 19:46:37] Gate CLOSED (phase 4/13)
[2026-01-29 19:46:41] >>> WINDOW: REDOX_DEEP (phase 5/13)
[2026-01-29 19:49:22] >>> WINDOW: RESET (phase 0/13)
[2026-01-29 19:49:26] Gate OPEN (phase 1/13)
[2026-01-29 19:49:30] Gate CLOSED (phase 1/13)
[2026-01-29 19:49:34] Gate OPEN (phase 2/13)
[2026-01-29 19:49:39] Gate CLOSED (phase 2/13)
[2026-01-29 19:49:43] Gate OPEN (phase 3/13)
[2026-01-29 19:51:00] >>> WINDOW: RESET (phase 0/13)
[2026-01-29 19:51:04] Gate OPEN (phase 1/13)
[2026-01-29 19:51:08] Gate CLOSED (phase 1/13)
[2026-01-29 19:51:13] Gate OPEN (phase 2/13)
[2026-01-29 19:51:17] Gate CLOSED (phase 2/13)
[2026-01-29 19:51:21] Gate OPEN (phase 3/13)
[2026-01-29 19:51:25] Gate CLOSED (phase 3/13)
[2026-01-29 19:51:29] Gate OPEN (phase 4/13)
[2026-01-29 19:51:34] Gate CLOSED (phase 4/13)
[2026-01-29 19:51:38] >>> WINDOW: REDOX_DEEP (phase 5/13)
[2026-01-29 19:51:42] >>> WINDOW: REDOX_DEEP (phase 5/13)
[2026-01-29 19:51:46] Gate OPEN (phase 6/13)
[2026-01-29 19:51:50] Gate CLOSED (phase 6/13)
[2026-01-29 19:51:54] >>> WINDOW: HARMONY (phase 7/13)
[2026-01-29 19:51:59] >>> WINDOW: HARMONY (phase 7/13)
[2026-01-29 19:52:03] Gate OPEN (phase 8/13)
[2026-01-29 19:52:07] Gate CLOSED (phase 8/13)
[2026-01-29 19:52:11] Gate OPEN (phase 9/13)
[2026-01-29 19:52:15] Gate CLOSED (phase 9/13)
[2026-01-29 19:52:19] Gate OPEN (phase 10/13)
[2026-01-29 19:52:24] Gate CLOSED (phase 10/13)
[2026-01-29 19:52:28] Gate OPEN (phase 11/13)
[2026-01-29 19:52:32] Gate CLOSED (phase 11/13)
[2026-01-29 19:52:36] >>> WINDOW: HARVEST (phase 12/13)
[2026-01-29 19:52:40] >>> WINDOW: HARVEST (phase 12/13)
[2026-01-29 19:52:44] >>> WINDOW: RESET (phase 0/13)
[2026-01-29 19:52:49] >>> WINDOW: RESET (phase 0/13)
[2026-01-29 19:52:53] Gate OPEN (phase 1/13)
[2026-01-29 19:52:57] Gate CLOSED (phase 1/13)
[2026-01-29 19:53:01] Gate OPEN (phase 2/13)
[2026-01-29 19:53:05] Gate CLOSED (phase 2/13)
[2026-01-29 19:53:09] Gate OPEN (phase 3/13)
[2026-01-29 19:53:14] Gate CLOSED (phase 3/13)
[2026-01-29 19:53:18] Gate OPEN (phase 4/13)
[2026-01-29 19:53:22] Gate CLOSED (phase 4/13)
[2026-01-29 19:53:26] >>> WINDOW: REDOX_DEEP (phase 5/13)
[2026-01-29 19:53:30] >>> WINDOW: REDOX_DEEP (phase 5/13)
[2026-01-29 19:53:34] Gate OPEN (phase 6/13)
[2026-01-29 19:53:38] Gate CLOSED (phase 6/13)
[2026-01-29 19:53:43] >>> WINDOW: HARMONY (phase 7/13)
[2026-01-29 19:53:47] >>> WINDOW: HARMONY (phase 7/13)
[2026-01-29 19:53:51] Gate OPEN (phase 8/13)
[2026-01-29 19:53:55] Gate CLOSED (phase 8/13)
[2026-01-29 19:53:59] Gate OPEN (phase 9/13)
[2026-01-29 19:54:03] Gate CLOSED (phase 9/13)
[2026-01-29 19:54:08] Gate OPEN (phase 10/13)
[2026-01-29 19:54:12] Gate CLOSED (phase 10/13)
[2026-01-29 19:54:16] Gate OPEN (phase 11/13)
[2026-01-29 19:54:20] Gate CLOSED (phase 11/13)
[2026-01-29 19:54:24] >>> WINDOW: HARVEST (phase 12/13)
[2026-01-29 19:54:29] >>> WINDOW: HARVEST (phase 12/13)
[2026-01-29 19:54:33] >>> WINDOW: RESET (phase 0/13)
[2026-01-29 19:54:37] >>> WINDOW: RESET (phase 0/13)
[2026-01-29 19:54:41] Gate OPEN (phase 1/13)
[2026-01-29 19:54:45] Gate CLOSED (phase 1/13)
[2026-01-29 19:54:49] Gate OPEN (phase 2/13)
[2026-01-29 19:54:54] Gate CLOSED (phase 2/13)
[2026-01-29 19:54:58] Gate OPEN (phase 3/13)
[2026-01-29 19:55:02] Gate CLOSED (phase 3/13)
[2026-01-29 19:55:06] Gate OPEN (phase 4/13)
[2026-01-29 19:55:10] Gate CLOSED (phase 4/13)
[2026-01-29 19:55:15] >>> WINDOW: REDOX_DEEP (phase 5/13)
[2026-01-29 19:55:19] >>> WINDOW: REDOX_DEEP (phase 5/13)
[2026-01-29 19:55:23] Gate OPEN (phase 6/13)
[2026-01-29 19:55:27] Gate CLOSED (phase 6/13)
[2026-01-29 19:55:31] >>> WINDOW: HARMONY (phase 7/13)
[2026-01-29 19:55:35] >>> WINDOW: HARMONY (phase 7/13)
[2026-01-29 19:55:40] Gate OPEN (phase 8/13)
[2026-01-29 19:55:44] Gate CLOSED (phase 8/13)
[2026-01-29 19:55:48] Gate OPEN (phase 9/13)
[2026-01-29 19:55:52] Gate CLOSED (phase 9/13)
[2026-01-29 19:55:56] Gate OPEN (phase 10/13)
[2026-01-29 19:56:01] Gate CLOSED (phase 10/13)
[2026-01-29 19:56:05] Gate OPEN (phase 11/13)
[2026-01-29 19:56:09] Gate CLOSED (phase 11/13)
[2026-01-29 19:56:13] >>> WINDOW: HARVEST (phase 12/13)
[2026-01-29 19:56:17] >>> WINDOW: HARVEST (phase 12/13)
[2026-01-29 19:56:22] >>> WINDOW: RESET (phase 0/13)
[2026-01-29 19:56:26] >>> WINDOW: RESET (phase 0/13)
[2026-01-29 19:56:30] Gate OPEN (phase 1/13)
[2026-01-29 19:56:34] Gate CLOSED (phase 1/13)
[2026-01-29 19:56:38] Gate OPEN (phase 2/13)
[2026-01-29 19:56:42] Gate CLOSED (phase 2/13)
[2026-01-29 19:56:47] Gate OPEN (phase 3/13)
[2026-01-29 19:56:51] Gate CLOSED (phase 3/13)
[2026-01-29 19:56:55] Gate OPEN (phase 4/13)
[2026-01-29 19:56:59] Gate CLOSED (phase 4/13)
[2026-01-29 19:57:03] >>> WINDOW: REDOX_DEEP (phase 5/13)
[2026-01-29 19:57:07] >>> WINDOW: REDOX_DEEP (phase 5/13)
[2026-01-29 19:57:12] Gate OPEN (phase 6/13)
[2026-01-29 19:57:16] Gate CLOSED (phase 6/13)
[2026-01-29 19:57:20] >>> WINDOW: HARMONY (phase 7/13)
[2026-01-29 19:57:24] >>> WINDOW: HARMONY (phase 7/13)
[2026-01-29 19:57:28] Gate OPEN (phase 8/13)
[2026-01-29 19:57:33] Gate CLOSED (phase 8/13)
[2026-01-29 19:57:37] Gate OPEN (phase 9/13)
[2026-01-29 19:57:41] Gate CLOSED (phase 9/13)
[2026-01-29 19:57:45] Gate OPEN (phase 10/13)
[2026-01-29 19:57:49] Gate CLOSED (phase 10/13)
[2026-01-29 19:57:53] Gate OPEN (phase 11/13)
[2026-01-29 19:57:58] Gate CLOSED (phase 11/13)
[2026-01-29 19:58:02] >>> WINDOW: HARVEST (phase 12/13)
[2026-01-29 19:58:06] >>> WINDOW: HARVEST (phase 12/13)
[2026-01-29 19:58:10] >>> WINDOW: RESET (phase 0/13)
[2026-01-29 19:58:14] >>> WINDOW: RESET (phase 0/13)
[2026-01-29 19:58:19] Gate OPEN (phase 1/13)
[2026-01-29 19:58:23] Gate CLOSED (phase 1/13)
[2026-01-29 19:58:27] Gate OPEN (phase 2/13)
[2026-01-29 19:58:31] Gate CLOSED (phase 2/13)
[2026-01-29 19:58:35] Gate OPEN (phase 3/13)
[2026-01-29 19:58:40] Gate CLOSED (phase 3/13)
[2026-01-29 19:58:44] Gate OPEN (phase 4/13)
[2026-01-29 19:58:48] Gate CLOSED (phase 4/13)
[2026-01-29 19:58:52] >>> WINDOW: REDOX_DEEP (phase 5/13)
[2026-01-29 19:58:56] >>> WINDOW: REDOX_DEEP (phase 5/13)
[2026-01-29 19:59:00] Gate OPEN (phase 6/13)
[2026-01-31 22:22:00] >>> WINDOW: RESET (phase 0/13)
[2026-01-31 22:22:04] Gate OPEN (phase 1/13)
[2026-01-31 22:22:08] Gate CLOSED (phase 1/13)
[2026-01-31 22:22:12] Gate OPEN (phase 2/13)
[2026-01-31 22:22:16] Gate CLOSED (phase 2/13)
[2026-01-31 22:22:20] Gate OPEN (phase 3/13)
[2026-01-31 22:22:25] Gate CLOSED (phase 3/13)
[2026-01-31 22:22:29] Gate OPEN (phase 4/13)
[2026-01-31 22:22:33] Gate CLOSED (phase 4/13)
[2026-01-31 22:22:37] >>> WINDOW: REDOX_DEEP (phase 5/13)
[2026-01-31 22:22:41] >>> WINDOW: REDOX_DEEP (phase 5/13)
