========================================================================
r16_spectral_norm.py — Spectral normalization analysis
========================================================================
Testing 10 semiprime worlds
Output: C:\Users\brayd\OneDrive\Desktop\CK FINAL DEPLOYED\Gen10\papers\results\spectral_norm


========================================================================
WORLD 1: b=15  (p=3, q=5)
========================================================================
  Freqs tested: [2, 3, 5, 7, 11, 13, 17, 19, 23]
  k range: 1..8
  Neutral primes: [2, 7, 11, 13, 17, 19, 23]

  TEST 1: Relative drop rate R(p-1, f) / R(1, f)
    freq     R(1,f)    R(p-1,f)     ratio     label
       2    1.00000    0.000000   0.00000   neutral
       3    1.00000    0.250000   0.25000         p
       5    1.00000    0.654508   0.65451         q
       7    1.00000    0.811745   0.81174   neutral
      11    1.00000    0.920627   0.92063   neutral
      13    1.00000    0.942728   0.94273   neutral
      17    1.00000    0.966236   0.96624   neutral
      19    1.00000    0.972909   0.97291   neutral
      23    1.00000    0.981459   0.98146   neutral
  Neutral baseline: mean=0.79939  std=0.33070
  p(3) z-score: -1.661  ** DISTINCTIVE
  q(5) z-score: -0.438  (ordinary)

  TEST 2: Residual after baseline — k=1..2
     k    baseline_p     R(k,p)    resid_p    baseline_q     R(k,q)    resid_q
     1      1.000000   1.000000  +0.000000      1.000000   1.000000  +0.000000
     2      0.000000   0.250000  +0.250000      0.000000   0.654508  +0.654508
  Mean residual p(3): +0.125000  ABOVE baseline
  Mean residual q(5): +0.327254  ABOVE baseline

  TEST 3: Phase coherence at k=p-1=2
    freq      R(p-1,f)     label
       2    0.00000000   neutral
       3    0.25000000         p
       5    0.65450850         q
       7    0.81174490   neutral
      11    0.92062677   neutral
      13    0.94272801   neutral
      17    0.96623611   neutral
      19    0.97290862   neutral
      23    0.98145864   neutral
  Countdown clock 1/(p-1)² = 0.25000000
  Rank of p(3) at k=p-1 (0=lowest): 1 / 8  -> NOT minimum
  Rank of q(5) at k=p-1 (0=lowest): 2 / 8
  z-score of p's phase coherence vs neutrals: -1.661  ** UNUSUALLY LOW

  TEST 4: Spectral contrast — rank of p and q through k=1..8
     k   rank_p   rank_q    dominant_f   artifact?
     1        1        2            23         YES
     2        1        2            23         YES
     3        0        2            23         YES
     4        1        2            23         YES
     5        1        0            23         YES
     6        0        2            23         YES
     7        1        3            23         YES
     8        2        3            23         YES

  Rank of p(3) at k=p:   0 / 8  -> p IS minimum at k=p (structural)
  Largest prime (23) dominant: 8/8 = 100.0%  -> STRONG ARTIFACT

========================================================================
WORLD 2: b=35  (p=5, q=7)
========================================================================
  Freqs tested: [2, 3, 5, 7, 11, 13, 17, 19, 23, 29]
  k range: 1..12
  Neutral primes: [2, 3, 11, 13, 17, 19, 23, 29]

  TEST 1: Relative drop rate R(p-1, f) / R(1, f)
    freq     R(1,f)    R(p-1,f)     ratio     label
       2    1.00000    0.000000   0.00000   neutral
       3    1.00000    0.062500   0.06250   neutral
       5    1.00000    0.062500   0.06250         p
       7    1.00000    0.315557   0.31556         q
      11    1.00000    0.651534   0.65153   neutral
      13    1.00000    0.739129   0.73913   neutral
      17    1.00000    0.840147   0.84015   neutral
      19    1.00000    0.870335   0.87034   neutral
      23    1.00000    0.910018   0.91002   neutral
      29    1.00000    0.942638   0.94264   neutral
  Neutral baseline: mean=0.62704  std=0.35520
  p(5) z-score: -1.589  ** DISTINCTIVE
  q(7) z-score: -0.877  (ordinary)

  TEST 2: Residual after baseline — k=1..4
     k    baseline_p     R(k,p)    resid_p    baseline_q     R(k,q)    resid_q
     1      1.000000   1.000000  +0.000000      1.000000   1.000000  +0.000000
     2      0.000000   0.654508  +0.654508      0.000000   0.811745  +0.811745
     3      0.000000   0.290893  +0.290893      0.000000   0.560991  +0.560991
     4      0.000000   0.062500  +0.062500      0.000000   0.315557  +0.315557
  Mean residual p(5): +0.251975  ABOVE baseline
  Mean residual q(7): +0.422073  ABOVE baseline

  TEST 3: Phase coherence at k=p-1=4
    freq      R(p-1,f)     label
       2    0.00000000   neutral
       3    0.06250000   neutral
       5    0.06250000         p
       7    0.31555733         q
      11    0.65153447   neutral
      13    0.73912928   neutral
      17    0.84014661   neutral
      19    0.87033511   neutral
      23    0.91001798   neutral
      29    0.94263820   neutral
  Countdown clock 1/(p-1)² = 0.06250000
  Rank of p(5) at k=p-1 (0=lowest): 2 / 9  -> NOT minimum
  Rank of q(7) at k=p-1 (0=lowest): 3 / 9
  z-score of p's phase coherence vs neutrals: -1.589  ** UNUSUALLY LOW

  TEST 4: Spectral contrast — rank of p and q through k=1..12
     k   rank_p   rank_q    dominant_f   artifact?
     1        2        3            29         YES
     2        2        3            29         YES
     3        2        3            29         YES
     4        2        3            29         YES
     5        0        3            29         YES
     6        2        3            29         YES
     7        3        0            29         YES
     8        3        1            29         YES
     9        2        3            29         YES
    10        0        4            29         YES

  Rank of p(5) at k=p:   0 / 9  -> p IS minimum at k=p (structural)
  Largest prime (29) dominant: 12/12 = 100.0%  -> STRONG ARTIFACT

========================================================================
WORLD 3: b=77  (p=7, q=11)
========================================================================
  Freqs tested: [2, 3, 5, 7, 11, 13, 17, 19, 23, 29, 31]
  k range: 1..18
  Neutral primes: [2, 3, 5, 13, 17, 19, 23, 29, 31]

  TEST 1: Relative drop rate R(p-1, f) / R(1, f)
    freq     R(1,f)    R(p-1,f)     ratio     label
       2    1.00000    0.000000   0.00000   neutral
       3    1.00000    0.000000   0.00000   neutral
       5    1.00000    0.027778   0.02778   neutral
       7    1.00000    0.027778   0.02778         p
      11    1.00000    0.342876   0.34288         q
      13    1.00000    0.477968   0.47797   neutral
      17    1.00000    0.659249   0.65925   neutral
      19    1.00000    0.718605   0.71860   neutral
      23    1.00000    0.800195   0.80019   neutral
      29    1.00000    0.870270   0.87027   neutral
      31    1.00000    0.885704   0.88570   neutral
  Neutral baseline: mean=0.49331  std=0.36090
  p(7) z-score: -1.290  (ordinary)
  q(11) z-score: -0.417  (ordinary)

  TEST 2: Residual after baseline — k=1..6
     k    baseline_p     R(k,p)    resid_p    baseline_q     R(k,q)    resid_q
     1      1.000000   1.000000  +0.000000      1.000000   1.000000  +0.000000
     2      0.000000   0.811745  +0.811745      0.000168   0.920627  +0.920458
     3      0.000000   0.560991  +0.560990      0.000134   0.799538  +0.799405
     4      0.000000   0.315557  +0.315557      0.000103   0.651534  +0.651432
     5      0.000002   0.129879  +0.129877      0.000088   0.493742  +0.493653
     6      0.000000   0.027778  +0.027778      0.000000   0.342876  +0.342876
  Mean residual p(7): +0.307658  ABOVE baseline
  Mean residual q(11): +0.534637  ABOVE baseline

  TEST 3: Phase coherence at k=p-1=6
    freq      R(p-1,f)     label
       2    0.00000000   neutral
       3    0.00000000   neutral
       5    0.02777778   neutral
       7    0.02777778         p
      11    0.34287604         q
      13    0.47796826   neutral
      17    0.65924920   neutral
      19    0.71860469   neutral
      23    0.80019498   neutral
      29    0.87027026   neutral
      31    0.88570384   neutral
  Countdown clock 1/(p-1)² = 0.02777778
  Rank of p(7) at k=p-1 (0=lowest): 3 / 10  -> NOT minimum
  Rank of q(11) at k=p-1 (0=lowest): 4 / 10
  z-score of p's phase coherence vs neutrals: -1.290  (ordinary)

  TEST 4: Spectral contrast — rank of p and q through k=1..18
     k   rank_p   rank_q    dominant_f   artifact?
     1        3        4            31         YES
     2        3        4            31         YES
     3        3        4            31         YES
     4        3        4            31         YES
     5        3        4            31         YES
     6        3        4            31         YES
     7        0        4            31         YES
     8        1        4            31         YES
     9        3        4            31         YES
    10        4        2            31         YES
    11        5        0            31         YES
    12        5        2            31         YES

  Rank of p(7) at k=p:   0 / 10  -> p IS minimum at k=p (structural)
  Largest prime (31) dominant: 18/18 = 100.0%  -> STRONG ARTIFACT

========================================================================
WORLD 4: b=143  (p=11, q=13)
========================================================================
  Freqs tested: [2, 3, 5, 7, 11, 13, 17, 19, 23, 29, 31, 37]
  k range: 1..24
  Neutral primes: [2, 3, 5, 7, 17, 19, 23, 29, 31, 37]

  TEST 1: Relative drop rate R(p-1, f) / R(1, f)
    freq     R(1,f)    R(p-1,f)     ratio     label
       2    1.00000    0.000000   0.00000   neutral
       3    1.00000    0.010000   0.01000   neutral
       5    1.00000    0.000000   0.00000   neutral
       7    1.00000    0.050489   0.05049   neutral
      11    1.00000    0.010000   0.01000         p
      13    1.00000    0.076780   0.07678         q
      17    1.00000    0.273994   0.27399   neutral
      19    1.00000    0.366604   0.36660   neutral
      23    1.00000    0.517009   0.51701   neutral
      29    1.00000    0.667761   0.66776   neutral
      31    1.00000    0.703659   0.70366   neutral
      37    1.00000    0.783517   0.78352   neutral
  Neutral baseline: mean=0.33730  std=0.29944
  p(11) z-score: -1.093  (ordinary)
  q(13) z-score: -0.870  (ordinary)

  TEST 2: Residual after baseline — k=1..10
     k    baseline_p     R(k,p)    resid_p    baseline_q     R(k,q)    resid_q
     1      1.000000   1.000000  +0.000000      1.000000   1.000000  +0.000000
     2      0.000180   0.920627  +0.920447      0.001751   0.942728  +0.940977
     3      0.000166   0.799538  +0.799373      0.001026   0.853106  +0.852080
     4      0.000105   0.651534  +0.651430      0.001092   0.739129  +0.738037
     5      0.000122   0.493742  +0.493619      0.000437   0.610599  +0.610162
     6      0.000000   0.342876  +0.342876      0.000001   0.477968  +0.477967
     7      0.000104   0.212746  +0.212642      0.000254   0.351160  +0.350907
     8      0.000053   0.112435  +0.112383      0.000575   0.238515  +0.237941
     9      0.000054   0.045463  +0.045409      0.000369   0.146001  +0.145632
    10      0.000000   0.010000  +0.010000      0.000001   0.076780  +0.076779
  Mean residual p(11): +0.358818  ABOVE baseline
  Mean residual q(13): +0.443048  ABOVE baseline

  TEST 3: Phase coherence at k=p-1=10
    freq      R(p-1,f)     label
       2    0.00000000   neutral
       3    0.01000000   neutral
       5    0.00000000   neutral
       7    0.05048917   neutral
      11    0.01000000         p
      13    0.07677954         q
      17    0.27399352   neutral
      19    0.36660395   neutral
      23    0.51700945   neutral
      29    0.66776055   neutral
      31    0.70365902   neutral
      37    0.78351696   neutral
  Countdown clock 1/(p-1)² = 0.01000000
  Rank of p(11) at k=p-1 (0=lowest): 2 / 11  -> NOT minimum
  Rank of q(13) at k=p-1 (0=lowest): 5 / 11
  z-score of p's phase coherence vs neutrals: -1.093  (ordinary)

  TEST 4: Spectral contrast — rank of p and q through k=1..24
     k   rank_p   rank_q    dominant_f   artifact?
     1        4        5            37         YES
     2        4        5            37         YES
     3        4        5            37         YES
     4        4        5            37         YES
     5        4        5            37         YES
     6        4        5            37         YES
     7        4        5            37         YES
     8        4        5            37         YES
     9        4        5            37         YES
    10        2        5            37         YES
    11        0        4            37         YES
    12        2        3            37         YES
    13        5        0            37         YES
    14        5        2            37         YES
    15        6        4            37         YES
    16        7        5            37         YES

  Rank of p(11) at k=p:   0 / 11  -> p IS minimum at k=p (structural)
  Largest prime (37) dominant: 24/24 = 100.0%  -> STRONG ARTIFACT

========================================================================
WORLD 5: b=323  (p=17, q=19)
========================================================================
  Freqs tested: [5, 7, 11, 13, 17, 19, 23, 29, 31, 37, 41, 43]
  k range: 1..36
  Neutral primes: [5, 7, 11, 13, 23, 29, 31, 37, 41, 43]

  TEST 1: Relative drop rate R(p-1, f) / R(1, f)
    freq     R(1,f)    R(p-1,f)     ratio     label
       5    1.00000    0.003906   0.00391   neutral
       7    1.00000    0.012684   0.01268   neutral
      11    1.00000    0.048217   0.04822   neutral
      13    1.00000    0.029992   0.02999   neutral
      17    1.00000    0.003906   0.00391         p
      19    1.00000    0.032662   0.03266         q
      23    1.00000    0.140615   0.14061   neutral
      29    1.00000    0.325415   0.32541   neutral
      31    1.00000    0.380676   0.38068   neutral
      37    1.00000    0.519027   0.51903   neutral
      41    1.00000    0.590455   0.59045   neutral
      43    1.00000    0.620973   0.62097   neutral
  Neutral baseline: mean=0.26720  std=0.23742
  p(17) z-score: -1.109  (ordinary)
  q(19) z-score: -0.988  (ordinary)

  TEST 2: Residual after baseline — k=1..16
     k    baseline_p     R(k,p)    resid_p    baseline_q     R(k,q)    resid_q
     1      1.000000   1.000000  +0.000000      1.000000   1.000000  +0.000000
     2      0.903201   0.966236  +0.063035      0.918693   0.972909  +0.054216
     3      0.749505   0.911990  +0.162485      0.786956   0.929061  +0.142105
     4      0.543195   0.840147  +0.296952      0.603768   0.870335  +0.266567
     5      0.000035   0.754453  +0.754417      0.000303   0.799206  +0.798903
     6      0.310451   0.659249  +0.348798      0.373944   0.718605  +0.344660
     7      0.000045   0.559170  +0.559126      0.000238   0.631755  +0.631517
     8      0.236302   0.458833  +0.222531      0.288739   0.541995  +0.253256
     9      0.188176   0.362535  +0.174358      0.235695   0.452597  +0.216902
    10      0.000014   0.273994  +0.273979      0.000129   0.366604  +0.366475
    11      0.000057   0.196140  +0.196083      0.000162   0.286675  +0.286513
    12      0.094721   0.130981  +0.036260      0.122844   0.214972  +0.092128
    13      0.000049   0.079541  +0.079492      0.000111   0.153076  +0.152964
    14      0.000013   0.041877  +0.041864      0.000074   0.101940  +0.101865
    15      0.000008   0.017178  +0.017169      0.000076   0.061890  +0.061815
    16      0.082502   0.003906  -0.078595      0.106640   0.032662  -0.073978
  Mean residual p(17): +0.196747  ABOVE baseline
  Mean residual q(19): +0.230994  ABOVE baseline

  TEST 3: Phase coherence at k=p-1=16
    freq      R(p-1,f)     label
       5    0.00390625   neutral
       7    0.01268351   neutral
      11    0.04821694   neutral
      13    0.02999201   neutral
      17    0.00390625         p
      19    0.03266230         q
      23    0.14061467   neutral
      29    0.32541493   neutral
      31    0.38067591   neutral
      37    0.51902737   neutral
      41    0.59045476   neutral
      43    0.62097268   neutral
  Countdown clock 1/(p-1)² = 0.00390625
  Rank of p(17) at k=p-1 (0=lowest): 1 / 11  -> NOT minimum
  Rank of q(19) at k=p-1 (0=lowest): 4 / 11
  z-score of p's phase coherence vs neutrals: -1.109  (ordinary)

  TEST 4: Spectral contrast — rank of p and q through k=1..36
     k   rank_p   rank_q    dominant_f   artifact?
     1        4        5            43         YES
     2        4        5            43         YES
     3        4        5            43         YES
     4        4        5            43         YES
     5        4        5            43         YES
     6        4        5            43         YES
     7        4        5            43         YES
     8        4        5            43         YES
     9        4        5            43         YES
    10        4        5            43         YES
    11        4        5            43         YES
    12        4        5            43         YES
    13        4        5            43         YES
    14        4        5            43         YES
    15        3        5            43         YES
    16        1        4            43         YES
    17        0        2            43         YES
    18        0        1            43         YES
    19        3        0            43         YES
    20        4        1            43         YES
    21        5        3            43         YES
    22        6        4            43         YES

  Rank of p(17) at k=p:   0 / 11  -> p IS minimum at k=p (structural)
  Largest prime (43) dominant: 35/36 = 97.2%  -> STRONG ARTIFACT

========================================================================
WORLD 6: b=667  (p=23, q=29)
========================================================================
  Freqs tested: [11, 13, 17, 19, 23, 29, 31, 37, 41, 43, 47, 53]
  k range: 1..52
  Neutral primes: [11, 13, 17, 19, 31, 37, 41, 43, 47, 53]

  TEST 1: Relative drop rate R(p-1, f) / R(1, f)
    freq     R(1,f)    R(p-1,f)     ratio     label
      11    1.00000    0.000000   0.00000   neutral
      13    1.00000    0.024434   0.02443   neutral
      17    1.00000    0.038970   0.03897   neutral
      19    1.00000    0.017276   0.01728   neutral
      23    1.00000    0.002066   0.00207         p
      29    1.00000    0.083589   0.08359         q
      31    1.00000    0.126233   0.12623   neutral
      37    1.00000    0.262645   0.26265   neutral
      41    1.00000    0.347955   0.34795   neutral
      43    1.00000    0.387244   0.38724   neutral
      47    1.00000    0.458484   0.45848   neutral
      53    1.00000    0.547825   0.54783   neutral
  Neutral baseline: mean=0.22111  std=0.19488
  p(23) z-score: -1.124  (ordinary)
  q(29) z-score: -0.706  (ordinary)

  TEST 2: Residual after baseline — k=1..22
     k    baseline_p     R(k,p)    resid_p    baseline_q     R(k,q)    resid_q
     1      1.000000   1.000000  +0.000000      1.000000   1.000000  +0.000000
     2      0.968731   0.981459  +0.012727      0.978866   0.988310  +0.009445
     3      0.918006   0.951168  +0.033161      0.944169   0.969070  +0.024902
     4      0.849820   0.910018  +0.060198      0.896666   0.942638  +0.045972
     5      0.766792   0.859208  +0.092416      0.837348   0.909502  +0.072154
     6      0.671988   0.800195  +0.128207      0.767352   0.870270  +0.102919
     7      0.568687   0.734640  +0.165953      0.687816   0.825652  +0.137836
     8      0.460025   0.664343  +0.204318      0.599587   0.776445  +0.176857
     9      0.348288   0.591175  +0.242887      0.502424   0.723511  +0.221087
    10      0.232317   0.517009  +0.284693      0.391582   0.667761  +0.276179
    11      0.000006   0.443656  +0.443650      0.001304   0.610127  +0.608823
    12      0.126846   0.372794  +0.245948      0.259460   0.551546  +0.292086
    13      0.000007   0.305923  +0.305916      0.000741   0.492936  +0.492195
    14      0.117058   0.244312  +0.127254      0.226332   0.435176  +0.208844
    15      0.117111   0.188969  +0.071857      0.215517   0.379087  +0.163570
    16      0.094792   0.140615  +0.045823      0.178855   0.325415  +0.146559
    17      0.000011   0.099678  +0.099667      0.000283   0.274819  +0.274536
    18      0.064105   0.066297  +0.002192      0.127466   0.227856  +0.100390
    19      0.000014   0.040333  +0.040319      0.000201   0.184975  +0.184774
    20      0.059183   0.021401  -0.037782      0.117624   0.146511  +0.028887
    21      0.053862   0.008902  -0.044960      0.111980   0.112681  +0.000702
    22      0.000002   0.002066  +0.002064      0.000484   0.083589  +0.083105
  Mean residual p(23): +0.114841  ABOVE baseline
  Mean residual q(29): +0.165992  ABOVE baseline

  TEST 3: Phase coherence at k=p-1=22
    freq      R(p-1,f)     label
      11    0.00000000   neutral
      13    0.02443403   neutral
      17    0.03896967   neutral
      19    0.01727593   neutral
      23    0.00206612         p
      29    0.08358875         q
      31    0.12623280   neutral
      37    0.26264523   neutral
      41    0.34795483   neutral
      43    0.38724426   neutral
      47    0.45848412   neutral
      53    0.54782505   neutral
  Countdown clock 1/(p-1)² = 0.00206612
  Rank of p(23) at k=p-1 (0=lowest): 1 / 11  -> NOT minimum
  Rank of q(29) at k=p-1 (0=lowest): 5 / 11
  z-score of p's phase coherence vs neutrals: -1.124  (ordinary)

  TEST 4: Spectral contrast — rank of p and q through k=1..52
     k   rank_p   rank_q    dominant_f   artifact?
     1        4        5            53         YES
     2        4        5            53         YES
     3        4        5            53         YES
     4        4        5            53         YES
     5        4        5            53         YES
     6        4        5            53         YES
     7        4        5            53         YES
     8        4        5            53         YES
     9        4        5            53         YES
    10        4        5            53         YES
    11        4        5            53         YES
    12        4        5            53         YES
    13        4        5            53         YES
    14        4        5            53         YES
    15        4        5            53         YES
    16        4        5            53         YES
    17        4        5            53         YES
    18        4        5            53         YES
    19        3        5            53         YES
    20        3        5            53         YES
    21        2        5            53         YES
    22        1        5            53         YES
    23        0        5            53         YES
    24        0        4            53         YES
    25        1        3            53         YES
    26        1        2            53         YES
    27        3        1            53         YES
    28        4        0            53         YES
    29        5        0            53         YES

  Rank of p(23) at k=p:   0 / 11  -> p IS minimum at k=p (structural)
  Largest prime (53) dominant: 43/52 = 82.7%  -> STRONG ARTIFACT

========================================================================
WORLD 7: b=899  (p=29, q=31)
========================================================================
  Freqs tested: [13, 17, 19, 23, 29, 31, 37, 41, 43, 47, 53, 59]
  k range: 1..60
  Neutral primes: [13, 17, 19, 23, 37, 41, 43, 47, 53, 59]

  TEST 1: Relative drop rate R(p-1, f) / R(1, f)
    freq     R(1,f)    R(p-1,f)     ratio     label
      13    1.00000    0.004810   0.00481   neutral
      17    1.00000    0.030272   0.03027   neutral
      19    1.00000    0.046761   0.04676   neutral
      23    1.00000    0.027398   0.02740   neutral
      29    1.00000    0.001276   0.00128         p
      31    1.00000    0.011168   0.01117         q
      37    1.00000    0.084912   0.08491   neutral
      41    1.00000    0.153357   0.15336   neutral
      43    1.00000    0.189335   0.18934   neutral
      47    1.00000    0.260812   0.26081   neutral
      53    1.00000    0.360584   0.36058   neutral
      59    1.00000    0.447430   0.44743   neutral
  Neutral baseline: mean=0.16057  std=0.14521
  p(29) z-score: -1.097  (ordinary)
  q(31) z-score: -1.029  (ordinary)

  TEST 2: Residual after baseline — k=1..28
     k    baseline_p     R(k,p)    resid_p    baseline_q     R(k,q)    resid_q
     1      1.000000   1.000000  +0.000000      1.000000   1.000000  +0.000000
     2      0.980737   0.988310  +0.007574      0.982874   0.989765  +0.006891
     3      0.949139   0.969070  +0.019931      0.954713   0.972893  +0.018180
     4      0.905946   0.942638  +0.036692      0.916075   0.949659  +0.033583
     5      0.852150   0.909502  +0.057352      0.867709   0.920439  +0.052730
     6      0.788950   0.870270  +0.081321      0.810516   0.885704  +0.075188
     7      0.717687   0.825652  +0.107965      0.745506   0.846006  +0.100501
     8      0.639760   0.776445  +0.136684      0.673712   0.801971  +0.128259
     9      0.556485   0.723511  +0.167026      0.596067   0.754280  +0.158213
    10      0.468815   0.667761  +0.198946      0.513125   0.703659  +0.190534
    11      0.376611   0.610127  +0.233516      0.424296   0.650862  +0.226566
    12      0.275443   0.551546  +0.276103      0.324427   0.596657  +0.272230
    13      0.000038   0.492936  +0.492898      0.000222   0.541806  +0.541584
    14      0.192926   0.435176  +0.242250      0.235111   0.487058  +0.251947
    15      0.180264   0.379087  +0.198822      0.218102   0.433125  +0.215022
    16      0.142052   0.325415  +0.183363      0.175048   0.380676  +0.205628
    17      0.000030   0.274819  +0.274789      0.000114   0.330323  +0.330209
    18      0.095948   0.227856  +0.131908      0.121119   0.282609  +0.161490
    19      0.000032   0.184975  +0.184943      0.000099   0.238002  +0.237902
    20      0.094852   0.146511  +0.051659      0.116907   0.196886  +0.079979
    21      0.097372   0.112681  +0.015309      0.118230   0.159560  +0.041330
    22      0.084348   0.083589  -0.000760      0.102700   0.126233  +0.023533
    23      0.000040   0.059224  +0.059185      0.000085   0.097025  +0.096939
    24      0.070123   0.039475  -0.030649      0.086217   0.071969  -0.014248
    25      0.064970   0.024132  -0.040838      0.081058   0.051017  -0.030041
    26      0.000013   0.012902  +0.012889      0.000074   0.034040  +0.033966
    27      0.063037   0.005423  -0.057614      0.077392   0.020843  -0.056549
    28      0.069350   0.001276  -0.068074      0.082249   0.011168  -0.071081
  Mean residual p(29): +0.106185  ABOVE baseline
  Mean residual q(31): +0.118232  ABOVE baseline

  TEST 3: Phase coherence at k=p-1=28
    freq      R(p-1,f)     label
      13    0.00480984   neutral
      17    0.03027165   neutral
      19    0.04676071   neutral
      23    0.02739821   neutral
      29    0.00127551         p
      31    0.01116841         q
      37    0.08491160   neutral
      41    0.15335720   neutral
      43    0.18933535   neutral
      47    0.26081151   neutral
      53    0.36058427   neutral
      59    0.44743013   neutral
  Countdown clock 1/(p-1)² = 0.00127551
  Rank of p(29) at k=p-1 (0=lowest): 0 / 11  -> p is MINIMUM (expected)
  Rank of q(31) at k=p-1 (0=lowest): 2 / 11
  z-score of p's phase coherence vs neutrals: -1.097  (ordinary)

  TEST 4: Spectral contrast — rank of p and q through k=1..60
     k   rank_p   rank_q    dominant_f   artifact?
     1        4        5            59         YES
     2        4        5            59         YES
     3        4        5            59         YES
     4        4        5            59         YES
     5        4        5            59         YES
     6        4        5            59         YES
     7        4        5            59         YES
     8        4        5            59         YES
     9        4        5            59         YES
    10        4        5            59         YES
    11        4        5            59         YES
    12        4        5            59         YES
    13        4        5            59         YES
    14        4        5            59         YES
    15        4        5            59         YES
    16        4        5            59         YES
    17        4        5            59         YES
    18        4        5            59         YES
    19        4        5            59         YES
    20        4        5            59         YES
    21        4        5            59         YES
    22        4        5            59         YES
    23        4        5            59         YES
    24        3        5            59         YES
    25        2        5            59         YES
    26        2        3            59         YES
    27        1        3            59         YES
    28        0        2            59         YES
    29        0        1            59         YES
    30        0        1            59         YES
    31        1        0            59         YES
    32        2        0            59         YES
    33        2        1            59         YES
    34        5        1            59         YES

  Rank of p(29) at k=p:   0 / 11  -> p IS minimum at k=p (structural)
  Largest prime (59) dominant: 48/60 = 80.0%  -> STRONG ARTIFACT

========================================================================
WORLD 8: b=1763  (p=41, q=43)
========================================================================
  Freqs tested: [23, 29, 31, 37, 41, 43, 47, 53, 59, 61, 67, 71]
  k range: 1..84
  Neutral primes: [23, 29, 31, 37, 47, 53, 59, 61, 67, 71]

  TEST 1: Relative drop rate R(p-1, f) / R(1, f)
    freq     R(1,f)    R(p-1,f)     ratio     label
      23    1.00000    0.018004   0.01800   neutral
      29    1.00000    0.046141   0.04614   neutral
      31    1.00000    0.038185   0.03819   neutral
      37    1.00000    0.005518   0.00552   neutral
      41    1.00000    0.000625   0.00063         p
      43    1.00000    0.005545   0.00555         q
      47    1.00000    0.028497   0.02850   neutral
      53    1.00000    0.086407   0.08641   neutral
      59    1.00000    0.158568   0.15857   neutral
      61    1.00000    0.183751   0.18375   neutral
      67    1.00000    0.258860   0.25886   neutral
      71    1.00000    0.306935   0.30694   neutral
  Neutral baseline: mean=0.11309  std=0.10221
  p(41) z-score: -1.100  (ordinary)
  q(43) z-score: -1.052  (ordinary)

  TEST 2: Residual after baseline — k=1..40
     k    baseline_p     R(k,p)    resid_p    baseline_q     R(k,q)    resid_q
     1      1.000000   1.000000  +0.000000      1.000000   1.000000  +0.000000
     2      0.992274   0.994140  +0.001866      0.992910   0.994672  +0.001762
     3      0.979489   0.984435  +0.004946      0.981169   0.985842  +0.004673
     4      0.961783   0.970975  +0.009192      0.964891   0.973585  +0.008694
     5      0.939344   0.953886  +0.014542      0.944232   0.958006  +0.013773
     6      0.912409   0.933326  +0.020916      0.919390   0.939235  +0.019845
     7      0.881262   0.909485  +0.028223      0.890598   0.917431  +0.026833
     8      0.846225   0.882582  +0.036357      0.858127   0.892776  +0.034649
     9      0.807658   0.852861  +0.045204      0.822277   0.865475  +0.043198
    10      0.765948   0.820590  +0.054642      0.783371   0.835751  +0.052379
    11      0.721510   0.786057  +0.064548      0.741757   0.803847  +0.062090
    12      0.674769   0.749566  +0.074797      0.697793   0.770019  +0.072226
    13      0.626162   0.711432  +0.085270      0.651847   0.734537  +0.082690
    14      0.576125   0.671982  +0.095857      0.604285   0.697679  +0.093395
    15      0.525078   0.631546  +0.106468      0.555460   0.659729  +0.104268
    16      0.473416   0.590455  +0.117038      0.505704   0.620973  +0.115269
    17      0.421488   0.549038  +0.127550      0.455298   0.581699  +0.126400
    18      0.369559   0.507619  +0.138060      0.404445   0.542191  +0.137746
    19      0.317747   0.466510  +0.148763      0.353191   0.502728  +0.149537
    20      0.265870   0.426011  +0.160141      0.301266   0.463579  +0.162313
    21      0.212992   0.386404  +0.173412      0.247575   0.425003  +0.177427
    22      0.155396   0.347955  +0.192559      0.187939   0.387244  +0.199305
    23      0.000007   0.310905  +0.310898      0.000041   0.350532  +0.350491
    24      0.117732   0.275472  +0.157740      0.145196   0.315078  +0.169882
    25      0.121310   0.241850  +0.120540      0.146748   0.281072  +0.134324
    26      0.111788   0.210204  +0.098416      0.134808   0.248685  +0.113876
    27      0.095058   0.180670  +0.085612      0.115464   0.218064  +0.102600
    28      0.072045   0.153357  +0.081312      0.089352   0.189335  +0.099983
    29      0.000009   0.128344  +0.128335      0.000032   0.162598  +0.162566
    30      0.049030   0.105681  +0.056651      0.062019   0.137930  +0.075910
    31      0.000011   0.085389  +0.085378      0.000033   0.115383  +0.115350
    32      0.054305   0.067463  +0.013158      0.066332   0.094986  +0.028654
    33      0.061726   0.051869  -0.009857      0.073529   0.076745  +0.003216
    34      0.062730   0.038551  -0.024179      0.073674   0.060643  -0.013031
    35      0.059087   0.027428  -0.031658      0.068871   0.046643  -0.022228
    36      0.050455   0.018401  -0.032054      0.058779   0.034687  -0.024092
    37      0.000023   0.011348  +0.011325      0.000041   0.024699  +0.024657
    38      0.046562   0.006136  -0.040426      0.053580   0.016586  -0.036994
    39      0.050550   0.002614  -0.047935      0.057453   0.010242  -0.047211
    40      0.050311   0.000625  -0.049686      0.056799   0.005545  -0.051254
  Mean residual p(41): +0.065348  ABOVE baseline
  Mean residual q(43): +0.071879  ABOVE baseline

  TEST 3: Phase coherence at k=p-1=40
    freq      R(p-1,f)     label
      23    0.01800439   neutral
      29    0.04614084   neutral
      31    0.03818542   neutral
      37    0.00551764   neutral
      41    0.00062500         p
      43    0.00554536         q
      47    0.02849676   neutral
      53    0.08640653   neutral
      59    0.15856759   neutral
      61    0.18375084   neutral
      67    0.25886023   neutral
      71    0.30693544   neutral
  Countdown clock 1/(p-1)² = 0.00062500
  Rank of p(41) at k=p-1 (0=lowest): 0 / 11  -> p is MINIMUM (expected)
  Rank of q(43) at k=p-1 (0=lowest): 2 / 11
  z-score of p's phase coherence vs neutrals: -1.100  (ordinary)

  TEST 4: Spectral contrast — rank of p and q through k=1..84
     k   rank_p   rank_q    dominant_f   artifact?
     1        4        5            71         YES
     2        4        5            71         YES
     3        4        5            71         YES
     4        4        5            71         YES
     5        4        5            71         YES
     6        4        5            71         YES
     7        4        5            71         YES
     8        4        5            71         YES
     9        4        5            71         YES
    10        4        5            71         YES
    11        4        5            71         YES
    12        4        5            71         YES
    13        4        5            71         YES
    14        4        5            71         YES
    15        4        5            71         YES
    16        4        5            71         YES
    17        4        5            71         YES
    18        4        5            71         YES
    19        4        5            71         YES
    20        4        5            71         YES
    21        4        5            71         YES
    22        4        5            71         YES
    23        4        5            71         YES
    24        4        5            71         YES
    25        4        5            71         YES
    26        4        5            71         YES
    27        4        5            71         YES
    28        4        5            71         YES
    29        4        5            71         YES
    30        4        5            71         YES
    31        4        5            71         YES
    32        4        5            71         YES
    33        4        5            71         YES
    34        3        5            71         YES
    35        3        5            71         YES
    36        2        4            71         YES
    37        1        3            71         YES
    38        1        2            71         YES
    39        1        2            71         YES
    40        0        2            71         YES
    41        0        1            71         YES
    42        1        0            71         YES
    43        1        0            71         YES
    44        2        0            71         YES
    45        3        1            71         YES
    46        3        2            71         YES

  Rank of p(41) at k=p:   0 / 11  -> p IS minimum at k=p (structural)
  Largest prime (71) dominant: 57/84 = 67.9%  -> weak artifact

========================================================================
WORLD 9: b=2021  (p=43, q=47)
========================================================================
  Freqs tested: [29, 31, 37, 41, 43, 47, 53, 59, 61, 67, 71, 73]
  k range: 1..90
  Neutral primes: [29, 31, 37, 41, 53, 59, 61, 67, 71, 73]

  TEST 1: Relative drop rate R(p-1, f) / R(1, f)
    freq     R(1,f)    R(p-1,f)     ratio     label
      29    1.00000    0.047226   0.04723   neutral
      31    1.00000    0.044645   0.04465   neutral
      37    1.00000    0.013373   0.01337   neutral
      41    1.00000    0.000567   0.00057   neutral
      43    1.00000    0.000567   0.00057         p
      47    1.00000    0.013673   0.01367         q
      53    1.00000    0.059478   0.05948   neutral
      59    1.00000    0.123814   0.12381   neutral
      61    1.00000    0.147253   0.14725   neutral
      67    1.00000    0.219166   0.21917   neutral
      71    1.00000    0.266422   0.26642   neutral
      73    1.00000    0.289437   0.28944   neutral
  Neutral baseline: mean=0.12114  std=0.10050
  p(43) z-score: -1.200  (ordinary)
  q(47) z-score: -1.069  (ordinary)

  TEST 2: Residual after baseline — k=1..42
     k    baseline_p     R(k,p)    resid_p    baseline_q     R(k,q)    resid_q
     1      1.000000   1.000000  +0.000000      1.000000   1.000000  +0.000000
     2      0.993539   0.994672  +0.001133      0.994445   0.995539  +0.001093
     3      0.982839   0.985842  +0.003003      0.985237   0.988139  +0.002902
     4      0.968002   0.973585  +0.005583      0.972447   0.977853  +0.005405
     5      0.949167   0.958006  +0.008838      0.956178   0.964754  +0.008576
     6      0.926513   0.939235  +0.012722      0.936557   0.948934  +0.012377
     7      0.900251   0.917431  +0.017180      0.913739   0.930506  +0.016767
     8      0.870626   0.892776  +0.022150      0.887902   0.909599  +0.021698
     9      0.837911   0.865475  +0.027564      0.859244   0.886359  +0.027115
    10      0.802404   0.835751  +0.033347      0.827985   0.860946  +0.032960
    11      0.764426   0.803847  +0.039421      0.794363   0.833535  +0.039172
    12      0.724316   0.770019  +0.045704      0.758629   0.804313  +0.045684
    13      0.682425   0.734537  +0.052113      0.721046   0.773477  +0.052431
    14      0.639114   0.697679  +0.058565      0.681886   0.741232  +0.059345
    15      0.594749   0.659729  +0.064979      0.641429   0.707790  +0.066362
    16      0.549696   0.620973  +0.071276      0.599953   0.673368  +0.073415
    17      0.504317   0.581699  +0.077382      0.557739   0.638185  +0.080446
    18      0.458963   0.542191  +0.083228      0.515062   0.602461  +0.087399
    19      0.413973   0.502728  +0.088755      0.472189   0.566416  +0.094227
    20      0.369666   0.463579  +0.093912      0.429371   0.530265  +0.100894
    21      0.326340   0.425003  +0.098663      0.386843   0.494220  +0.107377
    22      0.284258   0.387244  +0.102986      0.344812   0.458484  +0.113672
    23      0.243650   0.350532  +0.106883      0.303449   0.423255  +0.119806
    24      0.204691   0.315078  +0.110387      0.262866   0.388718  +0.125852
    25      0.167486   0.281072  +0.113586      0.223085   0.355050  +0.131966
    26      0.132009   0.248685  +0.116675      0.183946   0.322413  +0.138467
    27      0.097954   0.218064  +0.120111      0.144860   0.290955  +0.146095
    28      0.064015   0.189335  +0.125320      0.103679   0.260812  +0.157132
    29      0.000000   0.162598  +0.162598      0.000014   0.232102  +0.232088
    30      0.036118   0.137930  +0.101812      0.064828   0.204928  +0.140100
    31      0.000001   0.115383  +0.115382      0.000014   0.179378  +0.179364
    32      0.040485   0.094986  +0.054501      0.067491   0.155520  +0.088029
    33      0.047849   0.076745  +0.028896      0.074821   0.133408  +0.058587
    34      0.049086   0.060643  +0.011557      0.074332   0.113078  +0.038745
    35      0.045815   0.046643  +0.000828      0.068503   0.094548  +0.026045
    36      0.037844   0.034687  -0.003157      0.057148   0.077822  +0.020674
    37      0.000003   0.024699  +0.024696      0.000021   0.062889  +0.062867
    38      0.034124   0.016586  -0.017538      0.050089   0.049720  -0.000370
    39      0.036862   0.010242  -0.026621      0.052083   0.038274  -0.013809
    40      0.033716   0.005545  -0.028171      0.047035   0.028497  -0.018538
    41      0.000010   0.002367  +0.002357      0.000038   0.020322  +0.020284
    42      0.035345   0.000567  -0.034778      0.046954   0.013673  -0.033282
  Mean residual p(43): +0.049853  ABOVE baseline
  Mean residual q(47): +0.063558  ABOVE baseline

  TEST 3: Phase coherence at k=p-1=42
    freq      R(p-1,f)     label
      29    0.04722575   neutral
      31    0.04464532   neutral
      37    0.01337320   neutral
      41    0.00056689   neutral
      43    0.00056689         p
      47    0.01367281         q
      53    0.05947760   neutral
      59    0.12381423   neutral
      61    0.14725277   neutral
      67    0.21916643   neutral
      71    0.26642229   neutral
      73    0.28943675   neutral
  Countdown clock 1/(p-1)² = 0.00056689
  Rank of p(43) at k=p-1 (0=lowest): 0 / 11  -> p is MINIMUM (expected)
  Rank of q(47) at k=p-1 (0=lowest): 3 / 11
  z-score of p's phase coherence vs neutrals: -1.200  (ordinary)

  TEST 4: Spectral contrast — rank of p and q through k=1..90
     k   rank_p   rank_q    dominant_f   artifact?
     1        4        5            73         YES
     2        4        5            73         YES
     3        4        5            73         YES
     4        4        5            73         YES
     5        4        5            73         YES
     6        4        5            73         YES
     7        4        5            73         YES
     8        4        5            73         YES
     9        4        5            73         YES
    10        4        5            73         YES
    11        4        5            73         YES
    12        4        5            73         YES
    13        4        5            73         YES
    14        4        5            73         YES
    15        4        5            73         YES
    16        4        5            73         YES
    17        4        5            73         YES
    18        4        5            73         YES
    19        4        5            73         YES
    20        4        5            73         YES
    21        4        5            73         YES
    22        4        5            73         YES
    23        4        5            73         YES
    24        4        5            73         YES
    25        4        5            73         YES
    26        4        5            73         YES
    27        4        5            73         YES
    28        4        5            73         YES
    29        4        5            73         YES
    30        4        5            73         YES
    31        4        5            73         YES
    32        4        5            73         YES
    33        4        5            73         YES
    34        4        5            73         YES
    35        4        5            73         YES
    36        4        5            73         YES
    37        3        5            73         YES
    38        2        5            73         YES
    39        2        4            73         YES
    40        2        3            73         YES
    41        1        3            73         YES
    42        0        3            73         YES
    43        0        2            73         YES
    44        0        2            73         YES
    45        0        1            73         YES
    46        1        0            73         YES
    47        1        0            73         YES
    48        1        0            73         YES

  Rank of p(43) at k=p:   0 / 11  -> p IS minimum at k=p (structural)
  Largest prime (73) dominant: 59/90 = 65.6%  -> weak artifact

========================================================================
WORLD 10: b=3127  (p=53, q=59)
========================================================================
  Freqs tested: [37, 41, 43, 47, 53, 59, 61, 67, 71, 73, 79, 83]
  k range: 1..112
  Neutral primes: [37, 41, 43, 47, 61, 67, 71, 73, 79, 83]

  TEST 1: Relative drop rate R(p-1, f) / R(1, f)
    freq     R(1,f)    R(p-1,f)     ratio     label
      37    1.00000    0.047012   0.04701   neutral
      41    1.00000    0.035175   0.03517   neutral
      43    1.00000    0.025926   0.02593   neutral
      47    1.00000    0.008920   0.00892   neutral
      53    1.00000    0.000370   0.00037         p
      59    1.00000    0.017314   0.01731         q
      61    1.00000    0.027896   0.02790   neutral
      67    1.00000    0.070414   0.07041   neutral
      71    1.00000    0.104940   0.10494   neutral
      73    1.00000    0.123329   0.12333   neutral
      79    1.00000    0.180771   0.18077   neutral
      83    1.00000    0.219571   0.21957   neutral
  Neutral baseline: mean=0.08440  std=0.06769
  p(53) z-score: -1.241  (ordinary)
  q(59) z-score: -0.991  (ordinary)

  TEST 2: Residual after baseline — k=1..52
     k    baseline_p     R(k,p)    resid_p    baseline_q     R(k,q)    resid_q
     1      1.000000   1.000000  +0.000000      1.000000   1.000000  +0.000000
     2      0.995935   0.996491  +0.000556      0.996673   0.997167  +0.000495
     3      0.989187   0.990663  +0.001476      0.991146   0.992461  +0.001315
     4      0.979798   0.982551  +0.002753      0.983445   0.985901  +0.002456
     5      0.967824   0.972199  +0.004375      0.973609   0.977518  +0.003910
     6      0.953338   0.959665  +0.006327      0.961684   0.967350  +0.005666
     7      0.936428   0.945019  +0.008592      0.947729   0.955442  +0.007713
     8      0.917194   0.928342  +0.011148      0.931810   0.941848  +0.010038
     9      0.895753   0.909726  +0.013974      0.914004   0.926629  +0.012625
    10      0.872230   0.889273  +0.017043      0.894396   0.909852  +0.015456
    11      0.846766   0.867095  +0.020329      0.873077   0.891591  +0.018514
    12      0.819508   0.843311  +0.023803      0.850149   0.871927  +0.021778
    13      0.790616   0.818050  +0.027434      0.825718   0.850946  +0.025228
    14      0.760255   0.791446  +0.031190      0.799896   0.828738  +0.028842
    15      0.728598   0.763638  +0.035040      0.772804   0.805401  +0.032598
    16      0.695823   0.734773  +0.038951      0.744561   0.781033  +0.036472
    17      0.662110   0.704999  +0.042889      0.715295   0.755738  +0.040443
    18      0.627645   0.674468  +0.046823      0.685135   0.729622  +0.044487
    19      0.592610   0.643331  +0.050721      0.654211   0.702793  +0.048581
    20      0.557192   0.611743  +0.054552      0.622655   0.675361  +0.052706
    21      0.521571   0.579858  +0.058286      0.590597   0.647436  +0.056839
    22      0.485927   0.547825  +0.061898      0.558169   0.619131  +0.060962
    23      0.450434   0.515795  +0.065361      0.525499   0.590557  +0.065058
    24      0.415258   0.483912  +0.068653      0.492711   0.561822  +0.069112
    25      0.380562   0.452317  +0.071755      0.459925   0.533037  +0.073112
    26      0.346494   0.421146  +0.074652      0.427256   0.504308  +0.077052
    27      0.313195   0.390528  +0.077333      0.394810   0.475739  +0.080929
    28      0.280792   0.360584  +0.079792      0.362683   0.447430  +0.084747
    29      0.249397   0.331431  +0.082033      0.330959   0.419480  +0.088521
    30      0.219105   0.303173  +0.084068      0.299700   0.391980  +0.092280
    31      0.189984   0.275908  +0.085923      0.268946   0.365021  +0.096075
    32      0.162071   0.249724  +0.087653      0.238692   0.338685  +0.099993
    33      0.135348   0.224699  +0.089352      0.208859   0.313051  +0.104192
    34      0.109689   0.200902  +0.091213      0.179215   0.288191  +0.108976
    35      0.084708   0.178390  +0.093681      0.149133   0.264171  +0.115038
    36      0.059043   0.157210  +0.098168      0.116473   0.241053  +0.124580
    37      0.000002   0.137401  +0.137399      0.000220   0.218889  +0.218669
    38      0.040412   0.118988  +0.078576      0.086465   0.197728  +0.111263
    39      0.038591   0.101988  +0.063397      0.080649   0.177610  +0.096960
    40      0.030476   0.086407  +0.055930      0.066561   0.158568  +0.092007
    41      0.000003   0.072241  +0.072238      0.000148   0.140629  +0.140481
    42      0.021619   0.059478  +0.037859      0.049215   0.123814  +0.074600
    43      0.000003   0.048095  +0.048092      0.000091   0.108137  +0.108045
    44      0.025016   0.038062  +0.013046      0.050618   0.093603  +0.042984
    45      0.028564   0.029340  +0.000777      0.053487   0.080214  +0.026727
    46      0.027406   0.021884  -0.005523      0.049787   0.067963  +0.018176
    47      0.000009   0.015640  +0.015631      0.000096   0.056839  +0.056743
    48      0.031096   0.010549  -0.020547      0.051102   0.046824  -0.004278
    49      0.037768   0.006548  -0.031221      0.057383   0.037895  -0.019488
    50      0.041931   0.003566  -0.038365      0.060128   0.030023  -0.030105
    51      0.044498   0.001532  -0.042965      0.060830   0.023175  -0.037655
    52      0.045808   0.000370  -0.045439      0.060074   0.017314  -0.042760
  Mean residual p(53): +0.039359  ABOVE baseline
  Mean residual q(59): +0.051138  ABOVE baseline

  TEST 3: Phase coherence at k=p-1=52
    freq      R(p-1,f)     label
      37    0.04701194   neutral
      41    0.03517491   neutral
      43    0.02592583   neutral
      47    0.00891969   neutral
      53    0.00036982         p
      59    0.01731386         q
      61    0.02789552   neutral
      67    0.07041434   neutral
      71    0.10493994   neutral
      73    0.12332908   neutral
      79    0.18077149   neutral
      83    0.21957061   neutral
  Countdown clock 1/(p-1)² = 0.00036982
  Rank of p(53) at k=p-1 (0=lowest): 0 / 11  -> p is MINIMUM (expected)
  Rank of q(59) at k=p-1 (0=lowest): 2 / 11
  z-score of p's phase coherence vs neutrals: -1.241  (ordinary)

  TEST 4: Spectral contrast — rank of p and q through k=1..112
     k   rank_p   rank_q    dominant_f   artifact?
     1        4        5            83         YES
     2        4        5            83         YES
     3        4        5            83         YES
     4        4        5            83         YES
     5        4        5            83         YES
     6        4        5            83         YES
     7        4        5            83         YES
     8        4        5            83         YES
     9        4        5            83         YES
    10        4        5            83         YES
    11        4        5            83         YES
    12        4        5            83         YES
    13        4        5            83         YES
    14        4        5            83         YES
    15        4        5            83         YES
    16        4        5            83         YES
    17        4        5            83         YES
    18        4        5            83         YES
    19        4        5            83         YES
    20        4        5            83         YES
    21        4        5            83         YES
    22        4        5            83         YES
    23        4        5            83         YES
    24        4        5            83         YES
    25        4        5            83         YES
    26        4        5            83         YES
    27        4        5            83         YES
    28        4        5            83         YES
    29        4        5            83         YES
    30        4        5            83         YES
    31        4        5            83         YES
    32        4        5            83         YES
    33        4        5            83         YES
    34        4        5            83         YES
    35        4        5            83         YES
    36        4        5            83         YES
    37        4        5            83         YES
    38        4        5            83         YES
    39        4        5            83         YES
    40        4        5            83         YES
    41        4        5            83         YES
    42        4        5            83         YES
    43        4        5            83         YES
    44        4        5            83         YES
    45        4        5            83         YES
    46        3        5            83         YES
    47        3        5            83         YES
    48        2        5            83         YES
    49        1        4            83         YES
    50        1        4            83         YES
    51        0        3            83         YES
    52        0        2            83         YES
    53        0        2            83         YES
    54        0        1            83         YES
    55        0        1            83         YES
    56        0        1            83         YES
    57        1        0            83         YES
    58        2        0            83         YES
    59        2        0            83         YES

  Rank of p(53) at k=p:   0 / 11  -> p IS minimum at k=p (structural)
  Largest prime (83) dominant: 67/112 = 59.8%  -> weak artifact


JSON saved: results\spectral_norm\spectral_norm_results.json
Plot saved: results\spectral_norm\spectral_norm_plot.png


========================================================================
FINAL VERDICT: Is the spectral horizon a geometric artifact?
========================================================================

  N worlds: 10

  TEST 1 (Drop rate z-score):
    p is DISTINCTIVE (|z|>1.5): 2/10
    p is ORDINARY:              8/10

  TEST 2 (Residual after baseline):
    p SUPPRESSED below baseline: 0/10
    p ELEVATED above baseline:   10/10
    p near baseline:             0/10

  TEST 3 (Phase coherence at k=p-1):
    p lands at MINIMUM rank (expected from countdown): 4/10
    p NOT at minimum:                                  6/10
    p UNUSUALLY LOW (z<-1.5):  2/10
    p UNUSUALLY HIGH (z>1.5):  0/10

  TEST 4 (Spectral contrast — rank trajectory):
    p rank drops to 0 AT k=p (structural minimum): 10/10
    Dominant = largest prime >70% of k range:      7/10

  ARTIFACT EVIDENCE: Largest prime dominates rank in most worlds.
  STRUCTURE EVIDENCE: p reaches rank minimum AT k=p in majority of worlds.
  ARTIFACT EVIDENCE: p elevated above baseline (follows large-f trend).

  Artifact score:  3
  Structure score: 2

  VERDICT: MIXED

  Both effects coexist. The raw dominance of large primes is a geometric artifact. However, p does show at least some normalized signatures that neutral primes lack: the countdown law R(p-1,p)=1/(p-1)² is algebraically exact and p DOES reach rank minimum at k=p in many worlds. The spectral horizon is an artifact in raw terms, but the algebraic structure at k=p is real information layered on top of it.

  Per-world summary:
       b     p     q    t1_z  t2_resid_p   t3_rank_p  t4_pk_rank    art%
      15     3     5   -1.66   +0.125000           1           0    100%
      35     5     7   -1.59   +0.251975           2           0    100%
      77     7    11   -1.29   +0.307658           3           0    100%
     143    11    13   -1.09   +0.358818           2           0    100%
     323    17    19   -1.11   +0.196747           1           0     97%
     667    23    29   -1.12   +0.114841           1           0     83%
     899    29    31   -1.10   +0.106185           0           0     80%
    1763    41    43   -1.10   +0.065348           0           0     68%
    2021    43    47   -1.20   +0.049853           0           0     66%
    3127    53    59   -1.24   +0.039359           0           0     60%

  Verdict saved: results\spectral_norm\verdict.json
  All outputs in: C:\Users\brayd\OneDrive\Desktop\CK FINAL DEPLOYED\Gen10\papers\results\spectral_norm
