Pre-Echo Survey: Geometric Friction Before Prime Obstruction
======================================================================

b=15 (3x5)  p=3 q=5  q/p=1.67
  Pre-echo zone k=1..2  First-G at k=3  Bridge k=3..4  Second-G at k=5
     k    defect    shadow      R(k)
     1    0.0000         1    1.0000
     2    0.2500         1    0.2500
  Corridor k=1..8:
     k   |G|    defect    shadow      R(k)     score      diff
     1     0    0.0000         1    1.0000       N/A       N/A
     2     0    0.2500         1    0.2500       N/A       N/A
     3     1    0.4444         0    0.0000    0.5000    0.5000
     4     1    0.4375         0    0.0625    0.5000    0.5000
     5     2    0.4800         0    0.0400    0.5000    0.5000
     6     3    0.4444         0    0.0000    0.5000    0.5000
     7     3    0.4490         0    0.0204    0.5000    0.5000
     8     3    0.4062         0    0.0156    0.5000    0.5000
Traceback (most recent call last):
  File "C:\Users\brayd\OneDrive\Desktop\CK FINAL DEPLOYED\Gen10\papers\r16_pre_echo.py", line 156, in <module>
    f"+2={rise_2:+.4f if rise_2 else '?':}  "
         ^^^^^^^^^^^^^^^^^^^^^^^^^^^^^^^^^
ValueError: Invalid format specifier '+.4f if rise_2 else '?':' for object of type 'float'
