Start time: 2026-03-31 08:24:21

Residue Persistence Score Survey
================================================================================
  n_steps=1000  n_trials=200  (median RPS)

     b    label     k    dk   |G|   |C|       RPS   corr_skew  note
--------------------------------------------------------------------------------
    15      3x5     1    -2     0     1     None   246.25000  no G or no C
    15      3x5     2    -1     0     2     None   246.25000  no G or no C
    15      3x5     3    +0     1     2   0.00000   246.25000  <<< First-G >>>
    15      3x5     4    +1     1     3  246.25000   246.25000  bridge  slope=+99.60000
    15      3x5     5    +2     2     3  199.20000   246.25000  <<< Second-G >>>
  => corridor_skew=+246.25000  bridge_slope=+99.600000  (0.3s)

    21      3x7     1    -2     0     1     None     0.00000  no G or no C
    21      3x7     2    -1     0     2     None     0.00000  no G or no C
    21      3x7     3    +0     1     2   0.00000     0.00000  <<< First-G >>>
    21      3x7     4    +1     1     3   0.00000     0.00000  bridge  slope=+45.08571
    21      3x7     5    +2     1     4   0.00000     0.00000  bridge  slope=+45.08571
    21      3x7     6    +3     2     4  166.00000     0.00000  bridge  slope=+45.08571
    21      3x7     7    +4     3     4  142.42857     0.00000  <<< Second-G >>>
  => corridor_skew=+0.00000  bridge_slope=+45.085714  (0.4s)

    35      5x7     3    -2     0     3     None     0.00000  no G or no C
    35      5x7     4    -1     0     4     None     0.00000  no G or no C
    35      5x7     5    +0     1     4   0.00000     0.00000  <<< First-G >>>
    35      5x7     6    +1     1     5   0.00000     0.00000  bridge  slope=+69.60714
    35      5x7     7    +2     2     5  139.21429     0.00000  <<< Second-G >>>
  => corridor_skew=+0.00000  bridge_slope=+69.607143  (0.3s)

    55     5x11     3    -2     0     3     None     0.00000  no G or no C
    55     5x11     4    -1     0     4     None     0.00000  no G or no C
    55     5x11     5    +0     1     4   0.00000     0.00000  <<< First-G >>>
    55     5x11     6    +1     1     5   0.00000     0.00000  bridge  slope=+16.43442
    55     5x11     7    +2     1     6   0.00000     0.00000  bridge  slope=+16.43442
    55     5x11     8    +3     1     7   0.00000     0.00000  bridge  slope=+16.43442
    55     5x11     9    +4     1     8   0.00000     0.00000  bridge  slope=+16.43442
    55     5x11    10    +5     2     8  97.40000     0.00000  bridge  slope=+16.43442
    55     5x11    11    +6     3     8  88.45455     0.00000  <<< Second-G >>>
  => corridor_skew=+0.00000  bridge_slope=+16.434416  (0.6s)

    77     7x11     5    -2     0     5     None     0.00000  no G or no C
    77     7x11     6    -1     0     6     None     0.00000  no G or no C
    77     7x11     7    +0     1     6   0.00000     0.00000  <<< First-G >>>
    77     7x11     8    +1     1     7   0.00000     0.00000  bridge  slope=+0.00000
    77     7x11     9    +2     1     8   0.00000     0.00000  bridge  slope=+0.00000
    77     7x11    10    +3     1     9   0.00000     0.00000  bridge  slope=+0.00000
    77     7x11    11    +4     2     9   0.00000     0.00000  <<< Second-G >>>
  => corridor_skew=+0.00000  bridge_slope=+0.000000  (0.4s)

    91     7x13     5    -2     0     5     None     0.00000  no G or no C
    91     7x13     6    -1     0     6     None     0.00000  no G or no C
    91     7x13     7    +0     1     6   0.00000     0.00000  <<< First-G >>>
    91     7x13     8    +1     1     7   0.00000     0.00000  bridge  slope=+7.71016
    91     7x13     9    +2     1     8   0.00000     0.00000  bridge  slope=+7.71016
    91     7x13    10    +3     1     9   0.00000     0.00000  bridge  slope=+7.71016
    91     7x13    11    +4     1    10   0.00000     0.00000  bridge  slope=+7.71016
    91     7x13    12    +5     1    11   0.00000     0.00000  bridge  slope=+7.71016
    91     7x13    13    +6     2    11  71.96154     0.00000  <<< Second-G >>>
  => corridor_skew=+0.00000  bridge_slope=+7.710165  (0.6s)

   143    11x13     9    -2     0     9     None     0.00000  no G or no C
   143    11x13    10    -1     0    10     None     0.00000  no G or no C
   143    11x13    11    +0     1    10   0.00000     0.00000  <<< First-G >>>
   143    11x13    12    +1     1    11   0.00000     0.00000  bridge  slope=+0.00000
   143    11x13    13    +2     2    11   0.00000     0.00000  <<< Second-G >>>
  => corridor_skew=+0.00000  bridge_slope=+0.000000  (0.2s)

   187    11x17     9    -2     0     9     None     0.00000  no G or no C
   187    11x17    10    -1     0    10     None     0.00000  no G or no C
   187    11x17    11    +0     1    10   0.00000     0.00000  <<< First-G >>>
   187    11x17    12    +1     1    11   0.00000     0.00000  bridge  slope=+0.00000
   187    11x17    13    +2     1    12   0.00000     0.00000  bridge  slope=+0.00000
   187    11x17    14    +3     1    13   0.00000     0.00000  bridge  slope=+0.00000
   187    11x17    15    +4     1    14   0.00000     0.00000  bridge  slope=+0.00000
   187    11x17    16    +5     1    15   0.00000     0.00000  bridge  slope=+0.00000
   187    11x17    17    +6     2    15   0.00000     0.00000  <<< Second-G >>>
  => corridor_skew=+0.00000  bridge_slope=+0.000000  (0.6s)

   221    13x17    11    -2     0    11     None     0.00000  no G or no C
   221    13x17    12    -1     0    12     None     0.00000  no G or no C
   221    13x17    13    +0     1    12   0.00000     0.00000  <<< First-G >>>
   221    13x17    14    +1     1    13   0.00000     0.00000  bridge  slope=+0.00000
   221    13x17    15    +2     1    14   0.00000     0.00000  bridge  slope=+0.00000
   221    13x17    16    +3     1    15   0.00000     0.00000  bridge  slope=+0.00000
   221    13x17    17    +4     2    15   0.00000     0.00000  <<< Second-G >>>
  => corridor_skew=+0.00000  bridge_slope=+0.000000  (0.4s)

   323    17x19    15    -2     0    15     None     0.00000  no G or no C
   323    17x19    16    -1     0    16     None     0.00000  no G or no C
   323    17x19    17    +0     1    16   0.00000     0.00000  <<< First-G >>>
   323    17x19    18    +1     1    17   0.00000     0.00000  bridge  slope=+0.00000
   323    17x19    19    +2     2    17   0.00000     0.00000  <<< Second-G >>>
  => corridor_skew=+0.00000  bridge_slope=+0.000000  (0.3s)

   667    23x29    21    -2     0    21     None     0.00000  no G or no C
   667    23x29    22    -1     0    22     None     0.00000  no G or no C
   667    23x29    23    +0     1    22   0.00000     0.00000  <<< First-G >>>
   667    23x29    24    +1     1    23   0.00000     0.00000  bridge  slope=+0.00000
   667    23x29    25    +2     1    24   0.00000     0.00000  bridge  slope=+0.00000
   667    23x29    26    +3     1    25   0.00000     0.00000  bridge  slope=+0.00000
   667    23x29    27    +4     1    26   0.00000     0.00000  bridge  slope=+0.00000
   667    23x29    28    +5     1    27   0.00000     0.00000  bridge  slope=+0.00000
   667    23x29    29    +6     2    27   0.00000     0.00000  <<< Second-G >>>
  => corridor_skew=+0.00000  bridge_slope=+0.000000  (0.6s)

  1073    29x37    27    -2     0    27     None     0.00000  no G or no C
  1073    29x37    28    -1     0    28     None     0.00000  no G or no C
  1073    29x37    29    +0     1    28   0.00000     0.00000  <<< First-G >>>
  1073    29x37    30    +1     1    29   0.00000     0.00000  bridge  slope=+0.00000
  1073    29x37    31    +2     1    30   0.00000     0.00000  bridge  slope=+0.00000
  1073    29x37    32    +3     1    31   0.00000     0.00000  bridge  slope=+0.00000
  1073    29x37    33    +4     1    32   0.00000     0.00000  bridge  slope=+0.00000
  1073    29x37    34    +5     1    33   0.00000     0.00000  bridge  slope=+0.00000
  1073    29x37    35    +6     1    34   0.00000     0.00000  bridge  slope=+0.00000
  1073    29x37    36    +7     1    35   0.00000     0.00000  bridge  slope=+0.00000
  1073    29x37    37    +8     2    35   0.00000     0.00000  <<< Second-G >>>
  => corridor_skew=+0.00000  bridge_slope=+0.000000  (0.8s)


================================================================================
KEY QUESTION ANALYSIS: Does RPS slope encode q-p or q/p?
--------------------------------------------------------------------------------
  Pearson r(bridge_slope, q-p)   = -0.4861
  Pearson r(bridge_slope, q/p)   = +0.3247
  Pearson r(corridor_skew, q-p)  = -0.3568
  Pearson r(corridor_skew, q/p)  = +0.0854

  RESULT: bridge_slope correlates more strongly with (q-p) than q/p
  RESULT: corridor_skew correlates more strongly with (q-p)

  Per-world summary (sorted by q/p):
       b    label     q/p   q-p        skew       slope
     323    17x19   1.118     2     0.00000    0.000000
     143    11x13   1.182     2     0.00000    0.000000
     667    23x29   1.261     6     0.00000    0.000000
    1073    29x37   1.276     8     0.00000    0.000000
     221    13x17   1.308     4     0.00000    0.000000
      35      5x7   1.400     2     0.00000   69.607143
     187    11x17   1.545     6     0.00000    0.000000
      77     7x11   1.571     4     0.00000    0.000000
      15      3x5   1.667     2   246.25000   99.600000
      91     7x13   1.857     6     0.00000    7.710165
      55     5x11   2.200     6     0.00000   16.434416
      21      3x7   2.333     4     0.00000   45.085714

  Data saved: results\residue_persistence\rps_data.json
  Plot 1 saved: results\residue_persistence\plot1_rps_vs_dk.png
  Plot 2 saved: results\residue_persistence\plot2_skew_vs_prime_gap.png

Total elapsed: 7.0s
Output directory: C:\Users\brayd\OneDrive\Desktop\CK FINAL DEPLOYED\Gen10\papers\results\residue_persistence
Done.
