Pre-Echo Survey: Geometric Friction Before Prime Obstruction
======================================================================

b=15 (3x5)  p=3 q=5  q/p=1.67
  Pre-echo zone k=1..2  First-G at k=3  Bridge k=3..4  Second-G at k=5
     k    defect    shadow      R(k)
     1    0.0000         1    1.0000
     2    0.2500         1    0.2500
  Corridor k=1..8:
     k   |G|    defect    shadow      R(k)     score      diff
     1     0    0.0000         1    1.0000       N/A       N/A
     2     0    0.2500         1    0.2500       N/A       N/A
     3     1    0.4444         0    0.0000    0.5000    0.5000
     4     1    0.4375         0    0.0625    0.5000    0.5000
     5     2    0.4800         0    0.0400    0.5000    0.5000
     6     3    0.4444         0    0.0000    0.5000    0.5000
     7     3    0.4490         0    0.0204    0.5000    0.5000
     8     3    0.4062         0    0.0156    0.5000    0.5000
  Skew: diff(p)=0.5000  +1=+0.0000  +2=+0.0000  approach_slope=0.2500
  Bridge slope=0.0000/step  jump_at_q=+0.0000

b=21 (3x7)  p=3 q=7  q/p=2.33
  Pre-echo zone k=1..2  First-G at k=3  Bridge k=3..6  Second-G at k=7
     k    defect    shadow      R(k)
     1    0.0000         1    1.0000
     2    0.2500         1    0.2500
  Corridor k=1..10:
     k   |G|    defect    shadow      R(k)     score      diff
     1     0    0.0000         1    1.0000       N/A       N/A
     2     0    0.2500         1    0.2500       N/A       N/A
     3     1    0.4444         0    0.0000    0.5000    0.5000
     4     1    0.5000         0    0.0625    0.5000    0.5000
     5     1    0.5600         0    0.0400    0.5000    0.5000
     6     2    0.5278         0    0.0000    0.5000    0.5000
     7     3    0.5510         0    0.0204    0.5000    0.5000
     8     3    0.5156         0    0.0156    0.5000    0.5000
     9     4    0.4815         0    0.0000    0.5000    0.5000
    10     4    0.4600         0    0.0100    0.5000    0.5000
  Skew: diff(p)=0.5000  +1=+0.0000  +2=+0.0000  approach_slope=0.2500
  Bridge slope=0.0000/step  jump_at_q=+0.0000

b=35 (5x7)  p=5 q=7  q/p=1.40
  Pre-echo zone k=1..4  First-G at k=5  Bridge k=5..6  Second-G at k=7
     k    defect    shadow      R(k)
     1    0.0000         1    1.0000
     2    0.2500         1    0.6545
     3    0.4444         1    0.2909
     4    0.5000         1    0.0625
  Corridor k=3..10:
     k   |G|    defect    shadow      R(k)     score      diff
     3     0    0.4444         1    0.2909       N/A       N/A
     4     0    0.5000         1    0.0625       N/A       N/A
     5     1    0.6000         0    0.0000    0.5000    0.5000
     6     1    0.5833         0    0.0278    0.5000    0.5000
     7     2    0.6122         0    0.0534    0.5000    0.5000
     8     2    0.6094         0    0.0409    0.5000    0.5000
     9     2    0.6049         0    0.0123    0.5000    0.5000
    10     3    0.5800         0    0.0000    0.5000    0.5000
  Skew: diff(p)=0.5000  +1=+0.0000  +2=+0.0000  approach_slope=0.1667
  Bridge slope=0.0000/step  jump_at_q=+0.0000

b=55 (5x11)  p=5 q=11  q/p=2.20
  Pre-echo zone k=1..4  First-G at k=5  Bridge k=5..10  Second-G at k=11
     k    defect    shadow      R(k)
     1    0.0000         1    1.0000
     2    0.2500         1    0.6545
     3    0.4444         1    0.2909
     4    0.5000         1    0.0625
  Corridor k=3..14:
     k   |G|    defect    shadow      R(k)     score      diff
     3     0    0.4444         1    0.2909       N/A       N/A
     4     0    0.5000         1    0.0625       N/A       N/A
     5     1    0.6000         0    0.0000    0.5000    0.5000
     6     1    0.6111         0    0.0278    0.5000    0.5000
     7     1    0.6735         0    0.0534    0.5000    0.5000
     8     1    0.6562         0    0.0409    0.5000    0.5000
     9     1    0.6543         0    0.0123    0.5000    0.5000
    10     2    0.6600         0    0.0000    0.5000    0.5000
    11     3    0.6777         0    0.0083    0.5000    0.5000
    12     3    0.6597         0    0.0182    0.5000    0.5000
    13     3    0.6686         0    0.0155    0.5000    0.5000
    14     3    0.6633         0    0.0051    0.5000    0.5000
  Skew: diff(p)=0.5000  +1=+0.0000  +2=+0.0000  approach_slope=0.1667
  Bridge slope=0.0000/step  jump_at_q=+0.0000

b=77 (7x11)  p=7 q=11  q/p=1.57
  Pre-echo zone k=1..6  First-G at k=7  Bridge k=7..10  Second-G at k=11
     k    defect    shadow      R(k)
     1    0.0000         1    1.0000
     2    0.2500         1    0.8117
     3    0.4444         1    0.5610
     4    0.5000         1    0.3156
     5    0.6000         1    0.1299
     6    0.6111         1    0.0278
  Corridor k=5..14:
     k   |G|    defect    shadow      R(k)     score      diff
     5     0    0.6000         1    0.1299       N/A       N/A
     6     0    0.6111         1    0.0278       N/A       N/A
     7     1    0.6735         0    0.0000    0.5000    0.5000
     8     1    0.6875         0    0.0156    0.5000    0.5000
     9     1    0.7037         0    0.0401    0.5000    0.5000
    10     1    0.7000         0    0.0505    0.5000    0.5000
    11     2    0.7190         0    0.0417    0.5000    0.5000
    12     2    0.7083         0    0.0225    0.5000    0.5000
    13     2    0.7041         0    0.0059    0.5000    0.5000
    14     3    0.6939         0    0.0000    0.5000    0.5000
  Skew: diff(p)=0.5000  +1=+0.0000  +2=+0.0000  approach_slope=0.1222
  Bridge slope=0.0000/step  jump_at_q=+0.0000

b=91 (7x13)  p=7 q=13  q/p=1.86
  Pre-echo zone k=1..6  First-G at k=7  Bridge k=7..12  Second-G at k=13
     k    defect    shadow      R(k)
     1    0.0000         1    1.0000
     2    0.2500         1    0.8117
     3    0.4444         1    0.5610
     4    0.5000         1    0.3156
     5    0.6000         1    0.1299
     6    0.6111         1    0.0278
  Corridor k=5..16:
     k   |G|    defect    shadow      R(k)     score      diff
     5     0    0.6000         1    0.1299       N/A       N/A
     6     0    0.6111         1    0.0278       N/A       N/A
     7     1    0.6735         0    0.0000    0.5000    0.5000
     8     1    0.6875         0    0.0156    0.5000    0.5000
     9     1    0.7160         0    0.0401    0.5000    0.5000
    10     1    0.7200         0    0.0505    0.5000    0.5000
    11     1    0.7355         0    0.0417    0.5000    0.5000
    12     1    0.7222         0    0.0225    0.5000    0.5000
    13     2    0.7396         0    0.0059    0.5000    0.5000
    14     3    0.7398         0    0.0000    0.5000    0.5000
    15     3    0.7378         0    0.0044    0.5000    0.5000
    16     3    0.7344         0    0.0127    0.5000    0.5000
  Skew: diff(p)=0.5000  +1=+0.0000  +2=+0.0000  approach_slope=0.1222
  Bridge slope=0.0000/step  jump_at_q=+0.0000

b=143 (11x13)  p=11 q=13  q/p=1.18
  Pre-echo zone k=1..10  First-G at k=11  Bridge k=11..12  Second-G at k=13
     k    defect    shadow      R(k)
     1    0.0000         1    1.0000
     2    0.2500         1    0.9206
     3    0.4444         1    0.7995
     4    0.5000         1    0.6515
     5    0.6000         1    0.4937
     6    0.6111         1    0.3429
     7    0.6735         1    0.2127
     8    0.6875         1    0.1124
     9    0.7160         1    0.0455
    10    0.7300         1    0.0100
  Corridor k=9..16:
     k   |G|    defect    shadow      R(k)     score      diff
     9     0    0.7160         1    0.0455       N/A       N/A
    10     0    0.7300         1    0.0100       N/A       N/A
    11     1    0.7603         0    0.0000    0.5000    0.5000
    12     1    0.7500         0    0.0069    0.5000    0.5000
    13     2    0.7633         0    0.0218    0.5000    0.5000
    14     2    0.7653         0    0.0367    0.5000    0.5000
    15     2    0.7689         0    0.0463    0.5000    0.5000
    16     2    0.7695         0    0.0482    0.5000    0.5000
  Skew: diff(p)=0.5000  +1=+0.0000  +2=+0.0000  approach_slope=0.0811
  Bridge slope=0.0000/step  jump_at_q=+0.0000

b=187 (11x17)  p=11 q=17  q/p=1.55
  Pre-echo zone k=1..10  First-G at k=11  Bridge k=11..16  Second-G at k=17
     k    defect    shadow      R(k)
     1    0.0000         1    1.0000
     2    0.2500         1    0.9206
     3    0.4444         1    0.7995
     4    0.5000         1    0.6515
     5    0.6000         1    0.4937
     6    0.6111         1    0.3429
     7    0.6735         1    0.2127
     8    0.6875         1    0.1124
     9    0.7160         1    0.0455
    10    0.7300         1    0.0100
  Corridor k=9..20:
     k   |G|    defect    shadow      R(k)     score      diff
     9     0    0.7160         1    0.0455       N/A       N/A
    10     0    0.7300         1    0.0100       N/A       N/A
    11     1    0.7603         0    0.0000    0.5000    0.5000
    12     1    0.7569         0    0.0069    0.5000    0.5000
    13     1    0.7811         0    0.0218    0.5000    0.5000
    14     1    0.7857         0    0.0367    0.5000    0.5000
    15     1    0.7867         0    0.0463    0.5000    0.5000
    16     1    0.7852         0    0.0482    0.5000    0.5000
    17     2    0.7958         0    0.0427    0.5000    0.5000
    18     2    0.7932         0    0.0322    0.5000    0.5000
    19     2    0.8033         0    0.0199    0.5000    0.5000
    20     2    0.7975         0    0.0092    0.5000    0.5000
  Skew: diff(p)=0.5000  +1=+0.0000  +2=+0.0000  approach_slope=0.0811
  Bridge slope=0.0000/step  jump_at_q=+0.0000

b=221 (13x17)  p=13 q=17  q/p=1.31
  Pre-echo zone k=1..12  First-G at k=13  Bridge k=13..16  Second-G at k=17
     k    defect    shadow      R(k)
     1    0.0000         1    1.0000
     2    0.2500         1    0.9427
     3    0.4444         1    0.8531
     4    0.5000         1    0.7391
     5    0.6000         1    0.6106
     6    0.6111         1    0.4780
     7    0.6735         1    0.3512
     8    0.6875         1    0.2385
     9    0.7160         1    0.1460
    10    0.7300         1    0.0768
    11    0.7603         1    0.0312
    12    0.7569         1    0.0069
  Corridor k=11..20:
     k   |G|    defect    shadow      R(k)     score      diff
    11     0    0.7603         1    0.0312       N/A       N/A
    12     0    0.7569         1    0.0069       N/A       N/A
    13     1    0.7811         0    0.0000    0.5000    0.5000
    14     1    0.7908         0    0.0051    0.5000    0.5000
    15     1    0.7956         0    0.0168    0.5000    0.5000
    16     1    0.7930         0    0.0300    0.5000    0.5000
    17     2    0.8028         0    0.0409    0.5000    0.5000
    18     2    0.7994         0    0.0471    0.5000    0.5000
    19     2    0.8033         0    0.0477    0.5000    0.5000
    20     2    0.8025         0    0.0430    0.5000    0.5000
  Skew: diff(p)=0.5000  +1=+0.0000  +2=+0.0000  approach_slope=0.0688
  Bridge slope=0.0000/step  jump_at_q=+0.0000

b=323 (17x19)  p=17 q=19  q/p=1.12
  Pre-echo zone k=1..16  First-G at k=17  Bridge k=17..18  Second-G at k=19
     k    defect    shadow      R(k)
     1    0.0000         1    1.0000
     2    0.2500         1    0.9662
     3    0.4444         1    0.9120
     4    0.5000         1    0.8401
     5    0.6000         1    0.7545
     6    0.6111         1    0.6592
     7    0.6735         1    0.5592
     8    0.6875         1    0.4588
     9    0.7160         1    0.3625
    10    0.7300         1    0.2740
    11    0.7603         1    0.1961
    12    0.7569         1    0.1310
    13    0.7811         1    0.0795
    14    0.7908         1    0.0419
    15    0.8000         1    0.0172
    16    0.8047         1    0.0039
  Corridor k=15..22:
     k   |G|    defect    shadow      R(k)     score      diff
    15     0    0.8000         1    0.0172       N/A       N/A
    16     0    0.8047         1    0.0039       N/A       N/A
    17     1    0.8201         0    0.0000    0.5000    0.5000
    18     1    0.8179         0    0.0031    0.5000    0.5000
    19     2    0.8255         0    0.0107    0.5000    0.5000
    20     2    0.8225         0    0.0205    0.5000    0.5000
    21     2    0.8254         0    0.0305    0.5000    0.5000
    22     2    0.8285         0    0.0390    0.5000    0.5000
  Skew: diff(p)=0.5000  +1=+0.0000  +2=+0.0000  approach_slope=0.0536
  Bridge slope=0.0000/step  jump_at_q=+0.0000

Saved: results\pre_echo/pre_echo_atlas.json

=== SUMMARY ===
     b     label    p    q  max_defect  min_shadow    diff@p   rise+1  bridge_slp
    15       3x5    3    5      0.2500           1    0.5000   0.0000      0.0000
    21       3x7    3    7      0.2500           1    0.5000   0.0000      0.0000
    35       5x7    5    7      0.5000           1    0.5000   0.0000      0.0000
    55      5x11    5   11      0.5000           1    0.5000   0.0000      0.0000
    77      7x11    7   11      0.6111           1    0.5000   0.0000      0.0000
    91      7x13    7   13      0.6111           1    0.5000   0.0000      0.0000
   143     11x13   11   13      0.7300           1    0.5000   0.0000      0.0000
   187     11x17   11   17      0.7300           1    0.5000   0.0000      0.0000
   221     13x17   13   17      0.7603           1    0.5000   0.0000      0.0000
   323     17x19   17   19      0.8047           1    0.5000   0.0000      0.0000
Saved: results\pre_echo/pre_echo_atlas.png
